-------------------------------------------------------------------------------
Test set: com.geekbrains.TestApp
-------------------------------------------------------------------------------
Tests run: 2, Failures: 1, Errors: 0, Skipped: 0, Time elapsed: 0.004 s <<< FAILURE! - in com.geekbrains.TestApp
shouldAnswerWithTrue1(com.geekbrains.TestApp)  Time elapsed: 0 s  <<< FAILURE!
java.lang.AssertionError
	at com.geekbrains.TestApp.shouldAnswerWithTrue1(TestApp.java:25)

