-------------------------------------------------------------------------------
Test set: com.geekbrains.TestApp2
-------------------------------------------------------------------------------
Tests run: 2, Failures: 1, Errors: 0, Skipped: 0, Time elapsed: 0.001 s <<< FAILURE! - in com.geekbrains.TestApp2
shouldAnswerWithTrue1(com.geekbrains.TestApp2)  Time elapsed: 0 s  <<< FAILURE!
java.lang.AssertionError
	at com.geekbrains.TestApp2.shouldAnswerWithTrue1(TestApp2.java:26)

