<?xml version="1.0" encoding="UTF-8"?>
<testsuite xmlns:xsi="http://www.w3.org/2001/XMLSchema-instance" xsi:noNamespaceSchemaLocation="https://maven.apache.org/surefire/maven-surefire-plugin/xsd/surefire-test-report-3.0.xsd" version="3.0" name="com.geekbrains.lesson5.DragAndDropTest" time="23.295" tests="1" errors="0" skipped="0" failures="0">
  <properties>
[...]
</properties>
  <testcase name="dragAndDropTest" classname="com.geekbrains.lesson5.DragAndDropTest" time="17.011">
    <system-out><![CDATA[10:04:45.392 [main] DEBUG o.a.h.c.h.i.c.InternalHttpClient - ex-00000001: preparing request execution
10:04:45.406 [main] DEBUG o.a.h.c.h.protocol.RequestAddCookies - Cookie spec selected: strict
10:04:45.415 [main] DEBUG o.a.h.c.h.protocol.RequestAuthCache - Auth cache not set in the context
10:04:45.415 [main] DEBUG o.a.h.c.h.impl.classic.ProtocolExec - ex-00000001: target auth state: UNCHALLENGED
10:04:45.417 [main] DEBUG o.a.h.c.h.impl.classic.ProtocolExec - ex-00000001: proxy auth state: UNCHALLENGED
10:04:45.417 [main] DEBUG o.a.h.c.h.impl.classic.ConnectExec - ex-00000001: acquiring connection with route {s}->https://raw.githubusercontent.com:443
10:04:45.417 [main] DEBUG o.a.h.c.h.i.c.InternalHttpClient - ex-00000001: acquiring endpoint (3 MINUTES)
10:04:45.420 [main] DEBUG o.a.h.c.h.i.i.PoolingHttpClientConnectionManager - ex-00000001: endpoint lease request (3 MINUTES) [route: {s}->https://raw.githubusercontent.com:443][total available: 0; route allocated: 0 of 5; total allocated: 0 of 25]
10:04:45.428 [main] DEBUG o.a.h.c.h.i.i.PoolingHttpClientConnectionManager - ex-00000001: endpoint leased [route: {s}->https://raw.githubusercontent.com:443][total available: 0; route allocated: 1 of 5; total allocated: 1 of 25]
10:04:45.451 [main] DEBUG o.a.h.c.h.i.i.PoolingHttpClientConnectionManager - ex-00000001: acquired ep-00000000
10:04:45.451 [main] DEBUG o.a.h.c.h.i.c.InternalHttpClient - ex-00000001: acquired endpoint ep-00000000
10:04:45.452 [main] DEBUG o.a.h.c.h.impl.classic.ConnectExec - ex-00000001: opening connection {s}->https://raw.githubusercontent.com:443
10:04:45.453 [main] DEBUG o.a.h.c.h.i.c.InternalHttpClient - ep-00000000: connecting endpoint (30 SECONDS)
10:04:45.453 [main] DEBUG o.a.h.c.h.i.i.PoolingHttpClientConnectionManager - ep-00000000: connecting endpoint to https://raw.githubusercontent.com:443 (30 SECONDS)
10:04:45.462 [main] DEBUG o.a.h.c.h.i.i.DefaultHttpClientConnectionOperator - http-outgoing-0: connecting to raw.githubusercontent.com/185.199.111.133:443
10:04:45.462 [main] DEBUG o.a.h.c.h.s.SSLConnectionSocketFactory - Connecting socket to raw.githubusercontent.com/185.199.111.133:443 with timeout 30 SECONDS
10:04:45.527 [main] DEBUG o.a.h.c.h.s.SSLConnectionSocketFactory - Enabled protocols: [TLSv1.2]
10:04:45.527 [main] DEBUG o.a.h.c.h.s.SSLConnectionSocketFactory - Enabled cipher suites: [TLS_ECDHE_ECDSA_WITH_AES_256_GCM_SHA384, TLS_ECDHE_ECDSA_WITH_AES_128_GCM_SHA256, TLS_ECDHE_RSA_WITH_AES_256_GCM_SHA384, TLS_RSA_WITH_AES_256_GCM_SHA384, TLS_ECDH_ECDSA_WITH_AES_256_GCM_SHA384, TLS_ECDH_RSA_WITH_AES_256_GCM_SHA384, TLS_DHE_RSA_WITH_AES_256_GCM_SHA384, TLS_DHE_DSS_WITH_AES_256_GCM_SHA384, TLS_ECDHE_RSA_WITH_AES_128_GCM_SHA256, TLS_RSA_WITH_AES_128_GCM_SHA256, TLS_ECDH_ECDSA_WITH_AES_128_GCM_SHA256, TLS_ECDH_RSA_WITH_AES_128_GCM_SHA256, TLS_DHE_RSA_WITH_AES_128_GCM_SHA256, TLS_DHE_DSS_WITH_AES_128_GCM_SHA256, TLS_ECDHE_ECDSA_WITH_AES_256_CBC_SHA384, TLS_ECDHE_RSA_WITH_AES_256_CBC_SHA384, TLS_RSA_WITH_AES_256_CBC_SHA256, TLS_ECDH_ECDSA_WITH_AES_256_CBC_SHA384, TLS_ECDH_RSA_WITH_AES_256_CBC_SHA384, TLS_DHE_RSA_WITH_AES_256_CBC_SHA256, TLS_DHE_DSS_WITH_AES_256_CBC_SHA256, TLS_ECDHE_ECDSA_WITH_AES_256_CBC_SHA, TLS_ECDHE_RSA_WITH_AES_256_CBC_SHA, TLS_RSA_WITH_AES_256_CBC_SHA, TLS_ECDH_ECDSA_WITH_AES_256_CBC_SHA, TLS_ECDH_RSA_WITH_AES_256_CBC_SHA, TLS_DHE_RSA_WITH_AES_256_CBC_SHA, TLS_DHE_DSS_WITH_AES_256_CBC_SHA, TLS_ECDHE_ECDSA_WITH_AES_128_CBC_SHA256, TLS_ECDHE_RSA_WITH_AES_128_CBC_SHA256, TLS_RSA_WITH_AES_128_CBC_SHA256, TLS_ECDH_ECDSA_WITH_AES_128_CBC_SHA256, TLS_ECDH_RSA_WITH_AES_128_CBC_SHA256, TLS_DHE_RSA_WITH_AES_128_CBC_SHA256, TLS_DHE_DSS_WITH_AES_128_CBC_SHA256, TLS_ECDHE_ECDSA_WITH_AES_128_CBC_SHA, TLS_ECDHE_RSA_WITH_AES_128_CBC_SHA, TLS_RSA_WITH_AES_128_CBC_SHA, TLS_ECDH_ECDSA_WITH_AES_128_CBC_SHA, TLS_ECDH_RSA_WITH_AES_128_CBC_SHA, TLS_DHE_RSA_WITH_AES_128_CBC_SHA, TLS_DHE_DSS_WITH_AES_128_CBC_SHA, TLS_EMPTY_RENEGOTIATION_INFO_SCSV]
10:04:45.528 [main] DEBUG o.a.h.c.h.s.SSLConnectionSocketFactory - Starting handshake
10:04:45.721 [main] DEBUG o.a.h.c.h.s.SSLConnectionSocketFactory - Secure session established
10:04:45.722 [main] DEBUG o.a.h.c.h.s.SSLConnectionSocketFactory -  negotiated protocol: TLSv1.2
10:04:45.722 [main] DEBUG o.a.h.c.h.s.SSLConnectionSocketFactory -  negotiated cipher suite: TLS_ECDHE_RSA_WITH_AES_128_GCM_SHA256
10:04:45.722 [main] DEBUG o.a.h.c.h.s.SSLConnectionSocketFactory -  peer principal: CN=www.github.com, O="GitHub, Inc.", L=San Francisco, ST=California, C=US
10:04:45.722 [main] DEBUG o.a.h.c.h.s.SSLConnectionSocketFactory -  peer alternative names: [www.github.com, *.github.com, github.com, *.github.io, github.io, *.githubusercontent.com, githubusercontent.com]
10:04:45.722 [main] DEBUG o.a.h.c.h.s.SSLConnectionSocketFactory -  issuer principal: CN=DigiCert SHA2 High Assurance Server CA, OU=www.digicert.com, O=DigiCert Inc, C=US
10:04:45.723 [main] DEBUG o.a.h.c.h.i.i.DefaultHttpClientConnectionOperator - http-outgoing-0: connection established 192.168.0.208:64974<->185.199.111.133:443
10:04:45.724 [main] DEBUG o.a.h.c.h.i.i.PoolingHttpClientConnectionManager - ep-00000000: connected http-outgoing-0
10:04:45.724 [main] DEBUG o.a.h.c.h.i.c.InternalHttpClient - ep-00000000: endpoint connected
10:04:45.725 [main] DEBUG o.a.h.c.h.i.classic.MainClientExec - ex-00000001: executing GET /bonigarcia/webdrivermanager/master/src/main/resources/commands.properties HTTP/1.1
10:04:45.726 [main] DEBUG o.a.h.c.h.i.c.InternalHttpClient - ep-00000000: start execution ex-00000001
10:04:45.726 [main] DEBUG o.a.h.c.h.i.i.PoolingHttpClientConnectionManager - ep-00000000: executing exchange ex-00000001 over http-outgoing-0
10:04:45.726 [main] DEBUG org.apache.hc.client5.http.headers - http-outgoing-0 >> GET /bonigarcia/webdrivermanager/master/src/main/resources/commands.properties HTTP/1.1
10:04:45.726 [main] DEBUG org.apache.hc.client5.http.headers - http-outgoing-0 >> user-agent: Apache-HttpClient/5.0
10:04:45.726 [main] DEBUG org.apache.hc.client5.http.headers - http-outgoing-0 >> accept-encoding: gzip, deflate, br
10:04:45.727 [main] DEBUG org.apache.hc.client5.http.headers - http-outgoing-0 >> cache-control: max-age=0
10:04:45.727 [main] DEBUG org.apache.hc.client5.http.headers - http-outgoing-0 >> connection: keep-alive
10:04:45.727 [main] DEBUG org.apache.hc.client5.http.headers - http-outgoing-0 >> Host: raw.githubusercontent.com
10:04:45.727 [main] DEBUG org.apache.hc.client5.http.wire - http-outgoing-0 >> "GET /bonigarcia/webdrivermanager/master/src/main/resources/commands.properties HTTP/1.1[\r][\n]"
10:04:45.727 [main] DEBUG org.apache.hc.client5.http.wire - http-outgoing-0 >> "user-agent: Apache-HttpClient/5.0[\r][\n]"
10:04:45.727 [main] DEBUG org.apache.hc.client5.http.wire - http-outgoing-0 >> "accept-encoding: gzip, deflate, br[\r][\n]"
10:04:45.727 [main] DEBUG org.apache.hc.client5.http.wire - http-outgoing-0 >> "cache-control: max-age=0[\r][\n]"
10:04:45.727 [main] DEBUG org.apache.hc.client5.http.wire - http-outgoing-0 >> "connection: keep-alive[\r][\n]"
10:04:45.727 [main] DEBUG org.apache.hc.client5.http.wire - http-outgoing-0 >> "Host: raw.githubusercontent.com[\r][\n]"
10:04:45.727 [main] DEBUG org.apache.hc.client5.http.wire - http-outgoing-0 >> "[\r][\n]"
10:04:45.768 [main] DEBUG org.apache.hc.client5.http.wire - http-outgoing-0 << "HTTP/1.1 200 OK[\r][\n]"
10:04:45.768 [main] DEBUG org.apache.hc.client5.http.wire - http-outgoing-0 << "Connection: keep-alive[\r][\n]"
10:04:45.768 [main] DEBUG org.apache.hc.client5.http.wire - http-outgoing-0 << "Content-Length: 728[\r][\n]"
10:04:45.768 [main] DEBUG org.apache.hc.client5.http.wire - http-outgoing-0 << "Cache-Control: max-age=300[\r][\n]"
10:04:45.769 [main] DEBUG org.apache.hc.client5.http.wire - http-outgoing-0 << "Content-Security-Policy: default-src 'none'; style-src 'unsafe-inline'; sandbox[\r][\n]"
10:04:45.769 [main] DEBUG org.apache.hc.client5.http.wire - http-outgoing-0 << "Content-Type: text/plain; charset=utf-8[\r][\n]"
10:04:45.769 [main] DEBUG org.apache.hc.client5.http.wire - http-outgoing-0 << "ETag: W/"f670816d6bfbef80584dadbb549bb9c4ccd5de869d5b63cc2a694a74613014b5"[\r][\n]"
10:04:45.769 [main] DEBUG org.apache.hc.client5.http.wire - http-outgoing-0 << "Strict-Transport-Security: max-age=31536000[\r][\n]"
10:04:45.769 [main] DEBUG org.apache.hc.client5.http.wire - http-outgoing-0 << "X-Content-Type-Options: nosniff[\r][\n]"
10:04:45.769 [main] DEBUG org.apache.hc.client5.http.wire - http-outgoing-0 << "X-Frame-Options: deny[\r][\n]"
10:04:45.769 [main] DEBUG org.apache.hc.client5.http.wire - http-outgoing-0 << "X-XSS-Protection: 1; mode=block[\r][\n]"
10:04:45.769 [main] DEBUG org.apache.hc.client5.http.wire - http-outgoing-0 << "X-GitHub-Request-Id: E9E2:85DB:1A81AE8:1B8EB56:61F35FF3[\r][\n]"
10:04:45.769 [main] DEBUG org.apache.hc.client5.http.wire - http-outgoing-0 << "Content-Encoding: gzip[\r][\n]"
10:04:45.769 [main] DEBUG org.apache.hc.client5.http.wire - http-outgoing-0 << "Accept-Ranges: bytes[\r][\n]"
10:04:45.769 [main] DEBUG org.apache.hc.client5.http.wire - http-outgoing-0 << "Date: Tue, 08 Feb 2022 07:04:46 GMT[\r][\n]"
10:04:45.769 [main] DEBUG org.apache.hc.client5.http.wire - http-outgoing-0 << "Via: 1.1 varnish[\r][\n]"
10:04:45.769 [main] DEBUG org.apache.hc.client5.http.wire - http-outgoing-0 << "X-Served-By: cache-hhn4061-HHN[\r][\n]"
10:04:45.769 [main] DEBUG org.apache.hc.client5.http.wire - http-outgoing-0 << "X-Cache: HIT[\r][\n]"
10:04:45.769 [main] DEBUG org.apache.hc.client5.http.wire - http-outgoing-0 << "X-Cache-Hits: 1[\r][\n]"
10:04:45.769 [main] DEBUG org.apache.hc.client5.http.wire - http-outgoing-0 << "X-Timer: S1644303886.213359,VS0,VE1[\r][\n]"
10:04:45.769 [main] DEBUG org.apache.hc.client5.http.wire - http-outgoing-0 << "Vary: Authorization,Accept-Encoding,Origin[\r][\n]"
10:04:45.769 [main] DEBUG org.apache.hc.client5.http.wire - http-outgoing-0 << "Access-Control-Allow-Origin: *[\r][\n]"
10:04:45.769 [main] DEBUG org.apache.hc.client5.http.wire - http-outgoing-0 << "X-Fastly-Request-ID: 16cc7b4d55b36bcdf06bfe222534ce6f3afcdb26[\r][\n]"
10:04:45.769 [main] DEBUG org.apache.hc.client5.http.wire - http-outgoing-0 << "Expires: Tue, 08 Feb 2022 07:09:46 GMT[\r][\n]"
10:04:45.770 [main] DEBUG org.apache.hc.client5.http.wire - http-outgoing-0 << "Source-Age: 257[\r][\n]"
10:04:45.770 [main] DEBUG org.apache.hc.client5.http.wire - http-outgoing-0 << "[\r][\n]"
10:04:45.774 [main] DEBUG org.apache.hc.client5.http.headers - http-outgoing-0 << HTTP/1.1 200 OK
10:04:45.774 [main] DEBUG org.apache.hc.client5.http.headers - http-outgoing-0 << Connection: keep-alive
10:04:45.774 [main] DEBUG org.apache.hc.client5.http.headers - http-outgoing-0 << Content-Length: 728
10:04:45.774 [main] DEBUG org.apache.hc.client5.http.headers - http-outgoing-0 << Cache-Control: max-age=300
10:04:45.774 [main] DEBUG org.apache.hc.client5.http.headers - http-outgoing-0 << Content-Security-Policy: default-src 'none'; style-src 'unsafe-inline'; sandbox
10:04:45.774 [main] DEBUG org.apache.hc.client5.http.headers - http-outgoing-0 << Content-Type: text/plain; charset=utf-8
10:04:45.774 [main] DEBUG org.apache.hc.client5.http.headers - http-outgoing-0 << ETag: W/"f670816d6bfbef80584dadbb549bb9c4ccd5de869d5b63cc2a694a74613014b5"
10:04:45.774 [main] DEBUG org.apache.hc.client5.http.headers - http-outgoing-0 << Strict-Transport-Security: max-age=31536000
10:04:45.775 [main] DEBUG org.apache.hc.client5.http.headers - http-outgoing-0 << X-Content-Type-Options: nosniff
10:04:45.775 [main] DEBUG org.apache.hc.client5.http.headers - http-outgoing-0 << X-Frame-Options: deny
10:04:45.775 [main] DEBUG org.apache.hc.client5.http.headers - http-outgoing-0 << X-XSS-Protection: 1; mode=block
10:04:45.775 [main] DEBUG org.apache.hc.client5.http.headers - http-outgoing-0 << X-GitHub-Request-Id: E9E2:85DB:1A81AE8:1B8EB56:61F35FF3
10:04:45.775 [main] DEBUG org.apache.hc.client5.http.headers - http-outgoing-0 << Content-Encoding: gzip
10:04:45.775 [main] DEBUG org.apache.hc.client5.http.headers - http-outgoing-0 << Accept-Ranges: bytes
10:04:45.775 [main] DEBUG org.apache.hc.client5.http.headers - http-outgoing-0 << Date: Tue, 08 Feb 2022 07:04:46 GMT
10:04:45.775 [main] DEBUG org.apache.hc.client5.http.headers - http-outgoing-0 << Via: 1.1 varnish
10:04:45.775 [main] DEBUG org.apache.hc.client5.http.headers - http-outgoing-0 << X-Served-By: cache-hhn4061-HHN
10:04:45.775 [main] DEBUG org.apache.hc.client5.http.headers - http-outgoing-0 << X-Cache: HIT
10:04:45.775 [main] DEBUG org.apache.hc.client5.http.headers - http-outgoing-0 << X-Cache-Hits: 1
10:04:45.775 [main] DEBUG org.apache.hc.client5.http.headers - http-outgoing-0 << X-Timer: S1644303886.213359,VS0,VE1
10:04:45.775 [main] DEBUG org.apache.hc.client5.http.headers - http-outgoing-0 << Vary: Authorization,Accept-Encoding,Origin
10:04:45.775 [main] DEBUG org.apache.hc.client5.http.headers - http-outgoing-0 << Access-Control-Allow-Origin: *
10:04:45.775 [main] DEBUG org.apache.hc.client5.http.headers - http-outgoing-0 << X-Fastly-Request-ID: 16cc7b4d55b36bcdf06bfe222534ce6f3afcdb26
10:04:45.775 [main] DEBUG org.apache.hc.client5.http.headers - http-outgoing-0 << Expires: Tue, 08 Feb 2022 07:09:46 GMT
10:04:45.775 [main] DEBUG org.apache.hc.client5.http.headers - http-outgoing-0 << Source-Age: 257
10:04:45.785 [main] DEBUG o.a.h.c.h.i.classic.MainClientExec - ex-00000001: connection can be kept alive for 3 MINUTES
10:04:45.801 [main] DEBUG org.apache.hc.client5.http.wire - http-outgoing-0 << "[0x1f][0xffffff8b][0x8][0x0][0x0][0x0][0x0][0x0][0x0][0x3][0xffffffb5]V]o[0xffffffda]0[0x14]}[0xffffffe7]W\[0xffffff81]*[0xffffffb5][0x12][0x1f][[M[0xffffffd3]$[0x1e]hF[0xffffffbb]i [0x18][0xffffffb4][0xffffffdd]&[0xfffffff9][0xffffffc5]Mn[0xffffff82][0xffffffa5]$Fv([0xffffffed]~[0xfffffffd]l[0xffffffe7]c$u[0x6]k[0xffffffe8][l_[0xffffff9f]s|[0xffffffef]q|;[0xffffffe0][0xfffffff0]([0xffffffa2][0xffffffb1]'[0xffffffc1][0xffffffa3][0x9]}[0xffffffa0][0x12][[0x1d][0xffffffb8]]1[0x9]>[0xb][0x11]\[0x1e]'[0xffffff94][0xffffffc5][0x12][0xffffff92][0xffffff95][0x1e]d[0xffffffa1][0x9][0xffffff87][0x7][0x4]|Bw[0xffffff93][0xffffffa0][0x7],6[0xffffffcb]r[0xffffff85]a[0xffffffa8][0x7]\x(t[0xffffff90][0xffffff87][0x9][0xffffffba][0xffffff89]Y|D![0x19]Wk>[0xffffffa0][0xfffffffa][0xe][0x4]b[0xc][0xf][0xffffff82]o[0xffffffa5]ZP[0xffffff94][0xffffffa7][0xffffffce]J[0xfffffff0][0x8][0xffffffbb]p[0xffffffcd][0x4][0xfffffffa][0xfffffffc][0xffffffa9][0xb][0xffffffb3]5[\n]"
10:04:45.801 [main] DEBUG org.apache.hc.client5.http.wire - http-outgoing-0 << "[0xffffffda][0xffffff85][0xffffffb1][0x17][0xffffffa8]Y[0xffffffb3][0xffffffca]6[0xffffffd1][0xffffff99][0xffffffc6][0xfffffff7][0xffffff98][0xffffffef][0xffffffa3][0xffffffc0]8[0x1][0xffffffae]c[0x12][0x16][0x7] [0xffffff9f]e[0xffffff82][0xffffff91][0xffffff84][0xffffffd3][0x1f],[0xfffffff6][0x14]j[0x17]&,[0xffffffde]([0xffffff98])ua[0xffffffb6]<k)[0xffffff8e][0xffffff94][0xffffffa2][0xffffff95][0x1d][0xffffffa3][0xffffffef][0xffffff9a]a[0x7f][0xffffff9b]n[0xffffffe8][0xffffffbf]{?t#[0xffffffaf][0xffffffaf]N[0x5][0x3][0x7][0xffffffb6][0x11]sMJL[0x1a][0xffffffb6]+[0xffffffc5][0x7]1[0xffffff8d]p[0xffffffd8]>[0xffffff99]/f7[0xffffff8b][0xffffffd1][0xfffffff4][0xfffffffa][0xffffffeb]d[0xffffffbc]<[0xfffffffd][0xfffffff9][0xfffffff1][0xffffffc3][0xffffffd9]'2$[0xffffffe4][0xffffff84][0xffffff90][0x1b][0xffffffce][0xffffff83][0x10][0x9]Iy[0x8][0x19][0xffffffad][0xffffffd7]!s[0xffffff95]>[0x1e][0x13][0xffffff92][0xffffffb1])[0xfffffff8]6[0x4][0xffffff98][0xffffffc0]}[0xffffff96][0xffffff90][0xffffffc1]#[\r]7[0xfffffff5][0xffffffa2][0xffffffce][0xf][0x14]5[0xffffff99]9[0xffffffa3][0xffffffc9]h>[0xffffffff]<[0xffffffba][0x1d][0xffffffbd][0xffffffa5][0xffffff9e][0xffffff8b]W$[0xffffffe9]-[0xfffffff5]\[0xe][0x17][0xffffffe3][0x1b][0xfffffff8]~7^[0xfffffffc][0xffffff82]/[0xffffffdf][0xffffff9c];[0xffffffb2][0xffffffe4]~[0xffffffb2][0xffffffa5][0x2]s[0xffffffb6][0xffffff8c][0xffffffec]jr[0xffffff85][0xffffffd4]5x[0xffffffb9][0x17][U[0xffffffd0]P;F[0xfffffffb] 0[{[0xffffffe9]4[0xfffffff4]zu[0x1b]"[0xffffffea][0xffffffea][0xfffffff0][0xffffffc1][0xffffffce]A[0xffffffe4] [0xffffffe5][0xffffffcd][0xffffffcc][0xffffffd6][0xffffffa7][0xffffffeb][0xfffffff5][0xffffffc0]Q[0xffffff97]H[0xffffffb9]U[0xe][0xffffff94][0x17]g[0xffffffcb]r[0xffffffc0].[0xffffffba][0xffffffb2]h[0xffffffe6][0xfffffffe][0xffffff82][0xffffffc8]O[0xffffffc7][0xffffffcd]L[0xffffff9a][0xffffffe7][0x7f][0xffffffca][0x7f][0xffffffb3]0[0xffffffa4]9[0x9]!9[0xfffffffa][0xffffffbe][0xffffffa4][0xffffffbf]Pq[0xffffffa8]+k[0xffffffaf][0xffffffca][0xfffffff1][0xffffffa4]\[0xffffffec][0x18][0xffffffa0]]v@FR%kk[0xf]8[0x1b][0xffffffa1][0xffffffff] [0xfffffff7][0xffffffd5][0xffffffca][0xffffffe6][0xfffffff8][0xffffff85][0x17][0xffffffb2][0x9][0xffffffe8]=[0xffffffbe][0xc][0xffffffb2][0xffffffd6]?c[0xffffffb1]U~[0x17]K[0x15][[0xffffffff][0xffffffda][\n]"
10:04:45.802 [main] DEBUG org.apache.hc.client5.http.wire - http-outgoing-0 << "LT[0xffffff83]#[0xfffffffe][0xffffff8b][0xffffffa6][0xffffffcc][0x15]\[0xffffffaa]L[0x10][0xffffffa2]i*[0xffffff97]-[0xffffff92][0xffffff86]n_[0xffffffb2][0xffffffcb][0xffffff9a]^S[0xfffffff4]7[0xffffff94]sQ{[0xfffffff3][0xffffffff][0xffffff92][0x19][0xffffffae][0x7f]^}[0xffffff83]Y[0x14];[0xffffffca]w[0xfffffff6][0xfffffff4][0xffffffbc][0xffffffed][0xffffffe6][0xffffff9b]xk[0xffffffdd][0xb]VSW[[0xfffffff9][0xffffffcb][0x11]P[0xffffffba][0xfffffff8][0xffffffe6][0xffffffb5]+X[0xffffffcc][0xffffffbb][0xfffffff6][0xffffffff]n[0xffffffb0]=[0x2]s[0xffffffc1][0x3]A#I[0xffffff88][0xffffffa1] $[0xffffffa4][0xffffff9b][0xffffffd8]U[0xffffffbb][0xfffffff6][0xffffffa6][0xffffffbb]"[0xffffffa2]I[0xfffffff9][0xffffff8f]&[0xffffffe2][0xffffffd0][0xffffffe7][0xffffffc7][0xffffff96][0xffffff89][0xffffff86][0xffffffd4][0xffffff97][\r][0xffffffce][0x7f](u[0xffffff85][0xffffffbb][0xfffffff0][0xffffffa5][0x19][0xffffffda][0xffffffec][0xffffff98][0xffffffc6]Y[0xfffffffd]h8m6[0xffffff9c]U[0xffffffc1][0xfffffff2][0xffffffd6]H[0xfffffff5]W[0xffffffe5][0x17]NM[0x1c][0xffffffc7][0xffffff84]9|[0xffffff83]7[0xffffffbf][0xffffffa4][0xffffffa5][0xfffffff1][0xfffffffb]slAM[0xffffffda][0xffffffa2]ck[0xffffffa9]o[0xffffff89][\n]"
10:04:45.802 [main] DEBUG org.apache.hc.client5.http.wire - http-outgoing-0 << "[0xffffffa6][0xfffffffd][0xffffffdd][0xffffff90]F,[0xffffffec][0xffffff97][0xffffffcf][0xfffffff4][0xffffffb2][0xffffff86]}[0xffffffc7]<u[0xffffff9b][0xffffffce][0xffffff8b]M[0xffffffb5][0xfffffffd][0xffffff93][0xffffff8e][0xffffffb6]:7[0xffffff97]i3[0xffffffaf]cA[0xffffffed][0xffffffc0][0xffffff92][0xfffffffa]T[0xffffffb0][0x2]^[0xffffff9a][0xffffffa1][0x1d]<[\r][0xffffffb5]A[0xffffffa7]+;[0xffffffc0][0x7f][0x0][0xffffffb2]$|[0xffffff88][0x1d][\r][0x0][0x0]"
10:04:45.804 [main] DEBUG o.a.h.c.h.i.c.InternalHttpClient - ep-00000000: releasing valid endpoint
10:04:45.806 [main] DEBUG o.a.h.c.h.i.i.PoolingHttpClientConnectionManager - ep-00000000: releasing endpoint
10:04:45.807 [main] DEBUG o.a.h.c.h.i.i.PoolingHttpClientConnectionManager - ep-00000000: connection http-outgoing-0 can be kept alive for 3 MINUTES
10:04:45.807 [main] DEBUG o.a.h.c.h.i.i.PoolingHttpClientConnectionManager - ep-00000000: connection released [route: {s}->https://raw.githubusercontent.com:443][total available: 1; route allocated: 1 of 5; total allocated: 1 of 25]
10:04:45.808 [main] DEBUG i.g.b.wdm.versions.VersionDetector - Detecting chrome version using online commands.properties
10:04:45.810 [main] DEBUG i.g.bonigarcia.wdm.versions.Shell - Running command on the shell: [/Applications/Google Chrome.app/Contents/MacOS/Google Chrome, --version]
10:04:45.939 [main] DEBUG i.g.bonigarcia.wdm.versions.Shell - Result: Google Chrome 97.0.4692.99
10:04:45.943 [main] DEBUG i.g.b.wdm.cache.ResolutionCache - Removing resolution chrome97=97.0.4692.71 from cache (expired on Sat Feb 05 23:58:47 MSK 2022)
10:04:45.948 [main] DEBUG o.a.h.c.h.i.c.InternalHttpClient - ex-00000002: preparing request execution
10:04:45.948 [main] DEBUG o.a.h.c.h.protocol.RequestAddCookies - Cookie spec selected: strict
10:04:45.948 [main] DEBUG o.a.h.c.h.protocol.RequestAuthCache - Auth cache not set in the context
10:04:45.948 [main] DEBUG o.a.h.c.h.impl.classic.ProtocolExec - ex-00000002: target auth state: UNCHALLENGED
10:04:45.948 [main] DEBUG o.a.h.c.h.impl.classic.ProtocolExec - ex-00000002: proxy auth state: UNCHALLENGED
10:04:45.948 [main] DEBUG o.a.h.c.h.impl.classic.ConnectExec - ex-00000002: acquiring connection with route {s}->https://chromedriver.storage.googleapis.com:443
10:04:45.948 [main] DEBUG o.a.h.c.h.i.c.InternalHttpClient - ex-00000002: acquiring endpoint (3 MINUTES)
10:04:45.949 [main] DEBUG o.a.h.c.h.i.i.PoolingHttpClientConnectionManager - ex-00000002: endpoint lease request (3 MINUTES) [route: {s}->https://chromedriver.storage.googleapis.com:443][total available: 1; route allocated: 0 of 5; total allocated: 1 of 25]
10:04:45.949 [main] DEBUG o.a.h.c.h.i.i.PoolingHttpClientConnectionManager - ex-00000002: endpoint leased [route: {s}->https://chromedriver.storage.googleapis.com:443][total available: 1; route allocated: 1 of 5; total allocated: 2 of 25]
10:04:45.949 [main] DEBUG o.a.h.c.h.i.i.PoolingHttpClientConnectionManager - ex-00000002: acquired ep-00000001
10:04:45.949 [main] DEBUG o.a.h.c.h.i.c.InternalHttpClient - ex-00000002: acquired endpoint ep-00000001
10:04:45.949 [main] DEBUG o.a.h.c.h.impl.classic.ConnectExec - ex-00000002: opening connection {s}->https://chromedriver.storage.googleapis.com:443
10:04:45.949 [main] DEBUG o.a.h.c.h.i.c.InternalHttpClient - ep-00000001: connecting endpoint (30 SECONDS)
10:04:45.949 [main] DEBUG o.a.h.c.h.i.i.PoolingHttpClientConnectionManager - ep-00000001: connecting endpoint to https://chromedriver.storage.googleapis.com:443 (30 SECONDS)
10:04:45.954 [main] DEBUG o.a.h.c.h.i.i.DefaultHttpClientConnectionOperator - http-outgoing-1: connecting to chromedriver.storage.googleapis.com/173.194.73.128:443
10:04:45.954 [main] DEBUG o.a.h.c.h.s.SSLConnectionSocketFactory - Connecting socket to chromedriver.storage.googleapis.com/173.194.73.128:443 with timeout 30 SECONDS
10:04:45.963 [main] DEBUG o.a.h.c.h.s.SSLConnectionSocketFactory - Enabled protocols: [TLSv1.2]
10:04:45.963 [main] DEBUG o.a.h.c.h.s.SSLConnectionSocketFactory - Enabled cipher suites: [TLS_ECDHE_ECDSA_WITH_AES_256_GCM_SHA384, TLS_ECDHE_ECDSA_WITH_AES_128_GCM_SHA256, TLS_ECDHE_RSA_WITH_AES_256_GCM_SHA384, TLS_RSA_WITH_AES_256_GCM_SHA384, TLS_ECDH_ECDSA_WITH_AES_256_GCM_SHA384, TLS_ECDH_RSA_WITH_AES_256_GCM_SHA384, TLS_DHE_RSA_WITH_AES_256_GCM_SHA384, TLS_DHE_DSS_WITH_AES_256_GCM_SHA384, TLS_ECDHE_RSA_WITH_AES_128_GCM_SHA256, TLS_RSA_WITH_AES_128_GCM_SHA256, TLS_ECDH_ECDSA_WITH_AES_128_GCM_SHA256, TLS_ECDH_RSA_WITH_AES_128_GCM_SHA256, TLS_DHE_RSA_WITH_AES_128_GCM_SHA256, TLS_DHE_DSS_WITH_AES_128_GCM_SHA256, TLS_ECDHE_ECDSA_WITH_AES_256_CBC_SHA384, TLS_ECDHE_RSA_WITH_AES_256_CBC_SHA384, TLS_RSA_WITH_AES_256_CBC_SHA256, TLS_ECDH_ECDSA_WITH_AES_256_CBC_SHA384, TLS_ECDH_RSA_WITH_AES_256_CBC_SHA384, TLS_DHE_RSA_WITH_AES_256_CBC_SHA256, TLS_DHE_DSS_WITH_AES_256_CBC_SHA256, TLS_ECDHE_ECDSA_WITH_AES_256_CBC_SHA, TLS_ECDHE_RSA_WITH_AES_256_CBC_SHA, TLS_RSA_WITH_AES_256_CBC_SHA, TLS_ECDH_ECDSA_WITH_AES_256_CBC_SHA, TLS_ECDH_RSA_WITH_AES_256_CBC_SHA, TLS_DHE_RSA_WITH_AES_256_CBC_SHA, TLS_DHE_DSS_WITH_AES_256_CBC_SHA, TLS_ECDHE_ECDSA_WITH_AES_128_CBC_SHA256, TLS_ECDHE_RSA_WITH_AES_128_CBC_SHA256, TLS_RSA_WITH_AES_128_CBC_SHA256, TLS_ECDH_ECDSA_WITH_AES_128_CBC_SHA256, TLS_ECDH_RSA_WITH_AES_128_CBC_SHA256, TLS_DHE_RSA_WITH_AES_128_CBC_SHA256, TLS_DHE_DSS_WITH_AES_128_CBC_SHA256, TLS_ECDHE_ECDSA_WITH_AES_128_CBC_SHA, TLS_ECDHE_RSA_WITH_AES_128_CBC_SHA, TLS_RSA_WITH_AES_128_CBC_SHA, TLS_ECDH_ECDSA_WITH_AES_128_CBC_SHA, TLS_ECDH_RSA_WITH_AES_128_CBC_SHA, TLS_DHE_RSA_WITH_AES_128_CBC_SHA, TLS_DHE_DSS_WITH_AES_128_CBC_SHA, TLS_EMPTY_RENEGOTIATION_INFO_SCSV]
10:04:45.963 [main] DEBUG o.a.h.c.h.s.SSLConnectionSocketFactory - Starting handshake
10:04:45.998 [main] DEBUG o.a.h.c.h.s.SSLConnectionSocketFactory - Secure session established
10:04:45.998 [main] DEBUG o.a.h.c.h.s.SSLConnectionSocketFactory -  negotiated protocol: TLSv1.2
10:04:45.998 [main] DEBUG o.a.h.c.h.s.SSLConnectionSocketFactory -  negotiated cipher suite: TLS_ECDHE_ECDSA_WITH_AES_128_GCM_SHA256
10:04:45.998 [main] DEBUG o.a.h.c.h.s.SSLConnectionSocketFactory -  peer principal: CN=*.storage.googleapis.com
10:04:45.998 [main] DEBUG o.a.h.c.h.s.SSLConnectionSocketFactory -  peer alternative names: [*.storage.googleapis.com, *.googleapis.com, commondatastorage.googleapis.com, *.commondatastorage.googleapis.com, storage.googleapis.com, storage.mtls.googleapis.com, *.appspot.com.storage.googleapis.com, *.content-storage.googleapis.com, *.content-storage-p2.googleapis.com, *.content-storage-upload.googleapis.com, *.content-storage-download.googleapis.com, *.storage-upload.googleapis.com, *.storage-download.googleapis.com]
10:04:45.998 [main] DEBUG o.a.h.c.h.s.SSLConnectionSocketFactory -  issuer principal: CN=GTS CA 1C3, O=Google Trust Services LLC, C=US
10:04:45.999 [main] DEBUG o.a.h.c.h.i.i.DefaultHttpClientConnectionOperator - http-outgoing-1: connection established 192.168.0.208:64976<->173.194.73.128:443
10:04:45.999 [main] DEBUG o.a.h.c.h.i.i.PoolingHttpClientConnectionManager - ep-00000001: connected http-outgoing-1
10:04:45.999 [main] DEBUG o.a.h.c.h.i.c.InternalHttpClient - ep-00000001: endpoint connected
10:04:45.999 [main] DEBUG o.a.h.c.h.i.classic.MainClientExec - ex-00000002: executing GET /LATEST_RELEASE_97 HTTP/1.1
10:04:45.999 [main] DEBUG o.a.h.c.h.i.c.InternalHttpClient - ep-00000001: start execution ex-00000002
10:04:45.999 [main] DEBUG o.a.h.c.h.i.i.PoolingHttpClientConnectionManager - ep-00000001: executing exchange ex-00000002 over http-outgoing-1
10:04:46.000 [main] DEBUG org.apache.hc.client5.http.headers - http-outgoing-1 >> GET /LATEST_RELEASE_97 HTTP/1.1
10:04:46.000 [main] DEBUG org.apache.hc.client5.http.headers - http-outgoing-1 >> user-agent: Apache-HttpClient/5.0
10:04:46.000 [main] DEBUG org.apache.hc.client5.http.headers - http-outgoing-1 >> accept-encoding: gzip, deflate, br
10:04:46.000 [main] DEBUG org.apache.hc.client5.http.headers - http-outgoing-1 >> cache-control: max-age=0
10:04:46.000 [main] DEBUG org.apache.hc.client5.http.headers - http-outgoing-1 >> connection: keep-alive
10:04:46.000 [main] DEBUG org.apache.hc.client5.http.headers - http-outgoing-1 >> Host: chromedriver.storage.googleapis.com
10:04:46.000 [main] DEBUG org.apache.hc.client5.http.wire - http-outgoing-1 >> "GET /LATEST_RELEASE_97 HTTP/1.1[\r][\n]"
10:04:46.000 [main] DEBUG org.apache.hc.client5.http.wire - http-outgoing-1 >> "user-agent: Apache-HttpClient/5.0[\r][\n]"
10:04:46.001 [main] DEBUG org.apache.hc.client5.http.wire - http-outgoing-1 >> "accept-encoding: gzip, deflate, br[\r][\n]"
10:04:46.001 [main] DEBUG org.apache.hc.client5.http.wire - http-outgoing-1 >> "cache-control: max-age=0[\r][\n]"
10:04:46.001 [main] DEBUG org.apache.hc.client5.http.wire - http-outgoing-1 >> "connection: keep-alive[\r][\n]"
10:04:46.001 [main] DEBUG org.apache.hc.client5.http.wire - http-outgoing-1 >> "Host: chromedriver.storage.googleapis.com[\r][\n]"
10:04:46.001 [main] DEBUG org.apache.hc.client5.http.wire - http-outgoing-1 >> "[\r][\n]"
10:04:46.010 [main] DEBUG org.apache.hc.client5.http.wire - http-outgoing-1 << "HTTP/1.1 200 OK[\r][\n]"
10:04:46.010 [main] DEBUG org.apache.hc.client5.http.wire - http-outgoing-1 << "X-GUploader-UploadID: ADPycdswrRQXlunAX3TQiw_TOa71g4usd5MGi412tObzzFrT6ls30l35NC5MfTqQa_WhvCV2QkMOtYaatGwxN1vbRSX45UzYDg[\r][\n]"
10:04:46.010 [main] DEBUG org.apache.hc.client5.http.wire - http-outgoing-1 << "x-goog-generation: 1641361520724763[\r][\n]"
10:04:46.010 [main] DEBUG org.apache.hc.client5.http.wire - http-outgoing-1 << "x-goog-metageneration: 1[\r][\n]"
10:04:46.010 [main] DEBUG org.apache.hc.client5.http.wire - http-outgoing-1 << "x-goog-stored-content-encoding: identity[\r][\n]"
10:04:46.010 [main] DEBUG org.apache.hc.client5.http.wire - http-outgoing-1 << "x-goog-stored-content-length: 12[\r][\n]"
10:04:46.010 [main] DEBUG org.apache.hc.client5.http.wire - http-outgoing-1 << "x-goog-hash: crc32c=CF80zQ==[\r][\n]"
10:04:46.010 [main] DEBUG org.apache.hc.client5.http.wire - http-outgoing-1 << "x-goog-hash: md5=NayZfH/z34d/UVUp6W3Shg==[\r][\n]"
10:04:46.010 [main] DEBUG org.apache.hc.client5.http.wire - http-outgoing-1 << "x-goog-storage-class: STANDARD[\r][\n]"
10:04:46.011 [main] DEBUG org.apache.hc.client5.http.wire - http-outgoing-1 << "Accept-Ranges: bytes[\r][\n]"
10:04:46.011 [main] DEBUG org.apache.hc.client5.http.wire - http-outgoing-1 << "Content-Length: 12[\r][\n]"
10:04:46.011 [main] DEBUG org.apache.hc.client5.http.wire - http-outgoing-1 << "Server: UploadServer[\r][\n]"
10:04:46.011 [main] DEBUG org.apache.hc.client5.http.wire - http-outgoing-1 << "Date: Tue, 08 Feb 2022 07:01:22 GMT[\r][\n]"
10:04:46.011 [main] DEBUG org.apache.hc.client5.http.wire - http-outgoing-1 << "Expires: Tue, 08 Feb 2022 08:01:22 GMT[\r][\n]"
10:04:46.011 [main] DEBUG org.apache.hc.client5.http.wire - http-outgoing-1 << "Cache-Control: public, max-age=3600[\r][\n]"
10:04:46.011 [main] DEBUG org.apache.hc.client5.http.wire - http-outgoing-1 << "Age: 204[\r][\n]"
10:04:46.011 [main] DEBUG org.apache.hc.client5.http.wire - http-outgoing-1 << "Last-Modified: Wed, 05 Jan 2022 05:45:20 GMT[\r][\n]"
10:04:46.011 [main] DEBUG org.apache.hc.client5.http.wire - http-outgoing-1 << "ETag: "35ac997c7ff3df877f515529e96dd286"[\r][\n]"
10:04:46.011 [main] DEBUG org.apache.hc.client5.http.wire - http-outgoing-1 << "Content-Type: text/plain[\r][\n]"
10:04:46.011 [main] DEBUG org.apache.hc.client5.http.wire - http-outgoing-1 << "Alt-Svc: h3=":443"; ma=2592000,h3-29=":443"; ma=2592000,h3-Q050=":443"; ma=2592000,h3-Q046=":443"; ma=2592000,h3-Q043=":443"; ma=2592000,quic=":443"; ma=2592000; v="46,43"[\r][\n]"
10:04:46.011 [main] DEBUG org.apache.hc.client5.http.wire - http-outgoing-1 << "[\r][\n]"
10:04:46.011 [main] DEBUG org.apache.hc.client5.http.wire - http-outgoing-1 << "97.0.4692.71"
10:04:46.012 [main] DEBUG org.apache.hc.client5.http.headers - http-outgoing-1 << HTTP/1.1 200 OK
10:04:46.012 [main] DEBUG org.apache.hc.client5.http.headers - http-outgoing-1 << X-GUploader-UploadID: ADPycdswrRQXlunAX3TQiw_TOa71g4usd5MGi412tObzzFrT6ls30l35NC5MfTqQa_WhvCV2QkMOtYaatGwxN1vbRSX45UzYDg
10:04:46.012 [main] DEBUG org.apache.hc.client5.http.headers - http-outgoing-1 << x-goog-generation: 1641361520724763
10:04:46.012 [main] DEBUG org.apache.hc.client5.http.headers - http-outgoing-1 << x-goog-metageneration: 1
10:04:46.012 [main] DEBUG org.apache.hc.client5.http.headers - http-outgoing-1 << x-goog-stored-content-encoding: identity
10:04:46.012 [main] DEBUG org.apache.hc.client5.http.headers - http-outgoing-1 << x-goog-stored-content-length: 12
10:04:46.012 [main] DEBUG org.apache.hc.client5.http.headers - http-outgoing-1 << x-goog-hash: crc32c=CF80zQ==
10:04:46.012 [main] DEBUG org.apache.hc.client5.http.headers - http-outgoing-1 << x-goog-hash: md5=NayZfH/z34d/UVUp6W3Shg==
10:04:46.012 [main] DEBUG org.apache.hc.client5.http.headers - http-outgoing-1 << x-goog-storage-class: STANDARD
10:04:46.012 [main] DEBUG org.apache.hc.client5.http.headers - http-outgoing-1 << Accept-Ranges: bytes
10:04:46.012 [main] DEBUG org.apache.hc.client5.http.headers - http-outgoing-1 << Content-Length: 12
10:04:46.012 [main] DEBUG org.apache.hc.client5.http.headers - http-outgoing-1 << Server: UploadServer
10:04:46.012 [main] DEBUG org.apache.hc.client5.http.headers - http-outgoing-1 << Date: Tue, 08 Feb 2022 07:01:22 GMT
10:04:46.012 [main] DEBUG org.apache.hc.client5.http.headers - http-outgoing-1 << Expires: Tue, 08 Feb 2022 08:01:22 GMT
10:04:46.012 [main] DEBUG org.apache.hc.client5.http.headers - http-outgoing-1 << Cache-Control: public, max-age=3600
10:04:46.012 [main] DEBUG org.apache.hc.client5.http.headers - http-outgoing-1 << Age: 204
10:04:46.012 [main] DEBUG org.apache.hc.client5.http.headers - http-outgoing-1 << Last-Modified: Wed, 05 Jan 2022 05:45:20 GMT
10:04:46.012 [main] DEBUG org.apache.hc.client5.http.headers - http-outgoing-1 << ETag: "35ac997c7ff3df877f515529e96dd286"
10:04:46.012 [main] DEBUG org.apache.hc.client5.http.headers - http-outgoing-1 << Content-Type: text/plain
10:04:46.013 [main] DEBUG org.apache.hc.client5.http.headers - http-outgoing-1 << Alt-Svc: h3=":443"; ma=2592000,h3-29=":443"; ma=2592000,h3-Q050=":443"; ma=2592000,h3-Q046=":443"; ma=2592000,h3-Q043=":443"; ma=2592000,quic=":443"; ma=2592000; v="46,43"
10:04:46.013 [main] DEBUG o.a.h.c.h.i.classic.MainClientExec - ex-00000002: connection can be kept alive for 3 MINUTES
10:04:46.013 [main] DEBUG o.a.h.c.h.i.c.InternalHttpClient - ep-00000001: releasing valid endpoint
10:04:46.013 [main] DEBUG o.a.h.c.h.i.i.PoolingHttpClientConnectionManager - ep-00000001: releasing endpoint
10:04:46.013 [main] DEBUG o.a.h.c.h.i.i.PoolingHttpClientConnectionManager - ep-00000001: connection http-outgoing-1 can be kept alive for 3 MINUTES
10:04:46.013 [main] DEBUG o.a.h.c.h.i.i.PoolingHttpClientConnectionManager - ep-00000001: connection released [route: {s}->https://chromedriver.storage.googleapis.com:443][total available: 2; route allocated: 1 of 5; total allocated: 2 of 25]
10:04:46.013 [main] DEBUG i.g.b.wdm.versions.VersionDetector - Latest version of chromedriver according to https://chromedriver.storage.googleapis.com/LATEST_RELEASE_97 is 97.0.4692.71
10:04:46.013 [main] INFO  i.g.bonigarcia.wdm.WebDriverManager - Using chromedriver 97.0.4692.71 (resolved driver for Chrome 97)
10:04:46.016 [main] DEBUG i.g.b.wdm.cache.ResolutionCache - Storing resolution chrome=97 in cache (valid until 11:04:46 08/02/2022 MSK)
10:04:46.017 [main] DEBUG i.g.b.wdm.cache.ResolutionCache - Storing resolution chrome97=97.0.4692.71 in cache (valid until 10:04:46 09/02/2022 MSK)
10:04:46.057 [main] DEBUG i.g.bonigarcia.wdm.WebDriverManager - Driver chromedriver 97.0.4692.71 found in cache
10:04:46.058 [main] INFO  i.g.bonigarcia.wdm.WebDriverManager - Exporting webdriver.chrome.driver as /Users/alexei77/.cache/selenium/chromedriver/mac64/97.0.4692.71/chromedriver
10:04:51.461 [main] DEBUG i.n.u.i.l.InternalLoggerFactory - Using SLF4J as the default logging framework
10:04:51.470 [main] DEBUG io.netty.util.ResourceLeakDetector - -Dio.netty.leakDetection.level: simple
10:04:51.470 [main] DEBUG io.netty.util.ResourceLeakDetector - -Dio.netty.leakDetection.targetRecords: 4
10:04:51.479 [main] DEBUG i.n.util.ResourceLeakDetectorFactory - Loaded default ResourceLeakDetector: io.netty.util.ResourceLeakDetector@46612bfc
10:04:51.526 [main] DEBUG i.n.util.internal.PlatformDependent0 - -Dio.netty.noUnsafe: false
10:04:51.526 [main] DEBUG i.n.util.internal.PlatformDependent0 - Java version: 8
10:04:51.528 [main] DEBUG i.n.util.internal.PlatformDependent0 - sun.misc.Unsafe.theUnsafe: available
10:04:51.528 [main] DEBUG i.n.util.internal.PlatformDependent0 - sun.misc.Unsafe.copyMemory: available
10:04:51.529 [main] DEBUG i.n.util.internal.PlatformDependent0 - java.nio.Buffer.address: available
10:04:51.530 [main] DEBUG i.n.util.internal.PlatformDependent0 - direct buffer constructor: available
10:04:51.531 [main] DEBUG i.n.util.internal.PlatformDependent0 - java.nio.Bits.unaligned: available, true
10:04:51.531 [main] DEBUG i.n.util.internal.PlatformDependent0 - jdk.internal.misc.Unsafe.allocateUninitializedArray(int): unavailable prior to Java9
10:04:51.531 [main] DEBUG i.n.util.internal.PlatformDependent0 - java.nio.DirectByteBuffer.<init>(long, int): available
10:04:51.531 [main] DEBUG i.n.util.internal.PlatformDependent - sun.misc.Unsafe: available
10:04:51.532 [main] DEBUG i.n.util.internal.PlatformDependent - -Dio.netty.tmpdir: /var/folders/rn/z2x6wyrn3dg0kywd28v1qsrw0000gn/T (java.io.tmpdir)
10:04:51.532 [main] DEBUG i.n.util.internal.PlatformDependent - -Dio.netty.bitMode: 64 (sun.arch.data.model)
10:04:51.532 [main] DEBUG i.n.util.internal.PlatformDependent - Platform: MacOS
10:04:51.534 [main] DEBUG i.n.util.internal.PlatformDependent - -Dio.netty.maxDirectMemory: 1908932608 bytes
10:04:51.534 [main] DEBUG i.n.util.internal.PlatformDependent - -Dio.netty.uninitializedArrayAllocationThreshold: -1
10:04:51.535 [main] DEBUG io.netty.util.internal.CleanerJava6 - java.nio.ByteBuffer.cleaner(): available
10:04:51.536 [main] DEBUG i.n.util.internal.PlatformDependent - -Dio.netty.noPreferDirect: false
10:04:51.562 [main] DEBUG i.n.util.internal.PlatformDependent - org.jctools-core.MpscChunkedArrayQueue: available
10:04:51.625 [main] DEBUG i.n.u.i.InternalThreadLocalMap - -Dio.netty.threadLocalMap.stringBuilder.initialSize: 1024
10:04:51.625 [main] DEBUG i.n.u.i.InternalThreadLocalMap - -Dio.netty.threadLocalMap.stringBuilder.maxSize: 4096
10:04:51.655 [main] DEBUG io.netty.handler.ssl.JdkSslContext - Default protocols (JDK): [TLSv1.2] 
10:04:51.655 [main] DEBUG io.netty.handler.ssl.JdkSslContext - Default cipher suites (JDK): [TLS_ECDHE_ECDSA_WITH_AES_256_GCM_SHA384, TLS_ECDHE_ECDSA_WITH_AES_128_GCM_SHA256, TLS_ECDHE_RSA_WITH_AES_128_GCM_SHA256, TLS_ECDHE_RSA_WITH_AES_256_GCM_SHA384, TLS_ECDHE_RSA_WITH_AES_128_CBC_SHA, TLS_ECDHE_RSA_WITH_AES_256_CBC_SHA, TLS_RSA_WITH_AES_128_GCM_SHA256, TLS_RSA_WITH_AES_128_CBC_SHA, TLS_RSA_WITH_AES_256_CBC_SHA, TLS_AES_128_GCM_SHA256, TLS_AES_256_GCM_SHA384]
10:04:51.722 [main] DEBUG i.n.c.MultithreadEventLoopGroup - -Dio.netty.eventLoopThreads: 16
10:04:51.741 [main] DEBUG io.netty.channel.nio.NioEventLoop - -Dio.netty.noKeySetOptimization: false
10:04:51.741 [main] DEBUG io.netty.channel.nio.NioEventLoop - -Dio.netty.selectorAutoRebuildThreshold: 512
10:04:51.990 [main] DEBUG i.n.buffer.PooledByteBufAllocator - -Dio.netty.allocator.numHeapArenas: 16
10:04:51.990 [main] DEBUG i.n.buffer.PooledByteBufAllocator - -Dio.netty.allocator.numDirectArenas: 16
10:04:51.990 [main] DEBUG i.n.buffer.PooledByteBufAllocator - -Dio.netty.allocator.pageSize: 8192
10:04:51.990 [main] DEBUG i.n.buffer.PooledByteBufAllocator - -Dio.netty.allocator.maxOrder: 11
10:04:51.990 [main] DEBUG i.n.buffer.PooledByteBufAllocator - -Dio.netty.allocator.chunkSize: 16777216
10:04:51.991 [main] DEBUG i.n.buffer.PooledByteBufAllocator - -Dio.netty.allocator.smallCacheSize: 256
10:04:51.991 [main] DEBUG i.n.buffer.PooledByteBufAllocator - -Dio.netty.allocator.normalCacheSize: 64
10:04:51.991 [main] DEBUG i.n.buffer.PooledByteBufAllocator - -Dio.netty.allocator.maxCachedBufferCapacity: 32768
10:04:51.991 [main] DEBUG i.n.buffer.PooledByteBufAllocator - -Dio.netty.allocator.cacheTrimInterval: 8192
10:04:51.991 [main] DEBUG i.n.buffer.PooledByteBufAllocator - -Dio.netty.allocator.cacheTrimIntervalMillis: 0
10:04:51.991 [main] DEBUG i.n.buffer.PooledByteBufAllocator - -Dio.netty.allocator.useCacheForAllThreads: true
10:04:51.991 [main] DEBUG i.n.buffer.PooledByteBufAllocator - -Dio.netty.allocator.maxCachedByteBuffersPerChunk: 1023
10:04:52.011 [main] DEBUG io.netty.buffer.ByteBufUtil - -Dio.netty.allocator.type: pooled
10:04:52.012 [main] DEBUG io.netty.buffer.ByteBufUtil - -Dio.netty.threadLocalDirectBufferSize: 0
10:04:52.012 [main] DEBUG io.netty.buffer.ByteBufUtil - -Dio.netty.maxThreadLocalCharBufferSize: 16384
10:04:57.647 [Forwarding newSession on session null to remote] DEBUG io.netty.channel.DefaultChannelId - -Dio.netty.processId: 20572 (auto-detected)
10:04:57.651 [Forwarding newSession on session null to remote] DEBUG io.netty.util.NetUtil - -Djava.net.preferIPv4Stack: false
10:04:57.651 [Forwarding newSession on session null to remote] DEBUG io.netty.util.NetUtil - -Djava.net.preferIPv6Addresses: false
10:04:57.655 [Forwarding newSession on session null to remote] DEBUG io.netty.util.NetUtilInitializations - Loopback interface: lo0 (lo0, 0:0:0:0:0:0:0:1%lo0)
10:04:57.656 [Forwarding newSession on session null to remote] DEBUG io.netty.util.NetUtil - Failed to get SOMAXCONN from sysctl and file /proc/sys/net/core/somaxconn. Default: 128
10:04:57.659 [Forwarding newSession on session null to remote] DEBUG io.netty.channel.DefaultChannelId - -Dio.netty.machineId: ac:de:48:ff:fe:00:11:22 (auto-detected)
10:04:57.780 [AsyncHttpClient-1-2] DEBUG io.netty.buffer.AbstractByteBuf - -Dio.netty.buffer.checkAccessible: true
10:04:57.780 [AsyncHttpClient-1-2] DEBUG io.netty.buffer.AbstractByteBuf - -Dio.netty.buffer.checkBounds: true
10:04:57.780 [AsyncHttpClient-1-2] DEBUG i.n.util.ResourceLeakDetectorFactory - Loaded default ResourceLeakDetector: io.netty.util.ResourceLeakDetector@6f707573
10:04:57.810 [AsyncHttpClient-1-2] DEBUG o.a.n.channel.NettyConnectListener - Using new Channel '[id: 0x778d9b35, L:/127.0.0.1:64987 - R:localhost/127.0.0.1:58649]' for 'POST' to '/session'
10:04:57.849 [AsyncHttpClient-1-2] DEBUG io.netty.util.Recycler - -Dio.netty.recycler.maxCapacityPerThread: 4096
10:04:57.849 [AsyncHttpClient-1-2] DEBUG io.netty.util.Recycler - -Dio.netty.recycler.maxSharedCapacityFactor: 2
10:04:57.849 [AsyncHttpClient-1-2] DEBUG io.netty.util.Recycler - -Dio.netty.recycler.linkCapacity: 16
10:04:57.849 [AsyncHttpClient-1-2] DEBUG io.netty.util.Recycler - -Dio.netty.recycler.ratio: 8
10:04:57.849 [AsyncHttpClient-1-2] DEBUG io.netty.util.Recycler - -Dio.netty.recycler.delayedQueue.ratio: 8
10:05:00.923 [AsyncHttpClient-1-2] DEBUG i.n.handler.codec.compression.Brotli - brotli4j not in the classpath; Brotli support will be unavailable.
10:05:00.924 [AsyncHttpClient-1-2] DEBUG o.a.netty.handler.HttpHandler - 

Request DefaultHttpRequest(decodeResult: success, version: HTTP/1.1)
POST /session HTTP/1.1
User-Agent: selenium/4.1.1 (java mac)
Content-Length: 365
Content-Type: application/json; charset=utf-8
host: localhost:58649
accept: */*

Response DefaultHttpResponse(decodeResult: success, version: HTTP/1.1)
HTTP/1.1 200 OK
Content-Type: application/json; charset=utf-8
cache-control: no-cache
content-length: 798

10:05:00.945 [AsyncHttpClient-1-2] DEBUG o.a.netty.channel.ChannelManager - Adding key: http://localhost:58649 for channel [id: 0x778d9b35, L:/127.0.0.1:64987 - R:localhost/127.0.0.1:58649]
10:05:01.200 [AsyncHttpClient-1-3] DEBUG o.a.n.channel.NettyConnectListener - Using new Channel '[id: 0x0156b11e, L:/127.0.0.1:64999 - R:localhost/127.0.0.1:64989]' for 'GET' to '/json/version'
10:05:01.206 [AsyncHttpClient-1-3] DEBUG o.a.netty.handler.HttpHandler - 

Request DefaultFullHttpRequest(decodeResult: success, version: HTTP/1.1, content: EmptyByteBufBE)
GET /json/version HTTP/1.1
User-Agent: selenium/4.1.1 (java mac)
host: localhost:64989
accept: */*

Response DefaultHttpResponse(decodeResult: success, version: HTTP/1.1)
HTTP/1.1 200 OK
Content-Type: application/json; charset=UTF-8
content-length: 422

10:05:01.208 [AsyncHttpClient-1-3] DEBUG o.a.netty.channel.ChannelManager - Adding key: http://localhost:64989 for channel [id: 0x0156b11e, L:/127.0.0.1:64999 - R:localhost/127.0.0.1:64989]
10:05:01.236 [main] DEBUG i.n.util.internal.ThreadLocalRandom - -Dio.netty.initialSeedUniquifier: 0xb384dc7b41e9b02c
10:05:01.247 [AsyncHttpClient-1-4] DEBUG o.a.n.channel.NettyConnectListener - Using new Channel '[id: 0x3fd8f0c6, L:/127.0.0.1:65000 - R:localhost/127.0.0.1:64989]' for 'GET' to '/devtools/browser/c7b05397-9456-4e04-8985-32a2ea4b7776'
10:05:01.250 [AsyncHttpClient-1-4] DEBUG o.a.netty.handler.WebSocketHandler - 

Request DefaultFullHttpRequest(decodeResult: success, version: HTTP/1.1, content: EmptyByteBufBE)
GET /devtools/browser/c7b05397-9456-4e04-8985-32a2ea4b7776 HTTP/1.1
upgrade: websocket
connection: upgrade
sec-websocket-key: oKp3y/BF1ntlI1ZLlMBefw==
sec-websocket-version: 13
origin: http://localhost:64989
host: localhost:64989
accept: */*
user-agent: AHC/2.1

Response DefaultHttpResponse(decodeResult: success, version: HTTP/1.1)
HTTP/1.1 101 WebSocket Protocol Handshake
Upgrade: WebSocket
Connection: Upgrade
Sec-WebSocket-Accept: v6Sp313Xledv45lFXz3hXN5hZy8=

10:05:01.439 [Forwarding get on session 2a3af96831b882b11e0c9a5e198cdea2 to remote] DEBUG o.a.netty.request.NettyRequestSender - Using pooled Channel '[id: 0x778d9b35, L:/127.0.0.1:64987 - R:localhost/127.0.0.1:58649]' for 'POST' to 'http://localhost:58649/session/2a3af96831b882b11e0c9a5e198cdea2/url'
10:05:01.439 [Forwarding get on session 2a3af96831b882b11e0c9a5e198cdea2 to remote] DEBUG o.a.netty.request.NettyRequestSender - Using open Channel [id: 0x778d9b35, L:/127.0.0.1:64987 - R:localhost/127.0.0.1:58649] for POST '/session/2a3af96831b882b11e0c9a5e198cdea2/url'
10:05:01.477 [AsyncHttpClient-1-1] DEBUG o.a.netty.channel.DefaultChannelPool - Entry count for : http://localhost:64989 : 1
10:05:02.276 [AsyncHttpClient-1-2] DEBUG o.a.netty.handler.HttpHandler - 

Request DefaultHttpRequest(decodeResult: success, version: HTTP/1.1)
POST /session/2a3af96831b882b11e0c9a5e198cdea2/url HTTP/1.1
User-Agent: selenium/4.1.1 (java mac)
Content-Length: 86
Content-Type: application/json; charset=utf-8
host: localhost:58649
accept: */*

Response DefaultHttpResponse(decodeResult: success, version: HTTP/1.1)
HTTP/1.1 200 OK
Content-Type: application/json; charset=utf-8
cache-control: no-cache
content-length: 14

10:05:02.276 [AsyncHttpClient-1-2] DEBUG o.a.netty.channel.ChannelManager - Adding key: http://localhost:58649 for channel [id: 0x778d9b35, L:/127.0.0.1:64987 - R:localhost/127.0.0.1:58649]
10:05:02.285 [Forwarding maximizeCurrentWindow on session 2a3af96831b882b11e0c9a5e198cdea2 to remote] DEBUG o.a.netty.request.NettyRequestSender - Using pooled Channel '[id: 0x778d9b35, L:/127.0.0.1:64987 - R:localhost/127.0.0.1:58649]' for 'POST' to 'http://localhost:58649/session/2a3af96831b882b11e0c9a5e198cdea2/window/maximize'
10:05:02.285 [Forwarding maximizeCurrentWindow on session 2a3af96831b882b11e0c9a5e198cdea2 to remote] DEBUG o.a.netty.request.NettyRequestSender - Using open Channel [id: 0x778d9b35, L:/127.0.0.1:64987 - R:localhost/127.0.0.1:58649] for POST '/session/2a3af96831b882b11e0c9a5e198cdea2/window/maximize'
10:05:02.413 [AsyncHttpClient-1-2] DEBUG o.a.netty.handler.HttpHandler - 

Request DefaultHttpRequest(decodeResult: success, version: HTTP/1.1)
POST /session/2a3af96831b882b11e0c9a5e198cdea2/window/maximize HTTP/1.1
User-Agent: selenium/4.1.1 (java mac)
Content-Length: 3
Content-Type: application/json; charset=utf-8
host: localhost:58649
accept: */*

Response DefaultHttpResponse(decodeResult: success, version: HTTP/1.1)
HTTP/1.1 200 OK
Content-Type: application/json; charset=utf-8
cache-control: no-cache
content-length: 50

10:05:02.413 [AsyncHttpClient-1-2] DEBUG o.a.netty.channel.ChannelManager - Adding key: http://localhost:58649 for channel [id: 0x778d9b35, L:/127.0.0.1:64987 - R:localhost/127.0.0.1:58649]
10:05:02.419 [Forwarding findElement on session 2a3af96831b882b11e0c9a5e198cdea2 to remote] DEBUG o.a.netty.request.NettyRequestSender - Using pooled Channel '[id: 0x778d9b35, L:/127.0.0.1:64987 - R:localhost/127.0.0.1:58649]' for 'POST' to 'http://localhost:58649/session/2a3af96831b882b11e0c9a5e198cdea2/element'
10:05:02.419 [Forwarding findElement on session 2a3af96831b882b11e0c9a5e198cdea2 to remote] DEBUG o.a.netty.request.NettyRequestSender - Using open Channel [id: 0x778d9b35, L:/127.0.0.1:64987 - R:localhost/127.0.0.1:58649] for POST '/session/2a3af96831b882b11e0c9a5e198cdea2/element'
10:05:02.432 [AsyncHttpClient-1-2] DEBUG o.a.netty.handler.HttpHandler - 

Request DefaultHttpRequest(decodeResult: success, version: HTTP/1.1)
POST /session/2a3af96831b882b11e0c9a5e198cdea2/element HTTP/1.1
User-Agent: selenium/4.1.1 (java mac)
Content-Length: 54
Content-Type: application/json; charset=utf-8
host: localhost:58649
accept: */*

Response DefaultHttpResponse(decodeResult: success, version: HTTP/1.1)
HTTP/1.1 200 OK
Content-Type: application/json; charset=utf-8
cache-control: no-cache
content-length: 88

10:05:02.432 [AsyncHttpClient-1-2] DEBUG o.a.netty.channel.ChannelManager - Adding key: http://localhost:58649 for channel [id: 0x778d9b35, L:/127.0.0.1:64987 - R:localhost/127.0.0.1:58649]
10:05:02.444 [Forwarding findElement on session 2a3af96831b882b11e0c9a5e198cdea2 to remote] DEBUG o.a.netty.request.NettyRequestSender - Using pooled Channel '[id: 0x778d9b35, L:/127.0.0.1:64987 - R:localhost/127.0.0.1:58649]' for 'POST' to 'http://localhost:58649/session/2a3af96831b882b11e0c9a5e198cdea2/element'
10:05:02.444 [Forwarding findElement on session 2a3af96831b882b11e0c9a5e198cdea2 to remote] DEBUG o.a.netty.request.NettyRequestSender - Using open Channel [id: 0x778d9b35, L:/127.0.0.1:64987 - R:localhost/127.0.0.1:58649] for POST '/session/2a3af96831b882b11e0c9a5e198cdea2/element'
10:05:02.451 [AsyncHttpClient-1-2] DEBUG o.a.netty.handler.HttpHandler - 

Request DefaultHttpRequest(decodeResult: success, version: HTTP/1.1)
POST /session/2a3af96831b882b11e0c9a5e198cdea2/element HTTP/1.1
User-Agent: selenium/4.1.1 (java mac)
Content-Length: 54
Content-Type: application/json; charset=utf-8
host: localhost:58649
accept: */*

Response DefaultHttpResponse(decodeResult: success, version: HTTP/1.1)
HTTP/1.1 200 OK
Content-Type: application/json; charset=utf-8
cache-control: no-cache
content-length: 88

10:05:02.451 [AsyncHttpClient-1-2] DEBUG o.a.netty.channel.ChannelManager - Adding key: http://localhost:58649 for channel [id: 0x778d9b35, L:/127.0.0.1:64987 - R:localhost/127.0.0.1:58649]
10:05:02.453 [Forwarding findElement on session 2a3af96831b882b11e0c9a5e198cdea2 to remote] DEBUG o.a.netty.request.NettyRequestSender - Using pooled Channel '[id: 0x778d9b35, L:/127.0.0.1:64987 - R:localhost/127.0.0.1:58649]' for 'POST' to 'http://localhost:58649/session/2a3af96831b882b11e0c9a5e198cdea2/element'
10:05:02.454 [Forwarding findElement on session 2a3af96831b882b11e0c9a5e198cdea2 to remote] DEBUG o.a.netty.request.NettyRequestSender - Using open Channel [id: 0x778d9b35, L:/127.0.0.1:64987 - R:localhost/127.0.0.1:58649] for POST '/session/2a3af96831b882b11e0c9a5e198cdea2/element'
10:05:02.464 [AsyncHttpClient-1-2] DEBUG o.a.netty.handler.HttpHandler - 

Request DefaultHttpRequest(decodeResult: success, version: HTTP/1.1)
POST /session/2a3af96831b882b11e0c9a5e198cdea2/element HTTP/1.1
User-Agent: selenium/4.1.1 (java mac)
Content-Length: 54
Content-Type: application/json; charset=utf-8
host: localhost:58649
accept: */*

Response DefaultHttpResponse(decodeResult: success, version: HTTP/1.1)
HTTP/1.1 200 OK
Content-Type: application/json; charset=utf-8
cache-control: no-cache
content-length: 88

10:05:02.465 [AsyncHttpClient-1-2] DEBUG o.a.netty.channel.ChannelManager - Adding key: http://localhost:58649 for channel [id: 0x778d9b35, L:/127.0.0.1:64987 - R:localhost/127.0.0.1:58649]
10:05:02.476 [Forwarding actions on session 2a3af96831b882b11e0c9a5e198cdea2 to remote] DEBUG o.a.netty.request.NettyRequestSender - Using pooled Channel '[id: 0x778d9b35, L:/127.0.0.1:64987 - R:localhost/127.0.0.1:58649]' for 'POST' to 'http://localhost:58649/session/2a3af96831b882b11e0c9a5e198cdea2/actions'
10:05:02.476 [Forwarding actions on session 2a3af96831b882b11e0c9a5e198cdea2 to remote] DEBUG o.a.netty.request.NettyRequestSender - Using open Channel [id: 0x778d9b35, L:/127.0.0.1:64987 - R:localhost/127.0.0.1:58649] for POST '/session/2a3af96831b882b11e0c9a5e198cdea2/actions'
10:05:02.577 [AsyncHttpClient-1-1] DEBUG o.a.netty.channel.DefaultChannelPool - Entry count for : http://localhost:64989 : 1
10:05:02.837 [AsyncHttpClient-1-2] DEBUG o.a.netty.handler.HttpHandler - 

Request DefaultHttpRequest(decodeResult: success, version: HTTP/1.1)
POST /session/2a3af96831b882b11e0c9a5e198cdea2/actions HTTP/1.1
User-Agent: selenium/4.1.1 (java mac)
Content-Length: 1314
Content-Type: application/json; charset=utf-8
host: localhost:58649
accept: */*

Response DefaultHttpResponse(decodeResult: success, version: HTTP/1.1)
HTTP/1.1 200 OK
Content-Type: application/json; charset=utf-8
cache-control: no-cache
content-length: 14

10:05:02.838 [AsyncHttpClient-1-2] DEBUG o.a.netty.channel.ChannelManager - Adding key: http://localhost:58649 for channel [id: 0x778d9b35, L:/127.0.0.1:64987 - R:localhost/127.0.0.1:58649]
10:05:03.676 [AsyncHttpClient-1-1] DEBUG o.a.netty.channel.DefaultChannelPool - Entry count for : http://localhost:64989 : 1
10:05:03.676 [AsyncHttpClient-1-1] DEBUG o.a.netty.channel.DefaultChannelPool - Entry count for : http://localhost:58649 : 1
10:05:04.775 [AsyncHttpClient-1-1] DEBUG o.a.netty.channel.DefaultChannelPool - Entry count for : http://localhost:64989 : 1
10:05:04.775 [AsyncHttpClient-1-1] DEBUG o.a.netty.channel.DefaultChannelPool - Entry count for : http://localhost:58649 : 1
10:05:05.875 [AsyncHttpClient-1-1] DEBUG o.a.netty.channel.DefaultChannelPool - Entry count for : http://localhost:64989 : 1
10:05:05.875 [AsyncHttpClient-1-1] DEBUG o.a.netty.channel.DefaultChannelPool - Entry count for : http://localhost:58649 : 1
10:05:06.980 [AsyncHttpClient-1-1] DEBUG o.a.netty.channel.DefaultChannelPool - Entry count for : http://localhost:64989 : 1
10:05:06.981 [AsyncHttpClient-1-1] DEBUG o.a.netty.channel.DefaultChannelPool - Entry count for : http://localhost:58649 : 1
10:05:07.845 [Forwarding findElement on session 2a3af96831b882b11e0c9a5e198cdea2 to remote] DEBUG o.a.netty.request.NettyRequestSender - Using pooled Channel '[id: 0x778d9b35, L:/127.0.0.1:64987 - R:localhost/127.0.0.1:58649]' for 'POST' to 'http://localhost:58649/session/2a3af96831b882b11e0c9a5e198cdea2/element'
10:05:07.846 [Forwarding findElement on session 2a3af96831b882b11e0c9a5e198cdea2 to remote] DEBUG o.a.netty.request.NettyRequestSender - Using open Channel [id: 0x778d9b35, L:/127.0.0.1:64987 - R:localhost/127.0.0.1:58649] for POST '/session/2a3af96831b882b11e0c9a5e198cdea2/element'
10:05:07.855 [AsyncHttpClient-1-2] DEBUG o.a.netty.handler.HttpHandler - 

Request DefaultHttpRequest(decodeResult: success, version: HTTP/1.1)
POST /session/2a3af96831b882b11e0c9a5e198cdea2/element HTTP/1.1
User-Agent: selenium/4.1.1 (java mac)
Content-Length: 54
Content-Type: application/json; charset=utf-8
host: localhost:58649
accept: */*

Response DefaultHttpResponse(decodeResult: success, version: HTTP/1.1)
HTTP/1.1 200 OK
Content-Type: application/json; charset=utf-8
cache-control: no-cache
content-length: 88

10:05:07.855 [AsyncHttpClient-1-2] DEBUG o.a.netty.channel.ChannelManager - Adding key: http://localhost:58649 for channel [id: 0x778d9b35, L:/127.0.0.1:64987 - R:localhost/127.0.0.1:58649]
10:05:07.876 [Forwarding getElementText on session 2a3af96831b882b11e0c9a5e198cdea2 to remote] DEBUG o.a.netty.request.NettyRequestSender - Using pooled Channel '[id: 0x778d9b35, L:/127.0.0.1:64987 - R:localhost/127.0.0.1:58649]' for 'GET' to 'http://localhost:58649/session/2a3af96831b882b11e0c9a5e198cdea2/element/67a51741-4ea5-4da8-97c7-514fe6560a78/text'
10:05:07.876 [Forwarding getElementText on session 2a3af96831b882b11e0c9a5e198cdea2 to remote] DEBUG o.a.netty.request.NettyRequestSender - Using open Channel [id: 0x778d9b35, L:/127.0.0.1:64987 - R:localhost/127.0.0.1:58649] for GET '/session/2a3af96831b882b11e0c9a5e198cdea2/element/67a51741-4ea5-4da8-97c7-514fe6560a78/text'
10:05:07.889 [AsyncHttpClient-1-2] DEBUG o.a.netty.handler.HttpHandler - 

Request DefaultFullHttpRequest(decodeResult: success, version: HTTP/1.1, content: EmptyByteBufBE)
GET /session/2a3af96831b882b11e0c9a5e198cdea2/element/67a51741-4ea5-4da8-97c7-514fe6560a78/text HTTP/1.1
User-Agent: selenium/4.1.1 (java mac)
Cache-Control: no-cache
Content-Type: application/json; charset=utf-8
host: localhost:58649
accept: */*

Response DefaultHttpResponse(decodeResult: success, version: HTTP/1.1)
HTTP/1.1 200 OK
Content-Type: application/json; charset=utf-8
cache-control: no-cache
content-length: 20

10:05:07.889 [AsyncHttpClient-1-2] DEBUG o.a.netty.channel.ChannelManager - Adding key: http://localhost:58649 for channel [id: 0x778d9b35, L:/127.0.0.1:64987 - R:localhost/127.0.0.1:58649]
10:05:07.901 [Driver Command Executor] DEBUG o.a.netty.request.NettyRequestSender - Using pooled Channel '[id: 0x778d9b35, L:/127.0.0.1:64987 - R:localhost/127.0.0.1:58649]' for 'DELETE' to 'http://localhost:58649/session/2a3af96831b882b11e0c9a5e198cdea2'
10:05:07.901 [Driver Command Executor] DEBUG o.a.netty.request.NettyRequestSender - Using open Channel [id: 0x778d9b35, L:/127.0.0.1:64987 - R:localhost/127.0.0.1:58649] for DELETE '/session/2a3af96831b882b11e0c9a5e198cdea2'
10:05:07.947 [AsyncHttpClient-1-3] DEBUG o.a.netty.handler.HttpHandler - Channel Closed: [id: 0x0156b11e, L:/127.0.0.1:64999 ! R:localhost/127.0.0.1:64989] with attribute DISCARD
10:05:07.947 [AsyncHttpClient-1-4] DEBUG o.a.netty.handler.WebSocketHandler - Channel Closed: [id: 0x3fd8f0c6, L:/127.0.0.1:65000 ! R:localhost/127.0.0.1:64989] with attribute NettyResponseFuture{currentRetry=5,
	isDone=1,
	isCancelled=0,
	asyncHandler=org.asynchttpclient.ws.WebSocketUpgradeHandler@5c242f58,
	nettyRequest=org.asynchttpclient.netty.request.NettyRequest@7419d6d1,
	future=java.util.concurrent.CompletableFuture@32260545[Completed normally],
	uri=ws://localhost:64989/devtools/browser/c7b05397-9456-4e04-8985-32a2ea4b7776,
	keepAlive=true,
	redirectCount=0,
	timeoutsHolder=null,
	inAuth=0,
	touch=1644303901289}
10:05:07.948 [AsyncHttpClient-1-4] DEBUG o.a.netty.channel.ChannelManager - Closing Channel [id: 0x3fd8f0c6, L:/127.0.0.1:65000 ! R:localhost/127.0.0.1:64989] 
10:05:08.005 [AsyncHttpClient-1-2] DEBUG o.a.netty.handler.HttpHandler - 

Request DefaultFullHttpRequest(decodeResult: success, version: HTTP/1.1, content: EmptyByteBufBE)
DELETE /session/2a3af96831b882b11e0c9a5e198cdea2 HTTP/1.1
User-Agent: selenium/4.1.1 (java mac)
Content-Type: application/json; charset=utf-8
host: localhost:58649
accept: */*

Response DefaultHttpResponse(decodeResult: success, version: HTTP/1.1)
HTTP/1.1 200 OK
Content-Type: application/json; charset=utf-8
cache-control: no-cache
content-length: 14

10:05:08.006 [AsyncHttpClient-1-2] DEBUG o.a.netty.channel.ChannelManager - Adding key: http://localhost:58649 for channel [id: 0x778d9b35, L:/127.0.0.1:64987 - R:localhost/127.0.0.1:58649]
10:05:08.031 [AsyncHttpClient-1-2] DEBUG o.a.netty.handler.HttpHandler - Channel Closed: [id: 0x778d9b35, L:/127.0.0.1:64987 ! R:localhost/127.0.0.1:58649] with attribute DISCARD
10:05:08.077 [AsyncHttpClient-1-1] DEBUG o.a.netty.channel.DefaultChannelPool - Entry count for : http://localhost:64989 : 1
10:05:08.078 [AsyncHttpClient-1-1] DEBUG o.a.netty.channel.DefaultChannelPool - Entry count for : http://localhost:58649 : 1
10:05:08.078 [AsyncHttpClient-1-1] DEBUG o.a.netty.channel.DefaultChannelPool - Adding Candidate expired Channel [id: 0x0156b11e, L:/127.0.0.1:64999 ! R:localhost/127.0.0.1:64989] isIdleTimeoutExpired=false isRemotelyClosed=true isTtlExpired=false
10:05:08.078 [AsyncHttpClient-1-1] DEBUG o.a.netty.channel.DefaultChannelPool - Closing Idle Channel [id: 0x0156b11e, L:/127.0.0.1:64999 ! R:localhost/127.0.0.1:64989]
10:05:08.078 [AsyncHttpClient-1-1] DEBUG o.a.netty.channel.DefaultChannelPool - Adding Candidate expired Channel [id: 0x778d9b35, L:/127.0.0.1:64987 ! R:localhost/127.0.0.1:58649] isIdleTimeoutExpired=false isRemotelyClosed=true isTtlExpired=false
10:05:08.078 [AsyncHttpClient-1-1] DEBUG o.a.netty.channel.DefaultChannelPool - Closing Idle Channel [id: 0x778d9b35, L:/127.0.0.1:64987 ! R:localhost/127.0.0.1:58649]
10:05:08.078 [AsyncHttpClient-1-1] DEBUG o.a.netty.channel.DefaultChannelPool - Closed 2 connections out of 2 in 0 ms
]]></system-out>
    <system-err><![CDATA[Starting ChromeDriver 97.0.4692.71 (adefa7837d02a07a604c1e6eff0b3a09422ab88d-refs/branch-heads/4692@{#1247}) on port 58649
Only local connections are allowed.
Please see https://chromedriver.chromium.org/security-considerations for suggestions on keeping ChromeDriver safe.
ChromeDriver was started successfully.
фев 08, 2022 10:05:01 AM org.openqa.selenium.remote.ProtocolHandshake createSession
INFO: Detected dialect: W3C
фев 08, 2022 10:05:01 AM org.openqa.selenium.devtools.CdpVersionFinder findNearestMatch
WARNING: Unable to find an exact match for CDP version 97, so returning the closest version found: 96
фев 08, 2022 10:05:01 AM org.openqa.selenium.devtools.CdpVersionFinder findNearestMatch
INFO: Found CDP implementation for version 97 of 96
]]></system-err>
  </testcase>
</testsuite>