<?xml version="1.0" encoding="UTF-8"?>
<testsuite xmlns:xsi="http://www.w3.org/2001/XMLSchema-instance" xsi:noNamespaceSchemaLocation="https://maven.apache.org/surefire/maven-surefire-plugin/xsd/surefire-test-report-3.0.xsd" version="3.0" name="com.geekbrains.lesson5.DiaryTest" time="17.503" tests="1" errors="0" skipped="0" failures="0">
  <properties>
[...]
</properties>
  <testcase name="diaryCookieTest" classname="com.geekbrains.lesson5.DiaryTest" time="17.116">
    <system-out><![CDATA[17:54:42.240 [main] DEBUG i.g.b.wdm.cache.ResolutionCache - Resolution chrome=97 in cache (valid until 18:02:53 29/01/2022 MSK)
17:54:42.242 [main] DEBUG i.g.b.wdm.cache.ResolutionCache - Resolution chrome97=97.0.4692.71 in cache (valid until 14:55:53 30/01/2022 MSK)
17:54:42.242 [main] INFO  i.g.bonigarcia.wdm.WebDriverManager - Using chromedriver 97.0.4692.71 (resolved driver for Chrome 97)
17:54:42.258 [main] DEBUG i.g.bonigarcia.wdm.WebDriverManager - Driver chromedriver 97.0.4692.71 found in cache
17:54:42.259 [main] INFO  i.g.bonigarcia.wdm.WebDriverManager - Exporting webdriver.chrome.driver as /Users/alexei77/.cache/selenium/chromedriver/mac64/97.0.4692.71/chromedriver
17:54:42.454 [main] DEBUG i.n.u.i.l.InternalLoggerFactory - Using SLF4J as the default logging framework
17:54:42.459 [main] DEBUG io.netty.util.ResourceLeakDetector - -Dio.netty.leakDetection.level: simple
17:54:42.459 [main] DEBUG io.netty.util.ResourceLeakDetector - -Dio.netty.leakDetection.targetRecords: 4
17:54:42.465 [main] DEBUG i.n.util.ResourceLeakDetectorFactory - Loaded default ResourceLeakDetector: io.netty.util.ResourceLeakDetector@7c56e013
17:54:42.486 [main] DEBUG i.n.util.internal.PlatformDependent0 - -Dio.netty.noUnsafe: false
17:54:42.486 [main] DEBUG i.n.util.internal.PlatformDependent0 - Java version: 8
17:54:42.487 [main] DEBUG i.n.util.internal.PlatformDependent0 - sun.misc.Unsafe.theUnsafe: available
17:54:42.488 [main] DEBUG i.n.util.internal.PlatformDependent0 - sun.misc.Unsafe.copyMemory: available
17:54:42.488 [main] DEBUG i.n.util.internal.PlatformDependent0 - java.nio.Buffer.address: available
17:54:42.489 [main] DEBUG i.n.util.internal.PlatformDependent0 - direct buffer constructor: available
17:54:42.489 [main] DEBUG i.n.util.internal.PlatformDependent0 - java.nio.Bits.unaligned: available, true
17:54:42.489 [main] DEBUG i.n.util.internal.PlatformDependent0 - jdk.internal.misc.Unsafe.allocateUninitializedArray(int): unavailable prior to Java9
17:54:42.489 [main] DEBUG i.n.util.internal.PlatformDependent0 - java.nio.DirectByteBuffer.<init>(long, int): available
17:54:42.490 [main] DEBUG i.n.util.internal.PlatformDependent - sun.misc.Unsafe: available
17:54:42.490 [main] DEBUG i.n.util.internal.PlatformDependent - -Dio.netty.tmpdir: /var/folders/rn/z2x6wyrn3dg0kywd28v1qsrw0000gn/T (java.io.tmpdir)
17:54:42.490 [main] DEBUG i.n.util.internal.PlatformDependent - -Dio.netty.bitMode: 64 (sun.arch.data.model)
17:54:42.490 [main] DEBUG i.n.util.internal.PlatformDependent - Platform: MacOS
17:54:42.492 [main] DEBUG i.n.util.internal.PlatformDependent - -Dio.netty.maxDirectMemory: 1908932608 bytes
17:54:42.492 [main] DEBUG i.n.util.internal.PlatformDependent - -Dio.netty.uninitializedArrayAllocationThreshold: -1
17:54:42.493 [main] DEBUG io.netty.util.internal.CleanerJava6 - java.nio.ByteBuffer.cleaner(): available
17:54:42.493 [main] DEBUG i.n.util.internal.PlatformDependent - -Dio.netty.noPreferDirect: false
17:54:42.500 [main] DEBUG i.n.util.internal.PlatformDependent - org.jctools-core.MpscChunkedArrayQueue: available
17:54:42.529 [main] DEBUG i.n.u.i.InternalThreadLocalMap - -Dio.netty.threadLocalMap.stringBuilder.initialSize: 1024
17:54:42.529 [main] DEBUG i.n.u.i.InternalThreadLocalMap - -Dio.netty.threadLocalMap.stringBuilder.maxSize: 4096
17:54:42.555 [main] DEBUG io.netty.handler.ssl.JdkSslContext - Default protocols (JDK): [TLSv1.2] 
17:54:42.556 [main] DEBUG io.netty.handler.ssl.JdkSslContext - Default cipher suites (JDK): [TLS_ECDHE_ECDSA_WITH_AES_256_GCM_SHA384, TLS_ECDHE_ECDSA_WITH_AES_128_GCM_SHA256, TLS_ECDHE_RSA_WITH_AES_128_GCM_SHA256, TLS_ECDHE_RSA_WITH_AES_256_GCM_SHA384, TLS_ECDHE_RSA_WITH_AES_128_CBC_SHA, TLS_ECDHE_RSA_WITH_AES_256_CBC_SHA, TLS_RSA_WITH_AES_128_GCM_SHA256, TLS_RSA_WITH_AES_128_CBC_SHA, TLS_RSA_WITH_AES_256_CBC_SHA, TLS_AES_128_GCM_SHA256, TLS_AES_256_GCM_SHA384]
17:54:42.587 [main] DEBUG i.n.c.MultithreadEventLoopGroup - -Dio.netty.eventLoopThreads: 16
17:54:42.599 [main] DEBUG io.netty.channel.nio.NioEventLoop - -Dio.netty.noKeySetOptimization: false
17:54:42.599 [main] DEBUG io.netty.channel.nio.NioEventLoop - -Dio.netty.selectorAutoRebuildThreshold: 512
17:54:42.635 [main] DEBUG i.n.buffer.PooledByteBufAllocator - -Dio.netty.allocator.numHeapArenas: 16
17:54:42.635 [main] DEBUG i.n.buffer.PooledByteBufAllocator - -Dio.netty.allocator.numDirectArenas: 16
17:54:42.635 [main] DEBUG i.n.buffer.PooledByteBufAllocator - -Dio.netty.allocator.pageSize: 8192
17:54:42.635 [main] DEBUG i.n.buffer.PooledByteBufAllocator - -Dio.netty.allocator.maxOrder: 11
17:54:42.635 [main] DEBUG i.n.buffer.PooledByteBufAllocator - -Dio.netty.allocator.chunkSize: 16777216
17:54:42.635 [main] DEBUG i.n.buffer.PooledByteBufAllocator - -Dio.netty.allocator.smallCacheSize: 256
17:54:42.635 [main] DEBUG i.n.buffer.PooledByteBufAllocator - -Dio.netty.allocator.normalCacheSize: 64
17:54:42.635 [main] DEBUG i.n.buffer.PooledByteBufAllocator - -Dio.netty.allocator.maxCachedBufferCapacity: 32768
17:54:42.635 [main] DEBUG i.n.buffer.PooledByteBufAllocator - -Dio.netty.allocator.cacheTrimInterval: 8192
17:54:42.635 [main] DEBUG i.n.buffer.PooledByteBufAllocator - -Dio.netty.allocator.cacheTrimIntervalMillis: 0
17:54:42.635 [main] DEBUG i.n.buffer.PooledByteBufAllocator - -Dio.netty.allocator.useCacheForAllThreads: true
17:54:42.635 [main] DEBUG i.n.buffer.PooledByteBufAllocator - -Dio.netty.allocator.maxCachedByteBuffersPerChunk: 1023
17:54:42.645 [main] DEBUG io.netty.buffer.ByteBufUtil - -Dio.netty.allocator.type: pooled
17:54:42.645 [main] DEBUG io.netty.buffer.ByteBufUtil - -Dio.netty.threadLocalDirectBufferSize: 0
17:54:42.646 [main] DEBUG io.netty.buffer.ByteBufUtil - -Dio.netty.maxThreadLocalCharBufferSize: 16384
17:54:48.130 [Forwarding newSession on session null to remote] DEBUG io.netty.channel.DefaultChannelId - -Dio.netty.processId: 62095 (auto-detected)
17:54:48.133 [Forwarding newSession on session null to remote] DEBUG io.netty.util.NetUtil - -Djava.net.preferIPv4Stack: false
17:54:48.133 [Forwarding newSession on session null to remote] DEBUG io.netty.util.NetUtil - -Djava.net.preferIPv6Addresses: false
17:54:48.135 [Forwarding newSession on session null to remote] DEBUG io.netty.util.NetUtilInitializations - Loopback interface: lo0 (lo0, 0:0:0:0:0:0:0:1%lo0)
17:54:48.136 [Forwarding newSession on session null to remote] DEBUG io.netty.util.NetUtil - Failed to get SOMAXCONN from sysctl and file /proc/sys/net/core/somaxconn. Default: 128
17:54:48.139 [Forwarding newSession on session null to remote] DEBUG io.netty.channel.DefaultChannelId - -Dio.netty.machineId: ac:de:48:ff:fe:00:11:22 (auto-detected)
17:54:48.199 [AsyncHttpClient-1-2] DEBUG io.netty.buffer.AbstractByteBuf - -Dio.netty.buffer.checkAccessible: true
17:54:48.199 [AsyncHttpClient-1-2] DEBUG io.netty.buffer.AbstractByteBuf - -Dio.netty.buffer.checkBounds: true
17:54:48.199 [AsyncHttpClient-1-2] DEBUG i.n.util.ResourceLeakDetectorFactory - Loaded default ResourceLeakDetector: io.netty.util.ResourceLeakDetector@336b5d9f
17:54:48.218 [AsyncHttpClient-1-2] DEBUG o.a.n.channel.NettyConnectListener - Using new Channel '[id: 0x8dc5c0f0, L:/127.0.0.1:52192 - R:localhost/127.0.0.1:65153]' for 'POST' to '/session'
17:54:48.236 [AsyncHttpClient-1-2] DEBUG io.netty.util.Recycler - -Dio.netty.recycler.maxCapacityPerThread: 4096
17:54:48.236 [AsyncHttpClient-1-2] DEBUG io.netty.util.Recycler - -Dio.netty.recycler.maxSharedCapacityFactor: 2
17:54:48.236 [AsyncHttpClient-1-2] DEBUG io.netty.util.Recycler - -Dio.netty.recycler.linkCapacity: 16
17:54:48.236 [AsyncHttpClient-1-2] DEBUG io.netty.util.Recycler - -Dio.netty.recycler.ratio: 8
17:54:48.236 [AsyncHttpClient-1-2] DEBUG io.netty.util.Recycler - -Dio.netty.recycler.delayedQueue.ratio: 8
17:54:52.329 [AsyncHttpClient-1-2] DEBUG i.n.handler.codec.compression.Brotli - brotli4j not in the classpath; Brotli support will be unavailable.
17:54:52.330 [AsyncHttpClient-1-2] DEBUG o.a.netty.handler.HttpHandler - 

Request DefaultHttpRequest(decodeResult: success, version: HTTP/1.1)
POST /session HTTP/1.1
User-Agent: selenium/4.1.1 (java mac)
Content-Length: 365
Content-Type: application/json; charset=utf-8
host: localhost:65153
accept: */*

Response DefaultHttpResponse(decodeResult: success, version: HTTP/1.1)
HTTP/1.1 200 OK
Content-Type: application/json; charset=utf-8
cache-control: no-cache
content-length: 798

17:54:52.346 [AsyncHttpClient-1-2] DEBUG o.a.netty.channel.ChannelManager - Adding key: http://localhost:65153 for channel [id: 0x8dc5c0f0, L:/127.0.0.1:52192 - R:localhost/127.0.0.1:65153]
17:54:52.412 [AsyncHttpClient-1-1] DEBUG o.a.netty.channel.DefaultChannelPool - Entry count for : http://localhost:65153 : 1
17:54:52.461 [AsyncHttpClient-1-3] DEBUG o.a.n.channel.NettyConnectListener - Using new Channel '[id: 0x68d2ae04, L:/127.0.0.1:52199 - R:localhost/127.0.0.1:52193]' for 'GET' to '/json/version'
17:54:52.464 [AsyncHttpClient-1-3] DEBUG o.a.netty.handler.HttpHandler - 

Request DefaultFullHttpRequest(decodeResult: success, version: HTTP/1.1, content: EmptyByteBufBE)
GET /json/version HTTP/1.1
User-Agent: selenium/4.1.1 (java mac)
host: localhost:52193
accept: */*

Response DefaultHttpResponse(decodeResult: success, version: HTTP/1.1)
HTTP/1.1 200 OK
Content-Type: application/json; charset=UTF-8
content-length: 422

17:54:52.465 [AsyncHttpClient-1-3] DEBUG o.a.netty.channel.ChannelManager - Adding key: http://localhost:52193 for channel [id: 0x68d2ae04, L:/127.0.0.1:52199 - R:localhost/127.0.0.1:52193]
17:54:52.475 [main] DEBUG i.n.util.internal.ThreadLocalRandom - -Dio.netty.initialSeedUniquifier: 0x912feeb6bc98c759
17:54:52.480 [AsyncHttpClient-1-4] DEBUG o.a.n.channel.NettyConnectListener - Using new Channel '[id: 0x3df71347, L:/127.0.0.1:52200 - R:localhost/127.0.0.1:52193]' for 'GET' to '/devtools/browser/14927155-4442-4236-a6a8-a8dfacd565df'
17:54:52.481 [AsyncHttpClient-1-4] DEBUG o.a.netty.handler.WebSocketHandler - 

Request DefaultFullHttpRequest(decodeResult: success, version: HTTP/1.1, content: EmptyByteBufBE)
GET /devtools/browser/14927155-4442-4236-a6a8-a8dfacd565df HTTP/1.1
upgrade: websocket
connection: upgrade
sec-websocket-key: 46mNrIf0yz60BzARsS3gkg==
sec-websocket-version: 13
origin: http://localhost:52193
host: localhost:52193
accept: */*
user-agent: AHC/2.1

Response DefaultHttpResponse(decodeResult: success, version: HTTP/1.1)
HTTP/1.1 101 WebSocket Protocol Handshake
Upgrade: WebSocket
Connection: Upgrade
Sec-WebSocket-Accept: jn87U7JseIh3oymAmGFjUH3bgek=

17:54:52.538 [Forwarding get on session 27fbea6a3fff571c0e877aa055e7fbd4 to remote] DEBUG o.a.netty.request.NettyRequestSender - Using pooled Channel '[id: 0x8dc5c0f0, L:/127.0.0.1:52192 - R:localhost/127.0.0.1:65153]' for 'POST' to 'http://localhost:65153/session/27fbea6a3fff571c0e877aa055e7fbd4/url'
17:54:52.538 [Forwarding get on session 27fbea6a3fff571c0e877aa055e7fbd4 to remote] DEBUG o.a.netty.request.NettyRequestSender - Using open Channel [id: 0x8dc5c0f0, L:/127.0.0.1:52192 - R:localhost/127.0.0.1:65153] for POST '/session/27fbea6a3fff571c0e877aa055e7fbd4/url'
17:54:53.509 [AsyncHttpClient-1-1] DEBUG o.a.netty.channel.DefaultChannelPool - Entry count for : http://localhost:52193 : 1
17:54:54.132 [AsyncHttpClient-1-2] DEBUG o.a.netty.handler.HttpHandler - 

Request DefaultHttpRequest(decodeResult: success, version: HTTP/1.1)
POST /session/27fbea6a3fff571c0e877aa055e7fbd4/url HTTP/1.1
User-Agent: selenium/4.1.1 (java mac)
Content-Length: 41
Content-Type: application/json; charset=utf-8
host: localhost:65153
accept: */*

Response DefaultHttpResponse(decodeResult: success, version: HTTP/1.1)
HTTP/1.1 200 OK
Content-Type: application/json; charset=utf-8
cache-control: no-cache
content-length: 14

17:54:54.132 [AsyncHttpClient-1-2] DEBUG o.a.netty.channel.ChannelManager - Adding key: http://localhost:65153 for channel [id: 0x8dc5c0f0, L:/127.0.0.1:52192 - R:localhost/127.0.0.1:65153]
17:54:54.154 [Forwarding addCookie on session 27fbea6a3fff571c0e877aa055e7fbd4 to remote] DEBUG o.a.netty.request.NettyRequestSender - Using pooled Channel '[id: 0x8dc5c0f0, L:/127.0.0.1:52192 - R:localhost/127.0.0.1:65153]' for 'POST' to 'http://localhost:65153/session/27fbea6a3fff571c0e877aa055e7fbd4/cookie'
17:54:54.154 [Forwarding addCookie on session 27fbea6a3fff571c0e877aa055e7fbd4 to remote] DEBUG o.a.netty.request.NettyRequestSender - Using open Channel [id: 0x8dc5c0f0, L:/127.0.0.1:52192 - R:localhost/127.0.0.1:65153] for POST '/session/27fbea6a3fff571c0e877aa055e7fbd4/cookie'
17:54:54.160 [AsyncHttpClient-1-2] DEBUG o.a.netty.handler.HttpHandler - 

Request DefaultHttpRequest(decodeResult: success, version: HTTP/1.1)
POST /session/27fbea6a3fff571c0e877aa055e7fbd4/cookie HTTP/1.1
User-Agent: selenium/4.1.1 (java mac)
Content-Length: 333
Content-Type: application/json; charset=utf-8
host: localhost:65153
accept: */*

Response DefaultHttpResponse(decodeResult: success, version: HTTP/1.1)
HTTP/1.1 200 OK
Content-Type: application/json; charset=utf-8
cache-control: no-cache
content-length: 14

17:54:54.160 [AsyncHttpClient-1-2] DEBUG o.a.netty.channel.ChannelManager - Adding key: http://localhost:65153 for channel [id: 0x8dc5c0f0, L:/127.0.0.1:52192 - R:localhost/127.0.0.1:65153]
17:54:54.162 [Forwarding refresh on session 27fbea6a3fff571c0e877aa055e7fbd4 to remote] DEBUG o.a.netty.request.NettyRequestSender - Using pooled Channel '[id: 0x8dc5c0f0, L:/127.0.0.1:52192 - R:localhost/127.0.0.1:65153]' for 'POST' to 'http://localhost:65153/session/27fbea6a3fff571c0e877aa055e7fbd4/refresh'
17:54:54.162 [Forwarding refresh on session 27fbea6a3fff571c0e877aa055e7fbd4 to remote] DEBUG o.a.netty.request.NettyRequestSender - Using open Channel [id: 0x8dc5c0f0, L:/127.0.0.1:52192 - R:localhost/127.0.0.1:65153] for POST '/session/27fbea6a3fff571c0e877aa055e7fbd4/refresh'
17:54:54.166 [AsyncHttpClient-1-2] DEBUG o.a.netty.handler.HttpHandler - 

Request DefaultHttpRequest(decodeResult: success, version: HTTP/1.1)
POST /session/27fbea6a3fff571c0e877aa055e7fbd4/refresh HTTP/1.1
User-Agent: selenium/4.1.1 (java mac)
Content-Length: 3
Content-Type: application/json; charset=utf-8
host: localhost:65153
accept: */*

Response DefaultHttpResponse(decodeResult: success, version: HTTP/1.1)
HTTP/1.1 200 OK
Content-Type: application/json; charset=utf-8
cache-control: no-cache
content-length: 14

17:54:54.166 [AsyncHttpClient-1-2] DEBUG o.a.netty.channel.ChannelManager - Adding key: http://localhost:65153 for channel [id: 0x8dc5c0f0, L:/127.0.0.1:52192 - R:localhost/127.0.0.1:65153]
17:54:54.607 [AsyncHttpClient-1-1] DEBUG o.a.netty.channel.DefaultChannelPool - Entry count for : http://localhost:52193 : 1
17:54:54.607 [AsyncHttpClient-1-1] DEBUG o.a.netty.channel.DefaultChannelPool - Entry count for : http://localhost:65153 : 1
17:54:55.711 [AsyncHttpClient-1-1] DEBUG o.a.netty.channel.DefaultChannelPool - Entry count for : http://localhost:52193 : 1
17:54:55.713 [AsyncHttpClient-1-1] DEBUG o.a.netty.channel.DefaultChannelPool - Entry count for : http://localhost:65153 : 1
17:54:56.809 [AsyncHttpClient-1-1] DEBUG o.a.netty.channel.DefaultChannelPool - Entry count for : http://localhost:52193 : 1
17:54:56.810 [AsyncHttpClient-1-1] DEBUG o.a.netty.channel.DefaultChannelPool - Entry count for : http://localhost:65153 : 1
17:54:57.913 [AsyncHttpClient-1-1] DEBUG o.a.netty.channel.DefaultChannelPool - Entry count for : http://localhost:52193 : 1
17:54:57.913 [AsyncHttpClient-1-1] DEBUG o.a.netty.channel.DefaultChannelPool - Entry count for : http://localhost:65153 : 1
17:54:59.012 [AsyncHttpClient-1-1] DEBUG o.a.netty.channel.DefaultChannelPool - Entry count for : http://localhost:52193 : 1
17:54:59.013 [AsyncHttpClient-1-1] DEBUG o.a.netty.channel.DefaultChannelPool - Entry count for : http://localhost:65153 : 1
17:54:59.189 [Driver Command Executor] DEBUG o.a.netty.request.NettyRequestSender - Using pooled Channel '[id: 0x8dc5c0f0, L:/127.0.0.1:52192 - R:localhost/127.0.0.1:65153]' for 'DELETE' to 'http://localhost:65153/session/27fbea6a3fff571c0e877aa055e7fbd4'
17:54:59.189 [Driver Command Executor] DEBUG o.a.netty.request.NettyRequestSender - Using open Channel [id: 0x8dc5c0f0, L:/127.0.0.1:52192 - R:localhost/127.0.0.1:65153] for DELETE '/session/27fbea6a3fff571c0e877aa055e7fbd4'
17:54:59.224 [AsyncHttpClient-1-4] DEBUG o.a.netty.handler.WebSocketHandler - Channel Closed: [id: 0x3df71347, L:/127.0.0.1:52200 ! R:localhost/127.0.0.1:52193] with attribute NettyResponseFuture{currentRetry=5,
	isDone=1,
	isCancelled=0,
	asyncHandler=org.asynchttpclient.ws.WebSocketUpgradeHandler@ded6d31,
	nettyRequest=org.asynchttpclient.netty.request.NettyRequest@763e1f0,
	future=java.util.concurrent.CompletableFuture@6eb9b68e[Completed normally],
	uri=ws://localhost:52193/devtools/browser/14927155-4442-4236-a6a8-a8dfacd565df,
	keepAlive=true,
	redirectCount=0,
	timeoutsHolder=null,
	inAuth=0,
	touch=1643468092493}
17:54:59.234 [AsyncHttpClient-1-4] DEBUG o.a.netty.channel.ChannelManager - Closing Channel [id: 0x3df71347, L:/127.0.0.1:52200 ! R:localhost/127.0.0.1:52193] 
17:54:59.239 [AsyncHttpClient-1-3] DEBUG o.a.netty.handler.HttpHandler - Channel Closed: [id: 0x68d2ae04, L:/127.0.0.1:52199 ! R:localhost/127.0.0.1:52193] with attribute DISCARD
17:54:59.242 [AsyncHttpClient-1-2] DEBUG o.a.netty.handler.HttpHandler - 

Request DefaultFullHttpRequest(decodeResult: success, version: HTTP/1.1, content: EmptyByteBufBE)
DELETE /session/27fbea6a3fff571c0e877aa055e7fbd4 HTTP/1.1
User-Agent: selenium/4.1.1 (java mac)
Content-Type: application/json; charset=utf-8
host: localhost:65153
accept: */*

Response DefaultHttpResponse(decodeResult: success, version: HTTP/1.1)
HTTP/1.1 200 OK
Content-Type: application/json; charset=utf-8
cache-control: no-cache
content-length: 14

17:54:59.244 [AsyncHttpClient-1-2] DEBUG o.a.netty.channel.ChannelManager - Adding key: http://localhost:65153 for channel [id: 0x8dc5c0f0, L:/127.0.0.1:52192 - R:localhost/127.0.0.1:65153]
17:54:59.314 [AsyncHttpClient-1-2] DEBUG o.a.netty.handler.HttpHandler - Channel Closed: [id: 0x8dc5c0f0, L:/127.0.0.1:52192 ! R:localhost/127.0.0.1:65153] with attribute DISCARD
]]></system-out>
    <system-err><![CDATA[Starting ChromeDriver 97.0.4692.71 (adefa7837d02a07a604c1e6eff0b3a09422ab88d-refs/branch-heads/4692@{#1247}) on port 65153
Only local connections are allowed.
Please see https://chromedriver.chromium.org/security-considerations for suggestions on keeping ChromeDriver safe.
ChromeDriver was started successfully.
янв 29, 2022 5:54:52 PM org.openqa.selenium.remote.ProtocolHandshake createSession
INFO: Detected dialect: W3C
янв 29, 2022 5:54:52 PM org.openqa.selenium.devtools.CdpVersionFinder findNearestMatch
WARNING: Unable to find an exact match for CDP version 97, so returning the closest version found: 96
янв 29, 2022 5:54:52 PM org.openqa.selenium.devtools.CdpVersionFinder findNearestMatch
INFO: Found CDP implementation for version 97 of 96
]]></system-err>
  </testcase>
</testsuite>