<?xml version="1.0" encoding="UTF-8"?>
<testsuite xmlns:xsi="http://www.w3.org/2001/XMLSchema-instance" xsi:noNamespaceSchemaLocation="https://maven.apache.org/surefire/maven-surefire-plugin/xsd/surefire-test-report-3.0.xsd" version="3.0" name="com.geekbrains.lesson5.AfishaTest" time="25.449" tests="2" errors="0" skipped="0" failures="0">
  <properties>
[...]
</properties>
  <testcase name="hoverMenuTest" classname="com.geekbrains.lesson5.AfishaTest" time="10.316">
    <system-out><![CDATA[23:59:13.720 [main] DEBUG i.g.b.wdm.cache.ResolutionCache - Resolution chrome=97 in cache (valid until 00:58:47 05/02/2022 MSK)
23:59:13.721 [main] DEBUG i.g.b.wdm.cache.ResolutionCache - Resolution chrome97=97.0.4692.71 in cache (valid until 23:58:47 05/02/2022 MSK)
23:59:13.721 [main] INFO  i.g.bonigarcia.wdm.WebDriverManager - Using chromedriver 97.0.4692.71 (resolved driver for Chrome 97)
23:59:13.727 [main] DEBUG i.g.bonigarcia.wdm.WebDriverManager - Driver chromedriver 97.0.4692.71 found in cache
23:59:13.728 [main] INFO  i.g.bonigarcia.wdm.WebDriverManager - Exporting webdriver.chrome.driver as /Users/alexei77/.cache/selenium/chromedriver/mac64/97.0.4692.71/chromedriver
23:59:13.790 [AsyncHttpClient-1-8] DEBUG o.a.n.channel.NettyConnectListener - Using new Channel '[id: 0x63b4439c, L:/127.0.0.1:56504 - R:localhost/127.0.0.1:58551]' for 'POST' to '/session'
23:59:14.213 [AsyncHttpClient-1-1] DEBUG o.a.netty.channel.DefaultChannelPool - Entry count for : http://localhost:56481 : 1
23:59:14.213 [AsyncHttpClient-1-1] DEBUG o.a.netty.channel.DefaultChannelPool - Entry count for : http://localhost:60392 : 1
23:59:14.213 [AsyncHttpClient-1-1] DEBUG o.a.netty.channel.DefaultChannelPool - Adding Candidate expired Channel [id: 0x8bc988b8, L:/127.0.0.1:56485 ! R:localhost/127.0.0.1:56481] isIdleTimeoutExpired=false isRemotelyClosed=true isTtlExpired=false
23:59:14.213 [AsyncHttpClient-1-1] DEBUG o.a.netty.channel.DefaultChannelPool - Closing Idle Channel [id: 0x8bc988b8, L:/127.0.0.1:56485 ! R:localhost/127.0.0.1:56481]
23:59:14.213 [AsyncHttpClient-1-1] DEBUG o.a.netty.channel.DefaultChannelPool - Adding Candidate expired Channel [id: 0x4ee9efbc, L:/127.0.0.1:56480 ! R:localhost/127.0.0.1:60392] isIdleTimeoutExpired=false isRemotelyClosed=true isTtlExpired=false
23:59:14.213 [AsyncHttpClient-1-1] DEBUG o.a.netty.channel.DefaultChannelPool - Closing Idle Channel [id: 0x4ee9efbc, L:/127.0.0.1:56480 ! R:localhost/127.0.0.1:60392]
23:59:14.213 [AsyncHttpClient-1-1] DEBUG o.a.netty.channel.DefaultChannelPool - Closed 2 connections out of 2 in 0 ms
23:59:14.986 [AsyncHttpClient-1-8] DEBUG o.a.netty.handler.HttpHandler - 

Request DefaultHttpRequest(decodeResult: success, version: HTTP/1.1)
POST /session HTTP/1.1
User-Agent: selenium/4.1.1 (java mac)
Content-Length: 365
Content-Type: application/json; charset=utf-8
host: localhost:58551
accept: */*

Response DefaultHttpResponse(decodeResult: success, version: HTTP/1.1)
HTTP/1.1 200 OK
Content-Type: application/json; charset=utf-8
cache-control: no-cache
content-length: 798

23:59:14.986 [AsyncHttpClient-1-8] DEBUG o.a.netty.channel.ChannelManager - Adding key: http://localhost:58551 for channel [id: 0x63b4439c, L:/127.0.0.1:56504 - R:localhost/127.0.0.1:58551]
23:59:14.992 [AsyncHttpClient-1-9] DEBUG o.a.n.channel.NettyConnectListener - Using new Channel '[id: 0x2829ce16, L:/127.0.0.1:56514 - R:localhost/127.0.0.1:56505]' for 'GET' to '/json/version'
23:59:14.994 [AsyncHttpClient-1-9] DEBUG o.a.netty.handler.HttpHandler - 

Request DefaultFullHttpRequest(decodeResult: success, version: HTTP/1.1, content: EmptyByteBufBE)
GET /json/version HTTP/1.1
User-Agent: selenium/4.1.1 (java mac)
host: localhost:56505
accept: */*

Response DefaultHttpResponse(decodeResult: success, version: HTTP/1.1)
HTTP/1.1 200 OK
Content-Type: application/json; charset=UTF-8
content-length: 422

23:59:14.994 [AsyncHttpClient-1-9] DEBUG o.a.netty.channel.ChannelManager - Adding key: http://localhost:56505 for channel [id: 0x2829ce16, L:/127.0.0.1:56514 - R:localhost/127.0.0.1:56505]
23:59:14.997 [AsyncHttpClient-1-10] DEBUG o.a.n.channel.NettyConnectListener - Using new Channel '[id: 0xed22c378, L:/127.0.0.1:56515 - R:localhost/127.0.0.1:56505]' for 'GET' to '/devtools/browser/c622e332-15d4-4fa8-a2e7-bd4e243c704e'
23:59:14.998 [AsyncHttpClient-1-10] DEBUG o.a.netty.handler.WebSocketHandler - 

Request DefaultFullHttpRequest(decodeResult: success, version: HTTP/1.1, content: EmptyByteBufBE)
GET /devtools/browser/c622e332-15d4-4fa8-a2e7-bd4e243c704e HTTP/1.1
upgrade: websocket
connection: upgrade
sec-websocket-key: NdfJVjRDmPvvg9V61Go2Gg==
sec-websocket-version: 13
origin: http://localhost:56505
host: localhost:56505
accept: */*
user-agent: AHC/2.1

Response DefaultHttpResponse(decodeResult: success, version: HTTP/1.1)
HTTP/1.1 101 WebSocket Protocol Handshake
Upgrade: WebSocket
Connection: Upgrade
Sec-WebSocket-Accept: S1zqywcjJmfeD760jC/mDyWfHdc=

23:59:15.002 [Forwarding get on session f745ee2defdc457f512269c5b9374eb2 to remote] DEBUG o.a.netty.request.NettyRequestSender - Using pooled Channel '[id: 0x63b4439c, L:/127.0.0.1:56504 - R:localhost/127.0.0.1:58551]' for 'POST' to 'http://localhost:58551/session/f745ee2defdc457f512269c5b9374eb2/url'
23:59:15.002 [Forwarding get on session f745ee2defdc457f512269c5b9374eb2 to remote] DEBUG o.a.netty.request.NettyRequestSender - Using open Channel [id: 0x63b4439c, L:/127.0.0.1:56504 - R:localhost/127.0.0.1:58551] for POST '/session/f745ee2defdc457f512269c5b9374eb2/url'
23:59:15.317 [AsyncHttpClient-1-1] DEBUG o.a.netty.channel.DefaultChannelPool - Entry count for : http://localhost:56505 : 1
23:59:16.417 [AsyncHttpClient-1-1] DEBUG o.a.netty.channel.DefaultChannelPool - Entry count for : http://localhost:56505 : 1
23:59:17.518 [AsyncHttpClient-1-1] DEBUG o.a.netty.channel.DefaultChannelPool - Entry count for : http://localhost:56505 : 1
23:59:18.368 [AsyncHttpClient-1-8] DEBUG o.a.netty.handler.HttpHandler - 

Request DefaultHttpRequest(decodeResult: success, version: HTTP/1.1)
POST /session/f745ee2defdc457f512269c5b9374eb2/url HTTP/1.1
User-Agent: selenium/4.1.1 (java mac)
Content-Length: 42
Content-Type: application/json; charset=utf-8
host: localhost:58551
accept: */*

Response DefaultHttpResponse(decodeResult: success, version: HTTP/1.1)
HTTP/1.1 200 OK
Content-Type: application/json; charset=utf-8
cache-control: no-cache
content-length: 14

23:59:18.368 [AsyncHttpClient-1-8] DEBUG o.a.netty.channel.ChannelManager - Adding key: http://localhost:58551 for channel [id: 0x63b4439c, L:/127.0.0.1:56504 - R:localhost/127.0.0.1:58551]
23:59:18.371 [Forwarding executeScript on session f745ee2defdc457f512269c5b9374eb2 to remote] DEBUG o.a.netty.request.NettyRequestSender - Using pooled Channel '[id: 0x63b4439c, L:/127.0.0.1:56504 - R:localhost/127.0.0.1:58551]' for 'POST' to 'http://localhost:58551/session/f745ee2defdc457f512269c5b9374eb2/execute/sync'
23:59:18.371 [Forwarding executeScript on session f745ee2defdc457f512269c5b9374eb2 to remote] DEBUG o.a.netty.request.NettyRequestSender - Using open Channel [id: 0x63b4439c, L:/127.0.0.1:56504 - R:localhost/127.0.0.1:58551] for POST '/session/f745ee2defdc457f512269c5b9374eb2/execute/sync'
23:59:18.381 [AsyncHttpClient-1-8] DEBUG o.a.netty.handler.HttpHandler - 

Request DefaultHttpRequest(decodeResult: success, version: HTTP/1.1)
POST /session/f745ee2defdc457f512269c5b9374eb2/execute/sync HTTP/1.1
User-Agent: selenium/4.1.1 (java mac)
Content-Length: 387
Content-Type: application/json; charset=utf-8
host: localhost:58551
accept: */*

Response DefaultHttpResponse(decodeResult: success, version: HTTP/1.1)
HTTP/1.1 200 OK
Content-Type: application/json; charset=utf-8
cache-control: no-cache
content-length: 14

23:59:18.382 [AsyncHttpClient-1-8] DEBUG o.a.netty.channel.ChannelManager - Adding key: http://localhost:58551 for channel [id: 0x63b4439c, L:/127.0.0.1:56504 - R:localhost/127.0.0.1:58551]
23:59:18.617 [AsyncHttpClient-1-1] DEBUG o.a.netty.channel.DefaultChannelPool - Entry count for : http://localhost:56505 : 1
23:59:18.617 [AsyncHttpClient-1-1] DEBUG o.a.netty.channel.DefaultChannelPool - Entry count for : http://localhost:58551 : 1
23:59:19.717 [AsyncHttpClient-1-1] DEBUG o.a.netty.channel.DefaultChannelPool - Entry count for : http://localhost:56505 : 1
23:59:19.718 [AsyncHttpClient-1-1] DEBUG o.a.netty.channel.DefaultChannelPool - Entry count for : http://localhost:58551 : 1
23:59:20.817 [AsyncHttpClient-1-1] DEBUG o.a.netty.channel.DefaultChannelPool - Entry count for : http://localhost:56505 : 1
23:59:20.818 [AsyncHttpClient-1-1] DEBUG o.a.netty.channel.DefaultChannelPool - Entry count for : http://localhost:58551 : 1
23:59:21.917 [AsyncHttpClient-1-1] DEBUG o.a.netty.channel.DefaultChannelPool - Entry count for : http://localhost:56505 : 1
23:59:21.918 [AsyncHttpClient-1-1] DEBUG o.a.netty.channel.DefaultChannelPool - Entry count for : http://localhost:58551 : 1
23:59:23.017 [AsyncHttpClient-1-1] DEBUG o.a.netty.channel.DefaultChannelPool - Entry count for : http://localhost:56505 : 1
23:59:23.018 [AsyncHttpClient-1-1] DEBUG o.a.netty.channel.DefaultChannelPool - Entry count for : http://localhost:58551 : 1
23:59:23.390 [Forwarding findElement on session f745ee2defdc457f512269c5b9374eb2 to remote] DEBUG o.a.netty.request.NettyRequestSender - Using pooled Channel '[id: 0x63b4439c, L:/127.0.0.1:56504 - R:localhost/127.0.0.1:58551]' for 'POST' to 'http://localhost:58551/session/f745ee2defdc457f512269c5b9374eb2/element'
23:59:23.391 [Forwarding findElement on session f745ee2defdc457f512269c5b9374eb2 to remote] DEBUG o.a.netty.request.NettyRequestSender - Using open Channel [id: 0x63b4439c, L:/127.0.0.1:56504 - R:localhost/127.0.0.1:58551] for POST '/session/f745ee2defdc457f512269c5b9374eb2/element'
23:59:23.420 [AsyncHttpClient-1-8] DEBUG o.a.netty.handler.HttpHandler - 

Request DefaultHttpRequest(decodeResult: success, version: HTTP/1.1)
POST /session/f745ee2defdc457f512269c5b9374eb2/element HTTP/1.1
User-Agent: selenium/4.1.1 (java mac)
Content-Length: 64
Content-Type: application/json; charset=utf-8
host: localhost:58551
accept: */*

Response DefaultHttpResponse(decodeResult: success, version: HTTP/1.1)
HTTP/1.1 200 OK
Content-Type: application/json; charset=utf-8
cache-control: no-cache
content-length: 88

23:59:23.420 [AsyncHttpClient-1-8] DEBUG o.a.netty.channel.ChannelManager - Adding key: http://localhost:58551 for channel [id: 0x63b4439c, L:/127.0.0.1:56504 - R:localhost/127.0.0.1:58551]
23:59:23.424 [Forwarding actions on session f745ee2defdc457f512269c5b9374eb2 to remote] DEBUG o.a.netty.request.NettyRequestSender - Using pooled Channel '[id: 0x63b4439c, L:/127.0.0.1:56504 - R:localhost/127.0.0.1:58551]' for 'POST' to 'http://localhost:58551/session/f745ee2defdc457f512269c5b9374eb2/actions'
23:59:23.424 [Forwarding actions on session f745ee2defdc457f512269c5b9374eb2 to remote] DEBUG o.a.netty.request.NettyRequestSender - Using open Channel [id: 0x63b4439c, L:/127.0.0.1:56504 - R:localhost/127.0.0.1:58551] for POST '/session/f745ee2defdc457f512269c5b9374eb2/actions'
23:59:23.558 [AsyncHttpClient-1-8] DEBUG o.a.netty.handler.HttpHandler - 

Request DefaultHttpRequest(decodeResult: success, version: HTTP/1.1)
POST /session/f745ee2defdc457f512269c5b9374eb2/actions HTTP/1.1
User-Agent: selenium/4.1.1 (java mac)
Content-Length: 480
Content-Type: application/json; charset=utf-8
host: localhost:58551
accept: */*

Response DefaultHttpResponse(decodeResult: success, version: HTTP/1.1)
HTTP/1.1 200 OK
Content-Type: application/json; charset=utf-8
cache-control: no-cache
content-length: 14

23:59:23.559 [AsyncHttpClient-1-8] DEBUG o.a.netty.channel.ChannelManager - Adding key: http://localhost:58551 for channel [id: 0x63b4439c, L:/127.0.0.1:56504 - R:localhost/127.0.0.1:58551]
23:59:23.560 [Forwarding findElement on session f745ee2defdc457f512269c5b9374eb2 to remote] DEBUG o.a.netty.request.NettyRequestSender - Using pooled Channel '[id: 0x63b4439c, L:/127.0.0.1:56504 - R:localhost/127.0.0.1:58551]' for 'POST' to 'http://localhost:58551/session/f745ee2defdc457f512269c5b9374eb2/element'
23:59:23.560 [Forwarding findElement on session f745ee2defdc457f512269c5b9374eb2 to remote] DEBUG o.a.netty.request.NettyRequestSender - Using open Channel [id: 0x63b4439c, L:/127.0.0.1:56504 - R:localhost/127.0.0.1:58551] for POST '/session/f745ee2defdc457f512269c5b9374eb2/element'
23:59:23.571 [AsyncHttpClient-1-8] DEBUG o.a.netty.handler.HttpHandler - 

Request DefaultHttpRequest(decodeResult: success, version: HTTP/1.1)
POST /session/f745ee2defdc457f512269c5b9374eb2/element HTTP/1.1
User-Agent: selenium/4.1.1 (java mac)
Content-Length: 118
Content-Type: application/json; charset=utf-8
host: localhost:58551
accept: */*

Response DefaultHttpResponse(decodeResult: success, version: HTTP/1.1)
HTTP/1.1 200 OK
Content-Type: application/json; charset=utf-8
cache-control: no-cache
content-length: 88

23:59:23.571 [AsyncHttpClient-1-8] DEBUG o.a.netty.channel.ChannelManager - Adding key: http://localhost:58551 for channel [id: 0x63b4439c, L:/127.0.0.1:56504 - R:localhost/127.0.0.1:58551]
23:59:23.573 [Forwarding clickElement on session f745ee2defdc457f512269c5b9374eb2 to remote] DEBUG o.a.netty.request.NettyRequestSender - Using pooled Channel '[id: 0x63b4439c, L:/127.0.0.1:56504 - R:localhost/127.0.0.1:58551]' for 'POST' to 'http://localhost:58551/session/f745ee2defdc457f512269c5b9374eb2/element/ec1c058e-f253-4203-a62a-49a1a116e5ba/click'
23:59:23.573 [Forwarding clickElement on session f745ee2defdc457f512269c5b9374eb2 to remote] DEBUG o.a.netty.request.NettyRequestSender - Using open Channel [id: 0x63b4439c, L:/127.0.0.1:56504 - R:localhost/127.0.0.1:58551] for POST '/session/f745ee2defdc457f512269c5b9374eb2/element/ec1c058e-f253-4203-a62a-49a1a116e5ba/click'
23:59:23.738 [AsyncHttpClient-1-8] DEBUG o.a.netty.handler.HttpHandler - 

Request DefaultHttpRequest(decodeResult: success, version: HTTP/1.1)
POST /session/f745ee2defdc457f512269c5b9374eb2/element/ec1c058e-f253-4203-a62a-49a1a116e5ba/click HTTP/1.1
User-Agent: selenium/4.1.1 (java mac)
Content-Length: 50
Content-Type: application/json; charset=utf-8
host: localhost:58551
accept: */*

Response DefaultHttpResponse(decodeResult: success, version: HTTP/1.1)
HTTP/1.1 200 OK
Content-Type: application/json; charset=utf-8
cache-control: no-cache
content-length: 14

23:59:23.739 [AsyncHttpClient-1-8] DEBUG o.a.netty.channel.ChannelManager - Adding key: http://localhost:58551 for channel [id: 0x63b4439c, L:/127.0.0.1:56504 - R:localhost/127.0.0.1:58551]
23:59:23.742 [Forwarding getCurrentUrl on session f745ee2defdc457f512269c5b9374eb2 to remote] DEBUG o.a.netty.request.NettyRequestSender - Using pooled Channel '[id: 0x63b4439c, L:/127.0.0.1:56504 - R:localhost/127.0.0.1:58551]' for 'GET' to 'http://localhost:58551/session/f745ee2defdc457f512269c5b9374eb2/url'
23:59:23.742 [Forwarding getCurrentUrl on session f745ee2defdc457f512269c5b9374eb2 to remote] DEBUG o.a.netty.request.NettyRequestSender - Using open Channel [id: 0x63b4439c, L:/127.0.0.1:56504 - R:localhost/127.0.0.1:58551] for GET '/session/f745ee2defdc457f512269c5b9374eb2/url'
23:59:23.883 [AsyncHttpClient-1-8] DEBUG o.a.netty.handler.HttpHandler - 

Request DefaultFullHttpRequest(decodeResult: success, version: HTTP/1.1, content: EmptyByteBufBE)
GET /session/f745ee2defdc457f512269c5b9374eb2/url HTTP/1.1
User-Agent: selenium/4.1.1 (java mac)
Cache-Control: no-cache
Content-Type: application/json; charset=utf-8
host: localhost:58551
accept: */*

Response DefaultHttpResponse(decodeResult: success, version: HTTP/1.1)
HTTP/1.1 200 OK
Content-Type: application/json; charset=utf-8
cache-control: no-cache
content-length: 62

23:59:23.883 [AsyncHttpClient-1-8] DEBUG o.a.netty.channel.ChannelManager - Adding key: http://localhost:58551 for channel [id: 0x63b4439c, L:/127.0.0.1:56504 - R:localhost/127.0.0.1:58551]
23:59:23.885 [AsyncHttpClient-1-10] DEBUG o.a.netty.handler.WebSocketHandler - Channel Closed: [id: 0xed22c378, L:/127.0.0.1:56515 ! R:localhost/127.0.0.1:56505] with attribute NettyResponseFuture{currentRetry=5,
	isDone=1,
	isCancelled=0,
	asyncHandler=org.asynchttpclient.ws.WebSocketUpgradeHandler@148e04e9,
	nettyRequest=org.asynchttpclient.netty.request.NettyRequest@518c981c,
	future=java.util.concurrent.CompletableFuture@7c2b2f13[Completed normally],
	uri=ws://localhost:56505/devtools/browser/c622e332-15d4-4fa8-a2e7-bd4e243c704e,
	keepAlive=true,
	redirectCount=0,
	timeoutsHolder=null,
	inAuth=0,
	touch=1644008354999}
23:59:23.885 [AsyncHttpClient-1-10] DEBUG o.a.netty.channel.ChannelManager - Closing Channel [id: 0xed22c378, L:/127.0.0.1:56515 ! R:localhost/127.0.0.1:56505] 
23:59:23.885 [Driver Command Executor] DEBUG o.a.netty.request.NettyRequestSender - Using pooled Channel '[id: 0x63b4439c, L:/127.0.0.1:56504 - R:localhost/127.0.0.1:58551]' for 'DELETE' to 'http://localhost:58551/session/f745ee2defdc457f512269c5b9374eb2'
23:59:23.885 [Driver Command Executor] DEBUG o.a.netty.request.NettyRequestSender - Using open Channel [id: 0x63b4439c, L:/127.0.0.1:56504 - R:localhost/127.0.0.1:58551] for DELETE '/session/f745ee2defdc457f512269c5b9374eb2'
23:59:23.916 [AsyncHttpClient-1-9] DEBUG o.a.netty.handler.HttpHandler - Channel Closed: [id: 0x2829ce16, L:/127.0.0.1:56514 ! R:localhost/127.0.0.1:56505] with attribute DISCARD
23:59:23.937 [AsyncHttpClient-1-8] DEBUG o.a.netty.handler.HttpHandler - 

Request DefaultFullHttpRequest(decodeResult: success, version: HTTP/1.1, content: EmptyByteBufBE)
DELETE /session/f745ee2defdc457f512269c5b9374eb2 HTTP/1.1
User-Agent: selenium/4.1.1 (java mac)
Content-Type: application/json; charset=utf-8
host: localhost:58551
accept: */*

Response DefaultHttpResponse(decodeResult: success, version: HTTP/1.1)
HTTP/1.1 200 OK
Content-Type: application/json; charset=utf-8
cache-control: no-cache
content-length: 14

23:59:23.937 [AsyncHttpClient-1-8] DEBUG o.a.netty.channel.ChannelManager - Adding key: http://localhost:58551 for channel [id: 0x63b4439c, L:/127.0.0.1:56504 - R:localhost/127.0.0.1:58551]
23:59:23.988 [AsyncHttpClient-1-8] DEBUG o.a.netty.handler.HttpHandler - Channel Closed: [id: 0x63b4439c, L:/127.0.0.1:56504 ! R:localhost/127.0.0.1:58551] with attribute DISCARD
]]></system-out>
    <system-err><![CDATA[Starting ChromeDriver 97.0.4692.71 (adefa7837d02a07a604c1e6eff0b3a09422ab88d-refs/branch-heads/4692@{#1247}) on port 58551
Only local connections are allowed.
Please see https://chromedriver.chromium.org/security-considerations for suggestions on keeping ChromeDriver safe.
ChromeDriver was started successfully.
фев 04, 2022 11:59:14 PM org.openqa.selenium.remote.ProtocolHandshake createSession
INFO: Detected dialect: W3C
фев 04, 2022 11:59:15 PM org.openqa.selenium.devtools.CdpVersionFinder findNearestMatch
WARNING: Unable to find an exact match for CDP version 97, so returning the closest version found: 96
фев 04, 2022 11:59:15 PM org.openqa.selenium.devtools.CdpVersionFinder findNearestMatch
INFO: Found CDP implementation for version 97 of 96
]]></system-err>
  </testcase>
  <testcase name="windowsTest" classname="com.geekbrains.lesson5.AfishaTest" time="15.109">
    <system-out><![CDATA[23:59:24.097 [AsyncHttpClient-1-11] DEBUG o.a.n.channel.NettyConnectListener - Using new Channel '[id: 0x0a0f14a9, L:/127.0.0.1:56655 - R:localhost/127.0.0.1:58541]' for 'POST' to '/session'
23:59:24.117 [AsyncHttpClient-1-1] DEBUG o.a.netty.channel.DefaultChannelPool - Entry count for : http://localhost:56505 : 1
23:59:24.118 [AsyncHttpClient-1-1] DEBUG o.a.netty.channel.DefaultChannelPool - Entry count for : http://localhost:58551 : 1
23:59:24.118 [AsyncHttpClient-1-1] DEBUG o.a.netty.channel.DefaultChannelPool - Adding Candidate expired Channel [id: 0x2829ce16, L:/127.0.0.1:56514 ! R:localhost/127.0.0.1:56505] isIdleTimeoutExpired=false isRemotelyClosed=true isTtlExpired=false
23:59:24.118 [AsyncHttpClient-1-1] DEBUG o.a.netty.channel.DefaultChannelPool - Closing Idle Channel [id: 0x2829ce16, L:/127.0.0.1:56514 ! R:localhost/127.0.0.1:56505]
23:59:24.118 [AsyncHttpClient-1-1] DEBUG o.a.netty.channel.DefaultChannelPool - Adding Candidate expired Channel [id: 0x63b4439c, L:/127.0.0.1:56504 ! R:localhost/127.0.0.1:58551] isIdleTimeoutExpired=false isRemotelyClosed=true isTtlExpired=false
23:59:24.118 [AsyncHttpClient-1-1] DEBUG o.a.netty.channel.DefaultChannelPool - Closing Idle Channel [id: 0x63b4439c, L:/127.0.0.1:56504 ! R:localhost/127.0.0.1:58551]
23:59:24.118 [AsyncHttpClient-1-1] DEBUG o.a.netty.channel.DefaultChannelPool - Closed 2 connections out of 2 in 0 ms
23:59:25.238 [AsyncHttpClient-1-11] DEBUG o.a.netty.handler.HttpHandler - 

Request DefaultHttpRequest(decodeResult: success, version: HTTP/1.1)
POST /session HTTP/1.1
User-Agent: selenium/4.1.1 (java mac)
Content-Length: 365
Content-Type: application/json; charset=utf-8
host: localhost:58541
accept: */*

Response DefaultHttpResponse(decodeResult: success, version: HTTP/1.1)
HTTP/1.1 200 OK
Content-Type: application/json; charset=utf-8
cache-control: no-cache
content-length: 798

23:59:25.239 [AsyncHttpClient-1-11] DEBUG o.a.netty.channel.ChannelManager - Adding key: http://localhost:58541 for channel [id: 0x0a0f14a9, L:/127.0.0.1:56655 - R:localhost/127.0.0.1:58541]
23:59:25.245 [AsyncHttpClient-1-12] DEBUG o.a.n.channel.NettyConnectListener - Using new Channel '[id: 0x8e642bbb, L:/127.0.0.1:56660 - R:localhost/127.0.0.1:56656]' for 'GET' to '/json/version'
23:59:25.246 [AsyncHttpClient-1-12] DEBUG o.a.netty.handler.HttpHandler - 

Request DefaultFullHttpRequest(decodeResult: success, version: HTTP/1.1, content: EmptyByteBufBE)
GET /json/version HTTP/1.1
User-Agent: selenium/4.1.1 (java mac)
host: localhost:56656
accept: */*

Response DefaultHttpResponse(decodeResult: success, version: HTTP/1.1)
HTTP/1.1 200 OK
Content-Type: application/json; charset=UTF-8
content-length: 422

23:59:25.246 [AsyncHttpClient-1-12] DEBUG o.a.netty.channel.ChannelManager - Adding key: http://localhost:56656 for channel [id: 0x8e642bbb, L:/127.0.0.1:56660 - R:localhost/127.0.0.1:56656]
23:59:25.249 [AsyncHttpClient-1-13] DEBUG o.a.n.channel.NettyConnectListener - Using new Channel '[id: 0x511cfa49, L:/127.0.0.1:56661 - R:localhost/127.0.0.1:56656]' for 'GET' to '/devtools/browser/a23e14b8-c058-450c-b13e-4beed0ae8662'
23:59:25.250 [AsyncHttpClient-1-13] DEBUG o.a.netty.handler.WebSocketHandler - 

Request DefaultFullHttpRequest(decodeResult: success, version: HTTP/1.1, content: EmptyByteBufBE)
GET /devtools/browser/a23e14b8-c058-450c-b13e-4beed0ae8662 HTTP/1.1
upgrade: websocket
connection: upgrade
sec-websocket-key: hpLiDaP+ROrnwhhLX6DZLQ==
sec-websocket-version: 13
origin: http://localhost:56656
host: localhost:56656
accept: */*
user-agent: AHC/2.1

Response DefaultHttpResponse(decodeResult: success, version: HTTP/1.1)
HTTP/1.1 101 WebSocket Protocol Handshake
Upgrade: WebSocket
Connection: Upgrade
Sec-WebSocket-Accept: VZmqXBG+yP9ITPPC/eJiE76iMbc=

23:59:25.253 [Forwarding get on session b01a2beec15638c58f4125925ef614d6 to remote] DEBUG o.a.netty.request.NettyRequestSender - Using pooled Channel '[id: 0x0a0f14a9, L:/127.0.0.1:56655 - R:localhost/127.0.0.1:58541]' for 'POST' to 'http://localhost:58541/session/b01a2beec15638c58f4125925ef614d6/url'
23:59:25.253 [Forwarding get on session b01a2beec15638c58f4125925ef614d6 to remote] DEBUG o.a.netty.request.NettyRequestSender - Using open Channel [id: 0x0a0f14a9, L:/127.0.0.1:56655 - R:localhost/127.0.0.1:58541] for POST '/session/b01a2beec15638c58f4125925ef614d6/url'
23:59:26.318 [AsyncHttpClient-1-1] DEBUG o.a.netty.channel.DefaultChannelPool - Entry count for : http://localhost:56656 : 1
23:59:27.418 [AsyncHttpClient-1-1] DEBUG o.a.netty.channel.DefaultChannelPool - Entry count for : http://localhost:56656 : 1
23:59:28.080 [AsyncHttpClient-1-11] DEBUG o.a.netty.handler.HttpHandler - 

Request DefaultHttpRequest(decodeResult: success, version: HTTP/1.1)
POST /session/b01a2beec15638c58f4125925ef614d6/url HTTP/1.1
User-Agent: selenium/4.1.1 (java mac)
Content-Length: 42
Content-Type: application/json; charset=utf-8
host: localhost:58541
accept: */*

Response DefaultHttpResponse(decodeResult: success, version: HTTP/1.1)
HTTP/1.1 200 OK
Content-Type: application/json; charset=utf-8
cache-control: no-cache
content-length: 14

23:59:28.081 [AsyncHttpClient-1-11] DEBUG o.a.netty.channel.ChannelManager - Adding key: http://localhost:58541 for channel [id: 0x0a0f14a9, L:/127.0.0.1:56655 - R:localhost/127.0.0.1:58541]
23:59:28.082 [Forwarding executeScript on session b01a2beec15638c58f4125925ef614d6 to remote] DEBUG o.a.netty.request.NettyRequestSender - Using pooled Channel '[id: 0x0a0f14a9, L:/127.0.0.1:56655 - R:localhost/127.0.0.1:58541]' for 'POST' to 'http://localhost:58541/session/b01a2beec15638c58f4125925ef614d6/execute/sync'
23:59:28.083 [Forwarding executeScript on session b01a2beec15638c58f4125925ef614d6 to remote] DEBUG o.a.netty.request.NettyRequestSender - Using open Channel [id: 0x0a0f14a9, L:/127.0.0.1:56655 - R:localhost/127.0.0.1:58541] for POST '/session/b01a2beec15638c58f4125925ef614d6/execute/sync'
23:59:28.244 [AsyncHttpClient-1-11] DEBUG o.a.netty.handler.HttpHandler - 

Request DefaultHttpRequest(decodeResult: success, version: HTTP/1.1)
POST /session/b01a2beec15638c58f4125925ef614d6/execute/sync HTTP/1.1
User-Agent: selenium/4.1.1 (java mac)
Content-Length: 48
Content-Type: application/json; charset=utf-8
host: localhost:58541
accept: */*

Response DefaultHttpResponse(decodeResult: success, version: HTTP/1.1)
HTTP/1.1 200 OK
Content-Type: application/json; charset=utf-8
cache-control: no-cache
content-length: 14

23:59:28.244 [AsyncHttpClient-1-11] DEBUG o.a.netty.channel.ChannelManager - Adding key: http://localhost:58541 for channel [id: 0x0a0f14a9, L:/127.0.0.1:56655 - R:localhost/127.0.0.1:58541]
23:59:28.247 [Forwarding getWindowHandles on session b01a2beec15638c58f4125925ef614d6 to remote] DEBUG o.a.netty.request.NettyRequestSender - Using pooled Channel '[id: 0x0a0f14a9, L:/127.0.0.1:56655 - R:localhost/127.0.0.1:58541]' for 'GET' to 'http://localhost:58541/session/b01a2beec15638c58f4125925ef614d6/window/handles'
23:59:28.247 [Forwarding getWindowHandles on session b01a2beec15638c58f4125925ef614d6 to remote] DEBUG o.a.netty.request.NettyRequestSender - Using open Channel [id: 0x0a0f14a9, L:/127.0.0.1:56655 - R:localhost/127.0.0.1:58541] for GET '/session/b01a2beec15638c58f4125925ef614d6/window/handles'
23:59:28.251 [AsyncHttpClient-1-11] DEBUG o.a.netty.handler.HttpHandler - 

Request DefaultFullHttpRequest(decodeResult: success, version: HTTP/1.1, content: EmptyByteBufBE)
GET /session/b01a2beec15638c58f4125925ef614d6/window/handles HTTP/1.1
User-Agent: selenium/4.1.1 (java mac)
Cache-Control: no-cache
Content-Type: application/json; charset=utf-8
host: localhost:58541
accept: */*

Response DefaultHttpResponse(decodeResult: success, version: HTTP/1.1)
HTTP/1.1 200 OK
Content-Type: application/json; charset=utf-8
cache-control: no-cache
content-length: 99

23:59:28.251 [AsyncHttpClient-1-11] DEBUG o.a.netty.channel.ChannelManager - Adding key: http://localhost:58541 for channel [id: 0x0a0f14a9, L:/127.0.0.1:56655 - R:localhost/127.0.0.1:58541]
23:59:28.259 [Forwarding switchToWindow on session b01a2beec15638c58f4125925ef614d6 to remote] DEBUG o.a.netty.request.NettyRequestSender - Using pooled Channel '[id: 0x0a0f14a9, L:/127.0.0.1:56655 - R:localhost/127.0.0.1:58541]' for 'POST' to 'http://localhost:58541/session/b01a2beec15638c58f4125925ef614d6/window'
23:59:28.259 [Forwarding switchToWindow on session b01a2beec15638c58f4125925ef614d6 to remote] DEBUG o.a.netty.request.NettyRequestSender - Using open Channel [id: 0x0a0f14a9, L:/127.0.0.1:56655 - R:localhost/127.0.0.1:58541] for POST '/session/b01a2beec15638c58f4125925ef614d6/window'
23:59:28.266 [AsyncHttpClient-1-11] DEBUG o.a.netty.handler.HttpHandler - 

Request DefaultHttpRequest(decodeResult: success, version: HTTP/1.1)
POST /session/b01a2beec15638c58f4125925ef614d6/window HTTP/1.1
User-Agent: selenium/4.1.1 (java mac)
Content-Length: 59
Content-Type: application/json; charset=utf-8
host: localhost:58541
accept: */*

Response DefaultHttpResponse(decodeResult: success, version: HTTP/1.1)
HTTP/1.1 200 OK
Content-Type: application/json; charset=utf-8
cache-control: no-cache
content-length: 14

23:59:28.266 [AsyncHttpClient-1-11] DEBUG o.a.netty.channel.ChannelManager - Adding key: http://localhost:58541 for channel [id: 0x0a0f14a9, L:/127.0.0.1:56655 - R:localhost/127.0.0.1:58541]
23:59:28.268 [Forwarding get on session b01a2beec15638c58f4125925ef614d6 to remote] DEBUG o.a.netty.request.NettyRequestSender - Using pooled Channel '[id: 0x0a0f14a9, L:/127.0.0.1:56655 - R:localhost/127.0.0.1:58541]' for 'POST' to 'http://localhost:58541/session/b01a2beec15638c58f4125925ef614d6/url'
23:59:28.268 [Forwarding get on session b01a2beec15638c58f4125925ef614d6 to remote] DEBUG o.a.netty.request.NettyRequestSender - Using open Channel [id: 0x0a0f14a9, L:/127.0.0.1:56655 - R:localhost/127.0.0.1:58541] for POST '/session/b01a2beec15638c58f4125925ef614d6/url'
23:59:28.518 [AsyncHttpClient-1-1] DEBUG o.a.netty.channel.DefaultChannelPool - Entry count for : http://localhost:56656 : 1
23:59:28.695 [AsyncHttpClient-1-11] DEBUG o.a.netty.handler.HttpHandler - 

Request DefaultHttpRequest(decodeResult: success, version: HTTP/1.1)
POST /session/b01a2beec15638c58f4125925ef614d6/url HTTP/1.1
User-Agent: selenium/4.1.1 (java mac)
Content-Length: 38
Content-Type: application/json; charset=utf-8
host: localhost:58541
accept: */*

Response DefaultHttpResponse(decodeResult: success, version: HTTP/1.1)
HTTP/1.1 200 OK
Content-Type: application/json; charset=utf-8
cache-control: no-cache
content-length: 14

23:59:28.695 [AsyncHttpClient-1-11] DEBUG o.a.netty.channel.ChannelManager - Adding key: http://localhost:58541 for channel [id: 0x0a0f14a9, L:/127.0.0.1:56655 - R:localhost/127.0.0.1:58541]
23:59:29.618 [AsyncHttpClient-1-1] DEBUG o.a.netty.channel.DefaultChannelPool - Entry count for : http://localhost:58541 : 1
23:59:29.618 [AsyncHttpClient-1-1] DEBUG o.a.netty.channel.DefaultChannelPool - Entry count for : http://localhost:56656 : 1
23:59:30.718 [AsyncHttpClient-1-1] DEBUG o.a.netty.channel.DefaultChannelPool - Entry count for : http://localhost:58541 : 1
23:59:30.718 [AsyncHttpClient-1-1] DEBUG o.a.netty.channel.DefaultChannelPool - Entry count for : http://localhost:56656 : 1
23:59:31.700 [Forwarding switchToWindow on session b01a2beec15638c58f4125925ef614d6 to remote] DEBUG o.a.netty.request.NettyRequestSender - Using pooled Channel '[id: 0x0a0f14a9, L:/127.0.0.1:56655 - R:localhost/127.0.0.1:58541]' for 'POST' to 'http://localhost:58541/session/b01a2beec15638c58f4125925ef614d6/window'
23:59:31.701 [Forwarding switchToWindow on session b01a2beec15638c58f4125925ef614d6 to remote] DEBUG o.a.netty.request.NettyRequestSender - Using open Channel [id: 0x0a0f14a9, L:/127.0.0.1:56655 - R:localhost/127.0.0.1:58541] for POST '/session/b01a2beec15638c58f4125925ef614d6/window'
23:59:31.728 [AsyncHttpClient-1-11] DEBUG o.a.netty.handler.HttpHandler - 

Request DefaultHttpRequest(decodeResult: success, version: HTTP/1.1)
POST /session/b01a2beec15638c58f4125925ef614d6/window HTTP/1.1
User-Agent: selenium/4.1.1 (java mac)
Content-Length: 59
Content-Type: application/json; charset=utf-8
host: localhost:58541
accept: */*

Response DefaultHttpResponse(decodeResult: success, version: HTTP/1.1)
HTTP/1.1 200 OK
Content-Type: application/json; charset=utf-8
cache-control: no-cache
content-length: 14

23:59:31.729 [AsyncHttpClient-1-11] DEBUG o.a.netty.channel.ChannelManager - Adding key: http://localhost:58541 for channel [id: 0x0a0f14a9, L:/127.0.0.1:56655 - R:localhost/127.0.0.1:58541]
23:59:31.818 [AsyncHttpClient-1-1] DEBUG o.a.netty.channel.DefaultChannelPool - Entry count for : http://localhost:58541 : 1
23:59:31.818 [AsyncHttpClient-1-1] DEBUG o.a.netty.channel.DefaultChannelPool - Entry count for : http://localhost:56656 : 1
23:59:32.918 [AsyncHttpClient-1-1] DEBUG o.a.netty.channel.DefaultChannelPool - Entry count for : http://localhost:58541 : 1
23:59:32.918 [AsyncHttpClient-1-1] DEBUG o.a.netty.channel.DefaultChannelPool - Entry count for : http://localhost:56656 : 1
23:59:34.019 [AsyncHttpClient-1-1] DEBUG o.a.netty.channel.DefaultChannelPool - Entry count for : http://localhost:58541 : 1
23:59:34.019 [AsyncHttpClient-1-1] DEBUG o.a.netty.channel.DefaultChannelPool - Entry count for : http://localhost:56656 : 1
23:59:34.735 [Forwarding executeScript on session b01a2beec15638c58f4125925ef614d6 to remote] DEBUG o.a.netty.request.NettyRequestSender - Using pooled Channel '[id: 0x0a0f14a9, L:/127.0.0.1:56655 - R:localhost/127.0.0.1:58541]' for 'POST' to 'http://localhost:58541/session/b01a2beec15638c58f4125925ef614d6/execute/sync'
23:59:34.736 [Forwarding executeScript on session b01a2beec15638c58f4125925ef614d6 to remote] DEBUG o.a.netty.request.NettyRequestSender - Using open Channel [id: 0x0a0f14a9, L:/127.0.0.1:56655 - R:localhost/127.0.0.1:58541] for POST '/session/b01a2beec15638c58f4125925ef614d6/execute/sync'
23:59:34.809 [AsyncHttpClient-1-11] DEBUG o.a.netty.handler.HttpHandler - 

Request DefaultHttpRequest(decodeResult: success, version: HTTP/1.1)
POST /session/b01a2beec15638c58f4125925ef614d6/execute/sync HTTP/1.1
User-Agent: selenium/4.1.1 (java mac)
Content-Length: 55
Content-Type: application/json; charset=utf-8
host: localhost:58541
accept: */*

Response DefaultHttpResponse(decodeResult: success, version: HTTP/1.1)
HTTP/1.1 200 OK
Content-Type: application/json; charset=utf-8
cache-control: no-cache
content-length: 14

23:59:34.809 [AsyncHttpClient-1-11] DEBUG o.a.netty.channel.ChannelManager - Adding key: http://localhost:58541 for channel [id: 0x0a0f14a9, L:/127.0.0.1:56655 - R:localhost/127.0.0.1:58541]
23:59:35.118 [AsyncHttpClient-1-1] DEBUG o.a.netty.channel.DefaultChannelPool - Entry count for : http://localhost:58541 : 1
23:59:35.118 [AsyncHttpClient-1-1] DEBUG o.a.netty.channel.DefaultChannelPool - Entry count for : http://localhost:56656 : 1
23:59:36.219 [AsyncHttpClient-1-1] DEBUG o.a.netty.channel.DefaultChannelPool - Entry count for : http://localhost:58541 : 1
23:59:36.219 [AsyncHttpClient-1-1] DEBUG o.a.netty.channel.DefaultChannelPool - Entry count for : http://localhost:56656 : 1
23:59:36.817 [Forwarding getAlertText on session b01a2beec15638c58f4125925ef614d6 to remote] DEBUG o.a.netty.request.NettyRequestSender - Using pooled Channel '[id: 0x0a0f14a9, L:/127.0.0.1:56655 - R:localhost/127.0.0.1:58541]' for 'GET' to 'http://localhost:58541/session/b01a2beec15638c58f4125925ef614d6/alert/text'
23:59:36.817 [Forwarding getAlertText on session b01a2beec15638c58f4125925ef614d6 to remote] DEBUG o.a.netty.request.NettyRequestSender - Using open Channel [id: 0x0a0f14a9, L:/127.0.0.1:56655 - R:localhost/127.0.0.1:58541] for GET '/session/b01a2beec15638c58f4125925ef614d6/alert/text'
23:59:36.819 [AsyncHttpClient-1-11] DEBUG o.a.netty.handler.HttpHandler - 

Request DefaultFullHttpRequest(decodeResult: success, version: HTTP/1.1, content: EmptyByteBufBE)
GET /session/b01a2beec15638c58f4125925ef614d6/alert/text HTTP/1.1
User-Agent: selenium/4.1.1 (java mac)
Cache-Control: no-cache
Content-Type: application/json; charset=utf-8
host: localhost:58541
accept: */*

Response DefaultHttpResponse(decodeResult: success, version: HTTP/1.1)
HTTP/1.1 200 OK
Content-Type: application/json; charset=utf-8
cache-control: no-cache
content-length: 21

23:59:36.819 [AsyncHttpClient-1-11] DEBUG o.a.netty.channel.ChannelManager - Adding key: http://localhost:58541 for channel [id: 0x0a0f14a9, L:/127.0.0.1:56655 - R:localhost/127.0.0.1:58541]
23:59:36.823 [Forwarding acceptAlert on session b01a2beec15638c58f4125925ef614d6 to remote] DEBUG o.a.netty.request.NettyRequestSender - Using pooled Channel '[id: 0x0a0f14a9, L:/127.0.0.1:56655 - R:localhost/127.0.0.1:58541]' for 'POST' to 'http://localhost:58541/session/b01a2beec15638c58f4125925ef614d6/alert/accept'
23:59:36.939 [Forwarding acceptAlert on session b01a2beec15638c58f4125925ef614d6 to remote] DEBUG o.a.netty.request.NettyRequestSender - Using open Channel [id: 0x0a0f14a9, L:/127.0.0.1:56655 - R:localhost/127.0.0.1:58541] for POST '/session/b01a2beec15638c58f4125925ef614d6/alert/accept'
23:59:36.944 [AsyncHttpClient-1-11] DEBUG o.a.netty.handler.HttpHandler - 

Request DefaultHttpRequest(decodeResult: success, version: HTTP/1.1)
POST /session/b01a2beec15638c58f4125925ef614d6/alert/accept HTTP/1.1
User-Agent: selenium/4.1.1 (java mac)
Content-Length: 3
Content-Type: application/json; charset=utf-8
host: localhost:58541
accept: */*

Response DefaultHttpResponse(decodeResult: success, version: HTTP/1.1)
HTTP/1.1 200 OK
Content-Type: application/json; charset=utf-8
cache-control: no-cache
content-length: 14

23:59:36.944 [AsyncHttpClient-1-11] DEBUG o.a.netty.channel.ChannelManager - Adding key: http://localhost:58541 for channel [id: 0x0a0f14a9, L:/127.0.0.1:56655 - R:localhost/127.0.0.1:58541]
23:59:37.318 [AsyncHttpClient-1-1] DEBUG o.a.netty.channel.DefaultChannelPool - Entry count for : http://localhost:58541 : 1
23:59:37.318 [AsyncHttpClient-1-1] DEBUG o.a.netty.channel.DefaultChannelPool - Entry count for : http://localhost:56656 : 1
23:59:38.418 [AsyncHttpClient-1-1] DEBUG o.a.netty.channel.DefaultChannelPool - Entry count for : http://localhost:58541 : 1
23:59:38.418 [AsyncHttpClient-1-1] DEBUG o.a.netty.channel.DefaultChannelPool - Entry count for : http://localhost:56656 : 1
23:59:38.952 [AsyncHttpClient-1-13] DEBUG o.a.netty.handler.WebSocketHandler - Channel Closed: [id: 0x511cfa49, L:/127.0.0.1:56661 ! R:localhost/127.0.0.1:56656] with attribute NettyResponseFuture{currentRetry=5,
	isDone=1,
	isCancelled=0,
	asyncHandler=org.asynchttpclient.ws.WebSocketUpgradeHandler@4a4a362e,
	nettyRequest=org.asynchttpclient.netty.request.NettyRequest@f48b103,
	future=java.util.concurrent.CompletableFuture@5d424519[Completed normally],
	uri=ws://localhost:56656/devtools/browser/a23e14b8-c058-450c-b13e-4beed0ae8662,
	keepAlive=true,
	redirectCount=0,
	timeoutsHolder=null,
	inAuth=0,
	touch=1644008365250}
23:59:38.952 [AsyncHttpClient-1-13] DEBUG o.a.netty.channel.ChannelManager - Closing Channel [id: 0x511cfa49, L:/127.0.0.1:56661 ! R:localhost/127.0.0.1:56656] 
23:59:38.952 [Driver Command Executor] DEBUG o.a.netty.request.NettyRequestSender - Using pooled Channel '[id: 0x0a0f14a9, L:/127.0.0.1:56655 - R:localhost/127.0.0.1:58541]' for 'DELETE' to 'http://localhost:58541/session/b01a2beec15638c58f4125925ef614d6'
23:59:38.952 [Driver Command Executor] DEBUG o.a.netty.request.NettyRequestSender - Using open Channel [id: 0x0a0f14a9, L:/127.0.0.1:56655 - R:localhost/127.0.0.1:58541] for DELETE '/session/b01a2beec15638c58f4125925ef614d6'
23:59:39.006 [AsyncHttpClient-1-12] DEBUG o.a.netty.handler.HttpHandler - Channel Closed: [id: 0x8e642bbb, L:/127.0.0.1:56660 ! R:localhost/127.0.0.1:56656] with attribute DISCARD
23:59:39.053 [AsyncHttpClient-1-11] DEBUG o.a.netty.handler.HttpHandler - 

Request DefaultFullHttpRequest(decodeResult: success, version: HTTP/1.1, content: EmptyByteBufBE)
DELETE /session/b01a2beec15638c58f4125925ef614d6 HTTP/1.1
User-Agent: selenium/4.1.1 (java mac)
Content-Type: application/json; charset=utf-8
host: localhost:58541
accept: */*

Response DefaultHttpResponse(decodeResult: success, version: HTTP/1.1)
HTTP/1.1 200 OK
Content-Type: application/json; charset=utf-8
cache-control: no-cache
content-length: 14

23:59:39.054 [AsyncHttpClient-1-11] DEBUG o.a.netty.channel.ChannelManager - Adding key: http://localhost:58541 for channel [id: 0x0a0f14a9, L:/127.0.0.1:56655 - R:localhost/127.0.0.1:58541]
23:59:39.100 [AsyncHttpClient-1-11] DEBUG o.a.netty.handler.HttpHandler - Channel Closed: [id: 0x0a0f14a9, L:/127.0.0.1:56655 ! R:localhost/127.0.0.1:58541] with attribute DISCARD
]]></system-out>
    <system-err><![CDATA[Starting ChromeDriver 97.0.4692.71 (adefa7837d02a07a604c1e6eff0b3a09422ab88d-refs/branch-heads/4692@{#1247}) on port 58541
Only local connections are allowed.
Please see https://chromedriver.chromium.org/security-considerations for suggestions on keeping ChromeDriver safe.
ChromeDriver was started successfully.
фев 04, 2022 11:59:25 PM org.openqa.selenium.remote.ProtocolHandshake createSession
INFO: Detected dialect: W3C
фев 04, 2022 11:59:25 PM org.openqa.selenium.devtools.CdpVersionFinder findNearestMatch
WARNING: Unable to find an exact match for CDP version 97, so returning the closest version found: 96
фев 04, 2022 11:59:25 PM org.openqa.selenium.devtools.CdpVersionFinder findNearestMatch
INFO: Found CDP implementation for version 97 of 96
]]></system-err>
  </testcase>
</testsuite>