<?xml version="1.0" encoding="UTF-8"?>
<testsuite xmlns:xsi="http://www.w3.org/2001/XMLSchema-instance" xsi:noNamespaceSchemaLocation="https://maven.apache.org/surefire/maven-surefire-plugin/xsd/surefire-test-report-3.0.xsd" version="3.0" name="com.geekbrains.lesson5.AfishaTest" time="38.053" tests="2" errors="0" skipped="0" failures="0">
  <properties>
[...]
</properties>
  <testcase name="hoverMenuTest" classname="com.geekbrains.lesson5.AfishaTest" time="12.785">
    <system-out><![CDATA[10:05:08.174 [main] DEBUG i.g.b.wdm.cache.ResolutionCache - Resolution chrome=97 in cache (valid until 11:04:46 08/02/2022 MSK)
10:05:08.175 [main] DEBUG i.g.b.wdm.cache.ResolutionCache - Resolution chrome97=97.0.4692.71 in cache (valid until 10:04:46 09/02/2022 MSK)
10:05:08.175 [main] INFO  i.g.bonigarcia.wdm.WebDriverManager - Using chromedriver 97.0.4692.71 (resolved driver for Chrome 97)
10:05:08.179 [main] DEBUG i.g.bonigarcia.wdm.WebDriverManager - Driver chromedriver 97.0.4692.71 found in cache
10:05:08.180 [main] INFO  i.g.bonigarcia.wdm.WebDriverManager - Exporting webdriver.chrome.driver as /Users/alexei77/.cache/selenium/chromedriver/mac64/97.0.4692.71/chromedriver
10:05:13.250 [AsyncHttpClient-1-5] DEBUG o.a.n.channel.NettyConnectListener - Using new Channel '[id: 0x6706d44f, L:/127.0.0.1:65075 - R:localhost/127.0.0.1:54252]' for 'POST' to '/session'
10:05:15.566 [AsyncHttpClient-1-5] DEBUG o.a.netty.handler.HttpHandler - 

Request DefaultHttpRequest(decodeResult: success, version: HTTP/1.1)
POST /session HTTP/1.1
User-Agent: selenium/4.1.1 (java mac)
Content-Length: 365
Content-Type: application/json; charset=utf-8
host: localhost:54252
accept: */*

Response DefaultHttpResponse(decodeResult: success, version: HTTP/1.1)
HTTP/1.1 200 OK
Content-Type: application/json; charset=utf-8
cache-control: no-cache
content-length: 798

10:05:15.571 [AsyncHttpClient-1-5] DEBUG o.a.netty.channel.ChannelManager - Adding key: http://localhost:54252 for channel [id: 0x6706d44f, L:/127.0.0.1:65075 - R:localhost/127.0.0.1:54252]
10:05:15.606 [AsyncHttpClient-1-6] DEBUG o.a.n.channel.NettyConnectListener - Using new Channel '[id: 0xdf3c21ec, L:/127.0.0.1:65080 - R:localhost/127.0.0.1:65076]' for 'GET' to '/json/version'
10:05:15.608 [AsyncHttpClient-1-6] DEBUG o.a.netty.handler.HttpHandler - 

Request DefaultFullHttpRequest(decodeResult: success, version: HTTP/1.1, content: EmptyByteBufBE)
GET /json/version HTTP/1.1
User-Agent: selenium/4.1.1 (java mac)
host: localhost:65076
accept: */*

Response DefaultHttpResponse(decodeResult: success, version: HTTP/1.1)
HTTP/1.1 200 OK
Content-Type: application/json; charset=UTF-8
content-length: 422

10:05:15.608 [AsyncHttpClient-1-6] DEBUG o.a.netty.channel.ChannelManager - Adding key: http://localhost:65076 for channel [id: 0xdf3c21ec, L:/127.0.0.1:65080 - R:localhost/127.0.0.1:65076]
10:05:15.617 [AsyncHttpClient-1-7] DEBUG o.a.n.channel.NettyConnectListener - Using new Channel '[id: 0x24fa7f50, L:/127.0.0.1:65081 - R:localhost/127.0.0.1:65076]' for 'GET' to '/devtools/browser/28e31fcf-3ca9-47c0-a5d1-f962de59d85c'
10:05:15.624 [AsyncHttpClient-1-7] DEBUG o.a.netty.handler.WebSocketHandler - 

Request DefaultFullHttpRequest(decodeResult: success, version: HTTP/1.1, content: EmptyByteBufBE)
GET /devtools/browser/28e31fcf-3ca9-47c0-a5d1-f962de59d85c HTTP/1.1
upgrade: websocket
connection: upgrade
sec-websocket-key: a0YyPI3jCuklZ9g+bahN1g==
sec-websocket-version: 13
origin: http://localhost:65076
host: localhost:65076
accept: */*
user-agent: AHC/2.1

Response DefaultHttpResponse(decodeResult: success, version: HTTP/1.1)
HTTP/1.1 101 WebSocket Protocol Handshake
Upgrade: WebSocket
Connection: Upgrade
Sec-WebSocket-Accept: I1MjSifptK0paxrcd1p6KIsHqk8=

10:05:15.638 [Forwarding get on session 7e4dc91f9f0175a2d2419027cb28efd6 to remote] DEBUG o.a.netty.request.NettyRequestSender - Using pooled Channel '[id: 0x6706d44f, L:/127.0.0.1:65075 - R:localhost/127.0.0.1:54252]' for 'POST' to 'http://localhost:54252/session/7e4dc91f9f0175a2d2419027cb28efd6/url'
10:05:15.638 [Forwarding get on session 7e4dc91f9f0175a2d2419027cb28efd6 to remote] DEBUG o.a.netty.request.NettyRequestSender - Using open Channel [id: 0x6706d44f, L:/127.0.0.1:65075 - R:localhost/127.0.0.1:54252] for POST '/session/7e4dc91f9f0175a2d2419027cb28efd6/url'
10:05:15.772 [AsyncHttpClient-1-1] DEBUG o.a.netty.channel.DefaultChannelPool - Entry count for : http://localhost:65076 : 1
10:05:16.873 [AsyncHttpClient-1-1] DEBUG o.a.netty.channel.DefaultChannelPool - Entry count for : http://localhost:65076 : 1
10:05:17.972 [AsyncHttpClient-1-1] DEBUG o.a.netty.channel.DefaultChannelPool - Entry count for : http://localhost:65076 : 1
10:05:19.073 [AsyncHttpClient-1-1] DEBUG o.a.netty.channel.DefaultChannelPool - Entry count for : http://localhost:65076 : 1
10:05:20.133 [AsyncHttpClient-1-5] DEBUG o.a.netty.handler.HttpHandler - 

Request DefaultHttpRequest(decodeResult: success, version: HTTP/1.1)
POST /session/7e4dc91f9f0175a2d2419027cb28efd6/url HTTP/1.1
User-Agent: selenium/4.1.1 (java mac)
Content-Length: 42
Content-Type: application/json; charset=utf-8
host: localhost:54252
accept: */*

Response DefaultHttpResponse(decodeResult: success, version: HTTP/1.1)
HTTP/1.1 200 OK
Content-Type: application/json; charset=utf-8
cache-control: no-cache
content-length: 14

10:05:20.136 [AsyncHttpClient-1-5] DEBUG o.a.netty.channel.ChannelManager - Adding key: http://localhost:54252 for channel [id: 0x6706d44f, L:/127.0.0.1:65075 - R:localhost/127.0.0.1:54252]
10:05:20.175 [AsyncHttpClient-1-1] DEBUG o.a.netty.channel.DefaultChannelPool - Entry count for : http://localhost:54252 : 1
10:05:20.176 [AsyncHttpClient-1-1] DEBUG o.a.netty.channel.DefaultChannelPool - Entry count for : http://localhost:65076 : 1
10:05:20.184 [Forwarding executeScript on session 7e4dc91f9f0175a2d2419027cb28efd6 to remote] DEBUG o.a.netty.request.NettyRequestSender - Using pooled Channel '[id: 0x6706d44f, L:/127.0.0.1:65075 - R:localhost/127.0.0.1:54252]' for 'POST' to 'http://localhost:54252/session/7e4dc91f9f0175a2d2419027cb28efd6/execute/sync'
10:05:20.184 [Forwarding executeScript on session 7e4dc91f9f0175a2d2419027cb28efd6 to remote] DEBUG o.a.netty.request.NettyRequestSender - Using open Channel [id: 0x6706d44f, L:/127.0.0.1:65075 - R:localhost/127.0.0.1:54252] for POST '/session/7e4dc91f9f0175a2d2419027cb28efd6/execute/sync'
10:05:20.201 [AsyncHttpClient-1-5] DEBUG o.a.netty.handler.HttpHandler - 

Request DefaultHttpRequest(decodeResult: success, version: HTTP/1.1)
POST /session/7e4dc91f9f0175a2d2419027cb28efd6/execute/sync HTTP/1.1
User-Agent: selenium/4.1.1 (java mac)
Content-Length: 387
Content-Type: application/json; charset=utf-8
host: localhost:54252
accept: */*

Response DefaultHttpResponse(decodeResult: success, version: HTTP/1.1)
HTTP/1.1 200 OK
Content-Type: application/json; charset=utf-8
cache-control: no-cache
content-length: 14

10:05:20.201 [AsyncHttpClient-1-5] DEBUG o.a.netty.channel.ChannelManager - Adding key: http://localhost:54252 for channel [id: 0x6706d44f, L:/127.0.0.1:65075 - R:localhost/127.0.0.1:54252]
10:05:21.272 [AsyncHttpClient-1-1] DEBUG o.a.netty.channel.DefaultChannelPool - Entry count for : http://localhost:54252 : 1
10:05:21.272 [AsyncHttpClient-1-1] DEBUG o.a.netty.channel.DefaultChannelPool - Entry count for : http://localhost:65076 : 1
10:05:22.375 [AsyncHttpClient-1-1] DEBUG o.a.netty.channel.DefaultChannelPool - Entry count for : http://localhost:54252 : 1
10:05:22.375 [AsyncHttpClient-1-1] DEBUG o.a.netty.channel.DefaultChannelPool - Entry count for : http://localhost:65076 : 1
10:05:23.476 [AsyncHttpClient-1-1] DEBUG o.a.netty.channel.DefaultChannelPool - Entry count for : http://localhost:54252 : 1
10:05:23.476 [AsyncHttpClient-1-1] DEBUG o.a.netty.channel.DefaultChannelPool - Entry count for : http://localhost:65076 : 1
10:05:24.574 [AsyncHttpClient-1-1] DEBUG o.a.netty.channel.DefaultChannelPool - Entry count for : http://localhost:54252 : 1
10:05:24.574 [AsyncHttpClient-1-1] DEBUG o.a.netty.channel.DefaultChannelPool - Entry count for : http://localhost:65076 : 1
10:05:25.205 [Forwarding findElement on session 7e4dc91f9f0175a2d2419027cb28efd6 to remote] DEBUG o.a.netty.request.NettyRequestSender - Using pooled Channel '[id: 0x6706d44f, L:/127.0.0.1:65075 - R:localhost/127.0.0.1:54252]' for 'POST' to 'http://localhost:54252/session/7e4dc91f9f0175a2d2419027cb28efd6/element'
10:05:25.205 [Forwarding findElement on session 7e4dc91f9f0175a2d2419027cb28efd6 to remote] DEBUG o.a.netty.request.NettyRequestSender - Using open Channel [id: 0x6706d44f, L:/127.0.0.1:65075 - R:localhost/127.0.0.1:54252] for POST '/session/7e4dc91f9f0175a2d2419027cb28efd6/element'
10:05:25.221 [AsyncHttpClient-1-5] DEBUG o.a.netty.handler.HttpHandler - 

Request DefaultHttpRequest(decodeResult: success, version: HTTP/1.1)
POST /session/7e4dc91f9f0175a2d2419027cb28efd6/element HTTP/1.1
User-Agent: selenium/4.1.1 (java mac)
Content-Length: 64
Content-Type: application/json; charset=utf-8
host: localhost:54252
accept: */*

Response DefaultHttpResponse(decodeResult: success, version: HTTP/1.1)
HTTP/1.1 200 OK
Content-Type: application/json; charset=utf-8
cache-control: no-cache
content-length: 88

10:05:25.221 [AsyncHttpClient-1-5] DEBUG o.a.netty.channel.ChannelManager - Adding key: http://localhost:54252 for channel [id: 0x6706d44f, L:/127.0.0.1:65075 - R:localhost/127.0.0.1:54252]
10:05:25.225 [Forwarding actions on session 7e4dc91f9f0175a2d2419027cb28efd6 to remote] DEBUG o.a.netty.request.NettyRequestSender - Using pooled Channel '[id: 0x6706d44f, L:/127.0.0.1:65075 - R:localhost/127.0.0.1:54252]' for 'POST' to 'http://localhost:54252/session/7e4dc91f9f0175a2d2419027cb28efd6/actions'
10:05:25.225 [Forwarding actions on session 7e4dc91f9f0175a2d2419027cb28efd6 to remote] DEBUG o.a.netty.request.NettyRequestSender - Using open Channel [id: 0x6706d44f, L:/127.0.0.1:65075 - R:localhost/127.0.0.1:54252] for POST '/session/7e4dc91f9f0175a2d2419027cb28efd6/actions'
10:05:25.356 [AsyncHttpClient-1-5] DEBUG o.a.netty.handler.HttpHandler - 

Request DefaultHttpRequest(decodeResult: success, version: HTTP/1.1)
POST /session/7e4dc91f9f0175a2d2419027cb28efd6/actions HTTP/1.1
User-Agent: selenium/4.1.1 (java mac)
Content-Length: 480
Content-Type: application/json; charset=utf-8
host: localhost:54252
accept: */*

Response DefaultHttpResponse(decodeResult: success, version: HTTP/1.1)
HTTP/1.1 200 OK
Content-Type: application/json; charset=utf-8
cache-control: no-cache
content-length: 14

10:05:25.356 [AsyncHttpClient-1-5] DEBUG o.a.netty.channel.ChannelManager - Adding key: http://localhost:54252 for channel [id: 0x6706d44f, L:/127.0.0.1:65075 - R:localhost/127.0.0.1:54252]
10:05:25.357 [Forwarding findElement on session 7e4dc91f9f0175a2d2419027cb28efd6 to remote] DEBUG o.a.netty.request.NettyRequestSender - Using pooled Channel '[id: 0x6706d44f, L:/127.0.0.1:65075 - R:localhost/127.0.0.1:54252]' for 'POST' to 'http://localhost:54252/session/7e4dc91f9f0175a2d2419027cb28efd6/element'
10:05:25.358 [Forwarding findElement on session 7e4dc91f9f0175a2d2419027cb28efd6 to remote] DEBUG o.a.netty.request.NettyRequestSender - Using open Channel [id: 0x6706d44f, L:/127.0.0.1:65075 - R:localhost/127.0.0.1:54252] for POST '/session/7e4dc91f9f0175a2d2419027cb28efd6/element'
10:05:25.368 [AsyncHttpClient-1-5] DEBUG o.a.netty.handler.HttpHandler - 

Request DefaultHttpRequest(decodeResult: success, version: HTTP/1.1)
POST /session/7e4dc91f9f0175a2d2419027cb28efd6/element HTTP/1.1
User-Agent: selenium/4.1.1 (java mac)
Content-Length: 118
Content-Type: application/json; charset=utf-8
host: localhost:54252
accept: */*

Response DefaultHttpResponse(decodeResult: success, version: HTTP/1.1)
HTTP/1.1 200 OK
Content-Type: application/json; charset=utf-8
cache-control: no-cache
content-length: 88

10:05:25.368 [AsyncHttpClient-1-5] DEBUG o.a.netty.channel.ChannelManager - Adding key: http://localhost:54252 for channel [id: 0x6706d44f, L:/127.0.0.1:65075 - R:localhost/127.0.0.1:54252]
10:05:25.370 [Forwarding clickElement on session 7e4dc91f9f0175a2d2419027cb28efd6 to remote] DEBUG o.a.netty.request.NettyRequestSender - Using pooled Channel '[id: 0x6706d44f, L:/127.0.0.1:65075 - R:localhost/127.0.0.1:54252]' for 'POST' to 'http://localhost:54252/session/7e4dc91f9f0175a2d2419027cb28efd6/element/d9a2c7e2-1606-4232-8add-a4b9d2278230/click'
10:05:25.370 [Forwarding clickElement on session 7e4dc91f9f0175a2d2419027cb28efd6 to remote] DEBUG o.a.netty.request.NettyRequestSender - Using open Channel [id: 0x6706d44f, L:/127.0.0.1:65075 - R:localhost/127.0.0.1:54252] for POST '/session/7e4dc91f9f0175a2d2419027cb28efd6/element/d9a2c7e2-1606-4232-8add-a4b9d2278230/click'
10:05:25.649 [AsyncHttpClient-1-5] DEBUG o.a.netty.handler.HttpHandler - 

Request DefaultHttpRequest(decodeResult: success, version: HTTP/1.1)
POST /session/7e4dc91f9f0175a2d2419027cb28efd6/element/d9a2c7e2-1606-4232-8add-a4b9d2278230/click HTTP/1.1
User-Agent: selenium/4.1.1 (java mac)
Content-Length: 50
Content-Type: application/json; charset=utf-8
host: localhost:54252
accept: */*

Response DefaultHttpResponse(decodeResult: success, version: HTTP/1.1)
HTTP/1.1 200 OK
Content-Type: application/json; charset=utf-8
cache-control: no-cache
content-length: 14

10:05:25.649 [AsyncHttpClient-1-5] DEBUG o.a.netty.channel.ChannelManager - Adding key: http://localhost:54252 for channel [id: 0x6706d44f, L:/127.0.0.1:65075 - R:localhost/127.0.0.1:54252]
10:05:25.651 [Forwarding getCurrentUrl on session 7e4dc91f9f0175a2d2419027cb28efd6 to remote] DEBUG o.a.netty.request.NettyRequestSender - Using pooled Channel '[id: 0x6706d44f, L:/127.0.0.1:65075 - R:localhost/127.0.0.1:54252]' for 'GET' to 'http://localhost:54252/session/7e4dc91f9f0175a2d2419027cb28efd6/url'
10:05:25.651 [Forwarding getCurrentUrl on session 7e4dc91f9f0175a2d2419027cb28efd6 to remote] DEBUG o.a.netty.request.NettyRequestSender - Using open Channel [id: 0x6706d44f, L:/127.0.0.1:65075 - R:localhost/127.0.0.1:54252] for GET '/session/7e4dc91f9f0175a2d2419027cb28efd6/url'
10:05:25.676 [AsyncHttpClient-1-1] DEBUG o.a.netty.channel.DefaultChannelPool - Entry count for : http://localhost:65076 : 1
10:05:25.800 [AsyncHttpClient-1-5] DEBUG o.a.netty.handler.HttpHandler - 

Request DefaultFullHttpRequest(decodeResult: success, version: HTTP/1.1, content: EmptyByteBufBE)
GET /session/7e4dc91f9f0175a2d2419027cb28efd6/url HTTP/1.1
User-Agent: selenium/4.1.1 (java mac)
Cache-Control: no-cache
Content-Type: application/json; charset=utf-8
host: localhost:54252
accept: */*

Response DefaultHttpResponse(decodeResult: success, version: HTTP/1.1)
HTTP/1.1 200 OK
Content-Type: application/json; charset=utf-8
cache-control: no-cache
content-length: 62

10:05:25.801 [AsyncHttpClient-1-5] DEBUG o.a.netty.channel.ChannelManager - Adding key: http://localhost:54252 for channel [id: 0x6706d44f, L:/127.0.0.1:65075 - R:localhost/127.0.0.1:54252]
10:05:25.817 [Driver Command Executor] DEBUG o.a.netty.request.NettyRequestSender - Using pooled Channel '[id: 0x6706d44f, L:/127.0.0.1:65075 - R:localhost/127.0.0.1:54252]' for 'DELETE' to 'http://localhost:54252/session/7e4dc91f9f0175a2d2419027cb28efd6'
10:05:25.817 [Driver Command Executor] DEBUG o.a.netty.request.NettyRequestSender - Using open Channel [id: 0x6706d44f, L:/127.0.0.1:65075 - R:localhost/127.0.0.1:54252] for DELETE '/session/7e4dc91f9f0175a2d2419027cb28efd6'
10:05:25.817 [AsyncHttpClient-1-7] DEBUG o.a.netty.handler.WebSocketHandler - Channel Closed: [id: 0x24fa7f50, L:/127.0.0.1:65081 ! R:localhost/127.0.0.1:65076] with attribute NettyResponseFuture{currentRetry=5,
	isDone=1,
	isCancelled=0,
	asyncHandler=org.asynchttpclient.ws.WebSocketUpgradeHandler@3feb9aea,
	nettyRequest=org.asynchttpclient.netty.request.NettyRequest@7ae90373,
	future=java.util.concurrent.CompletableFuture@50dca295[Completed normally],
	uri=ws://localhost:65076/devtools/browser/28e31fcf-3ca9-47c0-a5d1-f962de59d85c,
	keepAlive=true,
	redirectCount=0,
	timeoutsHolder=null,
	inAuth=0,
	touch=1644303915625}
10:05:25.817 [AsyncHttpClient-1-7] DEBUG o.a.netty.channel.ChannelManager - Closing Channel [id: 0x24fa7f50, L:/127.0.0.1:65081 ! R:localhost/127.0.0.1:65076] 
10:05:25.858 [AsyncHttpClient-1-6] DEBUG o.a.netty.handler.HttpHandler - Channel Closed: [id: 0xdf3c21ec, L:/127.0.0.1:65080 ! R:localhost/127.0.0.1:65076] with attribute DISCARD
10:05:25.876 [AsyncHttpClient-1-5] DEBUG o.a.netty.handler.HttpHandler - 

Request DefaultFullHttpRequest(decodeResult: success, version: HTTP/1.1, content: EmptyByteBufBE)
DELETE /session/7e4dc91f9f0175a2d2419027cb28efd6 HTTP/1.1
User-Agent: selenium/4.1.1 (java mac)
Content-Type: application/json; charset=utf-8
host: localhost:54252
accept: */*

Response DefaultHttpResponse(decodeResult: success, version: HTTP/1.1)
HTTP/1.1 200 OK
Content-Type: application/json; charset=utf-8
cache-control: no-cache
content-length: 14

10:05:25.879 [AsyncHttpClient-1-5] DEBUG o.a.netty.channel.ChannelManager - Adding key: http://localhost:54252 for channel [id: 0x6706d44f, L:/127.0.0.1:65075 - R:localhost/127.0.0.1:54252]
10:05:25.952 [AsyncHttpClient-1-5] DEBUG o.a.netty.handler.HttpHandler - Channel Closed: [id: 0x6706d44f, L:/127.0.0.1:65075 ! R:localhost/127.0.0.1:54252] with attribute DISCARD
]]></system-out>
    <system-err><![CDATA[Starting ChromeDriver 97.0.4692.71 (adefa7837d02a07a604c1e6eff0b3a09422ab88d-refs/branch-heads/4692@{#1247}) on port 54252
Only local connections are allowed.
Please see https://chromedriver.chromium.org/security-considerations for suggestions on keeping ChromeDriver safe.
ChromeDriver was started successfully.
фев 08, 2022 10:05:15 AM org.openqa.selenium.remote.ProtocolHandshake createSession
INFO: Detected dialect: W3C
фев 08, 2022 10:05:15 AM org.openqa.selenium.devtools.CdpVersionFinder findNearestMatch
WARNING: Unable to find an exact match for CDP version 97, so returning the closest version found: 96
фев 08, 2022 10:05:15 AM org.openqa.selenium.devtools.CdpVersionFinder findNearestMatch
INFO: Found CDP implementation for version 97 of 96
]]></system-err>
  </testcase>
  <testcase name="windowsTest" classname="com.geekbrains.lesson5.AfishaTest" time="15.221">
    <system-out><![CDATA[10:05:26.773 [AsyncHttpClient-1-1] DEBUG o.a.netty.channel.DefaultChannelPool - Entry count for : http://localhost:54252 : 1
10:05:26.773 [AsyncHttpClient-1-1] DEBUG o.a.netty.channel.DefaultChannelPool - Entry count for : http://localhost:65076 : 1
10:05:26.774 [AsyncHttpClient-1-1] DEBUG o.a.netty.channel.DefaultChannelPool - Adding Candidate expired Channel [id: 0x6706d44f, L:/127.0.0.1:65075 ! R:localhost/127.0.0.1:54252] isIdleTimeoutExpired=false isRemotelyClosed=true isTtlExpired=false
10:05:26.774 [AsyncHttpClient-1-1] DEBUG o.a.netty.channel.DefaultChannelPool - Closing Idle Channel [id: 0x6706d44f, L:/127.0.0.1:65075 ! R:localhost/127.0.0.1:54252]
10:05:26.774 [AsyncHttpClient-1-1] DEBUG o.a.netty.channel.DefaultChannelPool - Adding Candidate expired Channel [id: 0xdf3c21ec, L:/127.0.0.1:65080 ! R:localhost/127.0.0.1:65076] isIdleTimeoutExpired=false isRemotelyClosed=true isTtlExpired=false
10:05:26.774 [AsyncHttpClient-1-1] DEBUG o.a.netty.channel.DefaultChannelPool - Closing Idle Channel [id: 0xdf3c21ec, L:/127.0.0.1:65080 ! R:localhost/127.0.0.1:65076]
10:05:26.774 [AsyncHttpClient-1-1] DEBUG o.a.netty.channel.DefaultChannelPool - Closed 2 connections out of 2 in 0 ms
10:05:31.051 [AsyncHttpClient-1-8] DEBUG o.a.n.channel.NettyConnectListener - Using new Channel '[id: 0xeb846d89, L:/127.0.0.1:65217 - R:localhost/127.0.0.1:55942]' for 'POST' to '/session'
10:05:32.220 [AsyncHttpClient-1-8] DEBUG o.a.netty.handler.HttpHandler - 

Request DefaultHttpRequest(decodeResult: success, version: HTTP/1.1)
POST /session HTTP/1.1
User-Agent: selenium/4.1.1 (java mac)
Content-Length: 365
Content-Type: application/json; charset=utf-8
host: localhost:55942
accept: */*

Response DefaultHttpResponse(decodeResult: success, version: HTTP/1.1)
HTTP/1.1 200 OK
Content-Type: application/json; charset=utf-8
cache-control: no-cache
content-length: 798

10:05:32.220 [AsyncHttpClient-1-8] DEBUG o.a.netty.channel.ChannelManager - Adding key: http://localhost:55942 for channel [id: 0xeb846d89, L:/127.0.0.1:65217 - R:localhost/127.0.0.1:55942]
10:05:32.233 [AsyncHttpClient-1-9] DEBUG o.a.n.channel.NettyConnectListener - Using new Channel '[id: 0x42c0ec6e, L:/127.0.0.1:65222 - R:localhost/127.0.0.1:65218]' for 'GET' to '/json/version'
10:05:32.235 [AsyncHttpClient-1-9] DEBUG o.a.netty.handler.HttpHandler - 

Request DefaultFullHttpRequest(decodeResult: success, version: HTTP/1.1, content: EmptyByteBufBE)
GET /json/version HTTP/1.1
User-Agent: selenium/4.1.1 (java mac)
host: localhost:65218
accept: */*

Response DefaultHttpResponse(decodeResult: success, version: HTTP/1.1)
HTTP/1.1 200 OK
Content-Type: application/json; charset=UTF-8
content-length: 422

10:05:32.236 [AsyncHttpClient-1-9] DEBUG o.a.netty.channel.ChannelManager - Adding key: http://localhost:65218 for channel [id: 0x42c0ec6e, L:/127.0.0.1:65222 - R:localhost/127.0.0.1:65218]
10:05:32.239 [AsyncHttpClient-1-10] DEBUG o.a.n.channel.NettyConnectListener - Using new Channel '[id: 0x397750be, L:/127.0.0.1:65223 - R:localhost/127.0.0.1:65218]' for 'GET' to '/devtools/browser/62d4f381-43c7-49ce-b359-34eaf5f37a43'
10:05:32.240 [AsyncHttpClient-1-10] DEBUG o.a.netty.handler.WebSocketHandler - 

Request DefaultFullHttpRequest(decodeResult: success, version: HTTP/1.1, content: EmptyByteBufBE)
GET /devtools/browser/62d4f381-43c7-49ce-b359-34eaf5f37a43 HTTP/1.1
upgrade: websocket
connection: upgrade
sec-websocket-key: yTHXFxccvn9NBXIlqAouxg==
sec-websocket-version: 13
origin: http://localhost:65218
host: localhost:65218
accept: */*
user-agent: AHC/2.1

Response DefaultHttpResponse(decodeResult: success, version: HTTP/1.1)
HTTP/1.1 101 WebSocket Protocol Handshake
Upgrade: WebSocket
Connection: Upgrade
Sec-WebSocket-Accept: dLG/eGBwgN1HaMz8V4XDszDAb5U=

10:05:32.248 [Forwarding get on session bab44d7fda795ad436957e44233af1bd to remote] DEBUG o.a.netty.request.NettyRequestSender - Using pooled Channel '[id: 0xeb846d89, L:/127.0.0.1:65217 - R:localhost/127.0.0.1:55942]' for 'POST' to 'http://localhost:55942/session/bab44d7fda795ad436957e44233af1bd/url'
10:05:32.248 [Forwarding get on session bab44d7fda795ad436957e44233af1bd to remote] DEBUG o.a.netty.request.NettyRequestSender - Using open Channel [id: 0xeb846d89, L:/127.0.0.1:65217 - R:localhost/127.0.0.1:55942] for POST '/session/bab44d7fda795ad436957e44233af1bd/url'
10:05:32.276 [AsyncHttpClient-1-1] DEBUG o.a.netty.channel.DefaultChannelPool - Entry count for : http://localhost:65218 : 1
10:05:33.372 [AsyncHttpClient-1-1] DEBUG o.a.netty.channel.DefaultChannelPool - Entry count for : http://localhost:65218 : 1
10:05:34.475 [AsyncHttpClient-1-1] DEBUG o.a.netty.channel.DefaultChannelPool - Entry count for : http://localhost:65218 : 1
10:05:35.140 [AsyncHttpClient-1-8] DEBUG o.a.netty.handler.HttpHandler - 

Request DefaultHttpRequest(decodeResult: success, version: HTTP/1.1)
POST /session/bab44d7fda795ad436957e44233af1bd/url HTTP/1.1
User-Agent: selenium/4.1.1 (java mac)
Content-Length: 42
Content-Type: application/json; charset=utf-8
host: localhost:55942
accept: */*

Response DefaultHttpResponse(decodeResult: success, version: HTTP/1.1)
HTTP/1.1 200 OK
Content-Type: application/json; charset=utf-8
cache-control: no-cache
content-length: 14

10:05:35.141 [AsyncHttpClient-1-8] DEBUG o.a.netty.channel.ChannelManager - Adding key: http://localhost:55942 for channel [id: 0xeb846d89, L:/127.0.0.1:65217 - R:localhost/127.0.0.1:55942]
10:05:35.144 [Forwarding executeScript on session bab44d7fda795ad436957e44233af1bd to remote] DEBUG o.a.netty.request.NettyRequestSender - Using pooled Channel '[id: 0xeb846d89, L:/127.0.0.1:65217 - R:localhost/127.0.0.1:55942]' for 'POST' to 'http://localhost:55942/session/bab44d7fda795ad436957e44233af1bd/execute/sync'
10:05:35.144 [Forwarding executeScript on session bab44d7fda795ad436957e44233af1bd to remote] DEBUG o.a.netty.request.NettyRequestSender - Using open Channel [id: 0xeb846d89, L:/127.0.0.1:65217 - R:localhost/127.0.0.1:55942] for POST '/session/bab44d7fda795ad436957e44233af1bd/execute/sync'
10:05:35.250 [AsyncHttpClient-1-8] DEBUG o.a.netty.handler.HttpHandler - 

Request DefaultHttpRequest(decodeResult: success, version: HTTP/1.1)
POST /session/bab44d7fda795ad436957e44233af1bd/execute/sync HTTP/1.1
User-Agent: selenium/4.1.1 (java mac)
Content-Length: 48
Content-Type: application/json; charset=utf-8
host: localhost:55942
accept: */*

Response DefaultHttpResponse(decodeResult: success, version: HTTP/1.1)
HTTP/1.1 200 OK
Content-Type: application/json; charset=utf-8
cache-control: no-cache
content-length: 14

10:05:35.251 [AsyncHttpClient-1-8] DEBUG o.a.netty.channel.ChannelManager - Adding key: http://localhost:55942 for channel [id: 0xeb846d89, L:/127.0.0.1:65217 - R:localhost/127.0.0.1:55942]
10:05:35.252 [Forwarding getWindowHandles on session bab44d7fda795ad436957e44233af1bd to remote] DEBUG o.a.netty.request.NettyRequestSender - Using pooled Channel '[id: 0xeb846d89, L:/127.0.0.1:65217 - R:localhost/127.0.0.1:55942]' for 'GET' to 'http://localhost:55942/session/bab44d7fda795ad436957e44233af1bd/window/handles'
10:05:35.252 [Forwarding getWindowHandles on session bab44d7fda795ad436957e44233af1bd to remote] DEBUG o.a.netty.request.NettyRequestSender - Using open Channel [id: 0xeb846d89, L:/127.0.0.1:65217 - R:localhost/127.0.0.1:55942] for GET '/session/bab44d7fda795ad436957e44233af1bd/window/handles'
10:05:35.255 [AsyncHttpClient-1-8] DEBUG o.a.netty.handler.HttpHandler - 

Request DefaultFullHttpRequest(decodeResult: success, version: HTTP/1.1, content: EmptyByteBufBE)
GET /session/bab44d7fda795ad436957e44233af1bd/window/handles HTTP/1.1
User-Agent: selenium/4.1.1 (java mac)
Cache-Control: no-cache
Content-Type: application/json; charset=utf-8
host: localhost:55942
accept: */*

Response DefaultHttpResponse(decodeResult: success, version: HTTP/1.1)
HTTP/1.1 200 OK
Content-Type: application/json; charset=utf-8
cache-control: no-cache
content-length: 99

10:05:35.255 [AsyncHttpClient-1-8] DEBUG o.a.netty.channel.ChannelManager - Adding key: http://localhost:55942 for channel [id: 0xeb846d89, L:/127.0.0.1:65217 - R:localhost/127.0.0.1:55942]
10:05:35.273 [Forwarding switchToWindow on session bab44d7fda795ad436957e44233af1bd to remote] DEBUG o.a.netty.request.NettyRequestSender - Using pooled Channel '[id: 0xeb846d89, L:/127.0.0.1:65217 - R:localhost/127.0.0.1:55942]' for 'POST' to 'http://localhost:55942/session/bab44d7fda795ad436957e44233af1bd/window'
10:05:35.273 [Forwarding switchToWindow on session bab44d7fda795ad436957e44233af1bd to remote] DEBUG o.a.netty.request.NettyRequestSender - Using open Channel [id: 0xeb846d89, L:/127.0.0.1:65217 - R:localhost/127.0.0.1:55942] for POST '/session/bab44d7fda795ad436957e44233af1bd/window'
10:05:35.278 [AsyncHttpClient-1-8] DEBUG o.a.netty.handler.HttpHandler - 

Request DefaultHttpRequest(decodeResult: success, version: HTTP/1.1)
POST /session/bab44d7fda795ad436957e44233af1bd/window HTTP/1.1
User-Agent: selenium/4.1.1 (java mac)
Content-Length: 59
Content-Type: application/json; charset=utf-8
host: localhost:55942
accept: */*

Response DefaultHttpResponse(decodeResult: success, version: HTTP/1.1)
HTTP/1.1 200 OK
Content-Type: application/json; charset=utf-8
cache-control: no-cache
content-length: 14

10:05:35.278 [AsyncHttpClient-1-8] DEBUG o.a.netty.channel.ChannelManager - Adding key: http://localhost:55942 for channel [id: 0xeb846d89, L:/127.0.0.1:65217 - R:localhost/127.0.0.1:55942]
10:05:35.280 [Forwarding get on session bab44d7fda795ad436957e44233af1bd to remote] DEBUG o.a.netty.request.NettyRequestSender - Using pooled Channel '[id: 0xeb846d89, L:/127.0.0.1:65217 - R:localhost/127.0.0.1:55942]' for 'POST' to 'http://localhost:55942/session/bab44d7fda795ad436957e44233af1bd/url'
10:05:35.280 [Forwarding get on session bab44d7fda795ad436957e44233af1bd to remote] DEBUG o.a.netty.request.NettyRequestSender - Using open Channel [id: 0xeb846d89, L:/127.0.0.1:65217 - R:localhost/127.0.0.1:55942] for POST '/session/bab44d7fda795ad436957e44233af1bd/url'
10:05:35.574 [AsyncHttpClient-1-1] DEBUG o.a.netty.channel.DefaultChannelPool - Entry count for : http://localhost:65218 : 1
10:05:35.899 [AsyncHttpClient-1-8] DEBUG o.a.netty.handler.HttpHandler - 

Request DefaultHttpRequest(decodeResult: success, version: HTTP/1.1)
POST /session/bab44d7fda795ad436957e44233af1bd/url HTTP/1.1
User-Agent: selenium/4.1.1 (java mac)
Content-Length: 38
Content-Type: application/json; charset=utf-8
host: localhost:55942
accept: */*

Response DefaultHttpResponse(decodeResult: success, version: HTTP/1.1)
HTTP/1.1 200 OK
Content-Type: application/json; charset=utf-8
cache-control: no-cache
content-length: 14

10:05:35.900 [AsyncHttpClient-1-8] DEBUG o.a.netty.channel.ChannelManager - Adding key: http://localhost:55942 for channel [id: 0xeb846d89, L:/127.0.0.1:65217 - R:localhost/127.0.0.1:55942]
10:05:36.674 [AsyncHttpClient-1-1] DEBUG o.a.netty.channel.DefaultChannelPool - Entry count for : http://localhost:65218 : 1
10:05:36.674 [AsyncHttpClient-1-1] DEBUG o.a.netty.channel.DefaultChannelPool - Entry count for : http://localhost:55942 : 1
10:05:37.774 [AsyncHttpClient-1-1] DEBUG o.a.netty.channel.DefaultChannelPool - Entry count for : http://localhost:65218 : 1
10:05:37.774 [AsyncHttpClient-1-1] DEBUG o.a.netty.channel.DefaultChannelPool - Entry count for : http://localhost:55942 : 1
10:05:38.877 [AsyncHttpClient-1-1] DEBUG o.a.netty.channel.DefaultChannelPool - Entry count for : http://localhost:65218 : 1
10:05:38.877 [AsyncHttpClient-1-1] DEBUG o.a.netty.channel.DefaultChannelPool - Entry count for : http://localhost:55942 : 1
10:05:38.903 [Forwarding switchToWindow on session bab44d7fda795ad436957e44233af1bd to remote] DEBUG o.a.netty.request.NettyRequestSender - Using pooled Channel '[id: 0xeb846d89, L:/127.0.0.1:65217 - R:localhost/127.0.0.1:55942]' for 'POST' to 'http://localhost:55942/session/bab44d7fda795ad436957e44233af1bd/window'
10:05:38.903 [Forwarding switchToWindow on session bab44d7fda795ad436957e44233af1bd to remote] DEBUG o.a.netty.request.NettyRequestSender - Using open Channel [id: 0xeb846d89, L:/127.0.0.1:65217 - R:localhost/127.0.0.1:55942] for POST '/session/bab44d7fda795ad436957e44233af1bd/window'
10:05:38.931 [AsyncHttpClient-1-8] DEBUG o.a.netty.handler.HttpHandler - 

Request DefaultHttpRequest(decodeResult: success, version: HTTP/1.1)
POST /session/bab44d7fda795ad436957e44233af1bd/window HTTP/1.1
User-Agent: selenium/4.1.1 (java mac)
Content-Length: 59
Content-Type: application/json; charset=utf-8
host: localhost:55942
accept: */*

Response DefaultHttpResponse(decodeResult: success, version: HTTP/1.1)
HTTP/1.1 200 OK
Content-Type: application/json; charset=utf-8
cache-control: no-cache
content-length: 14

10:05:38.931 [AsyncHttpClient-1-8] DEBUG o.a.netty.channel.ChannelManager - Adding key: http://localhost:55942 for channel [id: 0xeb846d89, L:/127.0.0.1:65217 - R:localhost/127.0.0.1:55942]
10:05:39.973 [AsyncHttpClient-1-1] DEBUG o.a.netty.channel.DefaultChannelPool - Entry count for : http://localhost:65218 : 1
10:05:39.973 [AsyncHttpClient-1-1] DEBUG o.a.netty.channel.DefaultChannelPool - Entry count for : http://localhost:55942 : 1
10:05:41.076 [AsyncHttpClient-1-1] DEBUG o.a.netty.channel.DefaultChannelPool - Entry count for : http://localhost:65218 : 1
10:05:41.076 [AsyncHttpClient-1-1] DEBUG o.a.netty.channel.DefaultChannelPool - Entry count for : http://localhost:55942 : 1
10:05:41.946 [Forwarding executeScript on session bab44d7fda795ad436957e44233af1bd to remote] DEBUG o.a.netty.request.NettyRequestSender - Using pooled Channel '[id: 0xeb846d89, L:/127.0.0.1:65217 - R:localhost/127.0.0.1:55942]' for 'POST' to 'http://localhost:55942/session/bab44d7fda795ad436957e44233af1bd/execute/sync'
10:05:41.946 [Forwarding executeScript on session bab44d7fda795ad436957e44233af1bd to remote] DEBUG o.a.netty.request.NettyRequestSender - Using open Channel [id: 0xeb846d89, L:/127.0.0.1:65217 - R:localhost/127.0.0.1:55942] for POST '/session/bab44d7fda795ad436957e44233af1bd/execute/sync'
10:05:42.023 [AsyncHttpClient-1-8] DEBUG o.a.netty.handler.HttpHandler - 

Request DefaultHttpRequest(decodeResult: success, version: HTTP/1.1)
POST /session/bab44d7fda795ad436957e44233af1bd/execute/sync HTTP/1.1
User-Agent: selenium/4.1.1 (java mac)
Content-Length: 55
Content-Type: application/json; charset=utf-8
host: localhost:55942
accept: */*

Response DefaultHttpResponse(decodeResult: success, version: HTTP/1.1)
HTTP/1.1 200 OK
Content-Type: application/json; charset=utf-8
cache-control: no-cache
content-length: 14

10:05:42.023 [AsyncHttpClient-1-8] DEBUG o.a.netty.channel.ChannelManager - Adding key: http://localhost:55942 for channel [id: 0xeb846d89, L:/127.0.0.1:65217 - R:localhost/127.0.0.1:55942]
10:05:42.174 [AsyncHttpClient-1-1] DEBUG o.a.netty.channel.DefaultChannelPool - Entry count for : http://localhost:65218 : 1
10:05:42.174 [AsyncHttpClient-1-1] DEBUG o.a.netty.channel.DefaultChannelPool - Entry count for : http://localhost:55942 : 1
10:05:43.275 [AsyncHttpClient-1-1] DEBUG o.a.netty.channel.DefaultChannelPool - Entry count for : http://localhost:65218 : 1
10:05:43.276 [AsyncHttpClient-1-1] DEBUG o.a.netty.channel.DefaultChannelPool - Entry count for : http://localhost:55942 : 1
10:05:44.029 [Forwarding getAlertText on session bab44d7fda795ad436957e44233af1bd to remote] DEBUG o.a.netty.request.NettyRequestSender - Using pooled Channel '[id: 0xeb846d89, L:/127.0.0.1:65217 - R:localhost/127.0.0.1:55942]' for 'GET' to 'http://localhost:55942/session/bab44d7fda795ad436957e44233af1bd/alert/text'
10:05:44.029 [Forwarding getAlertText on session bab44d7fda795ad436957e44233af1bd to remote] DEBUG o.a.netty.request.NettyRequestSender - Using open Channel [id: 0xeb846d89, L:/127.0.0.1:65217 - R:localhost/127.0.0.1:55942] for GET '/session/bab44d7fda795ad436957e44233af1bd/alert/text'
10:05:44.031 [AsyncHttpClient-1-8] DEBUG o.a.netty.handler.HttpHandler - 

Request DefaultFullHttpRequest(decodeResult: success, version: HTTP/1.1, content: EmptyByteBufBE)
GET /session/bab44d7fda795ad436957e44233af1bd/alert/text HTTP/1.1
User-Agent: selenium/4.1.1 (java mac)
Cache-Control: no-cache
Content-Type: application/json; charset=utf-8
host: localhost:55942
accept: */*

Response DefaultHttpResponse(decodeResult: success, version: HTTP/1.1)
HTTP/1.1 200 OK
Content-Type: application/json; charset=utf-8
cache-control: no-cache
content-length: 21

10:05:44.032 [AsyncHttpClient-1-8] DEBUG o.a.netty.channel.ChannelManager - Adding key: http://localhost:55942 for channel [id: 0xeb846d89, L:/127.0.0.1:65217 - R:localhost/127.0.0.1:55942]
10:05:44.036 [Forwarding acceptAlert on session bab44d7fda795ad436957e44233af1bd to remote] DEBUG o.a.netty.request.NettyRequestSender - Using pooled Channel '[id: 0xeb846d89, L:/127.0.0.1:65217 - R:localhost/127.0.0.1:55942]' for 'POST' to 'http://localhost:55942/session/bab44d7fda795ad436957e44233af1bd/alert/accept'
10:05:44.036 [Forwarding acceptAlert on session bab44d7fda795ad436957e44233af1bd to remote] DEBUG o.a.netty.request.NettyRequestSender - Using open Channel [id: 0xeb846d89, L:/127.0.0.1:65217 - R:localhost/127.0.0.1:55942] for POST '/session/bab44d7fda795ad436957e44233af1bd/alert/accept'
10:05:44.040 [AsyncHttpClient-1-8] DEBUG o.a.netty.handler.HttpHandler - 

Request DefaultHttpRequest(decodeResult: success, version: HTTP/1.1)
POST /session/bab44d7fda795ad436957e44233af1bd/alert/accept HTTP/1.1
User-Agent: selenium/4.1.1 (java mac)
Content-Length: 3
Content-Type: application/json; charset=utf-8
host: localhost:55942
accept: */*

Response DefaultHttpResponse(decodeResult: success, version: HTTP/1.1)
HTTP/1.1 200 OK
Content-Type: application/json; charset=utf-8
cache-control: no-cache
content-length: 14

10:05:44.041 [AsyncHttpClient-1-8] DEBUG o.a.netty.channel.ChannelManager - Adding key: http://localhost:55942 for channel [id: 0xeb846d89, L:/127.0.0.1:65217 - R:localhost/127.0.0.1:55942]
10:05:44.373 [AsyncHttpClient-1-1] DEBUG o.a.netty.channel.DefaultChannelPool - Entry count for : http://localhost:65218 : 1
10:05:44.373 [AsyncHttpClient-1-1] DEBUG o.a.netty.channel.DefaultChannelPool - Entry count for : http://localhost:55942 : 1
10:05:45.473 [AsyncHttpClient-1-1] DEBUG o.a.netty.channel.DefaultChannelPool - Entry count for : http://localhost:65218 : 1
10:05:45.474 [AsyncHttpClient-1-1] DEBUG o.a.netty.channel.DefaultChannelPool - Entry count for : http://localhost:55942 : 1
10:05:46.047 [Driver Command Executor] DEBUG o.a.netty.request.NettyRequestSender - Using pooled Channel '[id: 0xeb846d89, L:/127.0.0.1:65217 - R:localhost/127.0.0.1:55942]' for 'DELETE' to 'http://localhost:55942/session/bab44d7fda795ad436957e44233af1bd'
10:05:46.047 [AsyncHttpClient-1-10] DEBUG o.a.netty.handler.WebSocketHandler - Channel Closed: [id: 0x397750be, L:/127.0.0.1:65223 ! R:localhost/127.0.0.1:65218] with attribute NettyResponseFuture{currentRetry=5,
	isDone=1,
	isCancelled=0,
	asyncHandler=org.asynchttpclient.ws.WebSocketUpgradeHandler@2898a18f,
	nettyRequest=org.asynchttpclient.netty.request.NettyRequest@6d9a2af8,
	future=java.util.concurrent.CompletableFuture@49092286[Completed normally],
	uri=ws://localhost:65218/devtools/browser/62d4f381-43c7-49ce-b359-34eaf5f37a43,
	keepAlive=true,
	redirectCount=0,
	timeoutsHolder=null,
	inAuth=0,
	touch=1644303932241}
10:05:46.047 [Driver Command Executor] DEBUG o.a.netty.request.NettyRequestSender - Using open Channel [id: 0xeb846d89, L:/127.0.0.1:65217 - R:localhost/127.0.0.1:55942] for DELETE '/session/bab44d7fda795ad436957e44233af1bd'
10:05:46.048 [AsyncHttpClient-1-10] DEBUG o.a.netty.channel.ChannelManager - Closing Channel [id: 0x397750be, L:/127.0.0.1:65223 ! R:localhost/127.0.0.1:65218] 
10:05:46.097 [AsyncHttpClient-1-9] DEBUG o.a.netty.handler.HttpHandler - Channel Closed: [id: 0x42c0ec6e, L:/127.0.0.1:65222 ! R:localhost/127.0.0.1:65218] with attribute DISCARD
10:05:46.102 [AsyncHttpClient-1-8] DEBUG o.a.netty.handler.HttpHandler - 

Request DefaultFullHttpRequest(decodeResult: success, version: HTTP/1.1, content: EmptyByteBufBE)
DELETE /session/bab44d7fda795ad436957e44233af1bd HTTP/1.1
User-Agent: selenium/4.1.1 (java mac)
Content-Type: application/json; charset=utf-8
host: localhost:55942
accept: */*

Response DefaultHttpResponse(decodeResult: success, version: HTTP/1.1)
HTTP/1.1 200 OK
Content-Type: application/json; charset=utf-8
cache-control: no-cache
content-length: 14

10:05:46.102 [AsyncHttpClient-1-8] DEBUG o.a.netty.channel.ChannelManager - Adding key: http://localhost:55942 for channel [id: 0xeb846d89, L:/127.0.0.1:65217 - R:localhost/127.0.0.1:55942]
10:05:46.170 [AsyncHttpClient-1-8] DEBUG o.a.netty.handler.HttpHandler - Channel Closed: [id: 0xeb846d89, L:/127.0.0.1:65217 ! R:localhost/127.0.0.1:55942] with attribute DISCARD
]]></system-out>
    <system-err><![CDATA[Starting ChromeDriver 97.0.4692.71 (adefa7837d02a07a604c1e6eff0b3a09422ab88d-refs/branch-heads/4692@{#1247}) on port 55942
Only local connections are allowed.
Please see https://chromedriver.chromium.org/security-considerations for suggestions on keeping ChromeDriver safe.
ChromeDriver was started successfully.
фев 08, 2022 10:05:32 AM org.openqa.selenium.remote.ProtocolHandshake createSession
INFO: Detected dialect: W3C
фев 08, 2022 10:05:32 AM org.openqa.selenium.devtools.CdpVersionFinder findNearestMatch
WARNING: Unable to find an exact match for CDP version 97, so returning the closest version found: 96
фев 08, 2022 10:05:32 AM org.openqa.selenium.devtools.CdpVersionFinder findNearestMatch
INFO: Found CDP implementation for version 97 of 96
]]></system-err>
  </testcase>
</testsuite>